0 verbose cli C:\Program Files\nodejs\node.exe C:\Users\BHUWAN\AppData\Roaming\npm\node_modules\npm\bin\npm-cli.js
1 info using npm@10.9.0
2 info using node@v22.16.0
3 silly config load:file:C:\Users\BHUWAN\AppData\Roaming\npm\node_modules\npm\npmrc
4 silly config load:file:C:\Users\BHUWAN\OneDrive\Desktop\JATINPAGE\ProductPulse-1\.npmrc
5 silly config load:file:C:\Users\BHUWAN\.npmrc
6 silly config load:file:C:\Users\BHUWAN\AppData\Roaming\npm\etc\npmrc
7 verbose title npm install nodemailer@latest
8 verbose argv "install" "nodemailer@latest"
9 verbose logfile logs-max:10 dir:C:\Users\BHUWAN\OneDrive\Desktop\JATINPAGE\ProductPulse-1\UsersBHUWANAppDataLocalnpm-cache\_logs\2025-06-25T09_28_13_360Z-
10 verbose logfile C:\Users\BHUWAN\OneDrive\Desktop\JATINPAGE\ProductPulse-1\UsersBHUWANAppDataLocalnpm-cache\_logs\2025-06-25T09_28_13_360Z-debug-0.log
11 silly logfile start cleaning logs, removing 1 files
12 silly packumentCache heap:4345298944 maxSize:1086324736 maxEntrySize:543162368
13 silly logfile done cleaning log files
14 silly packumentCache corgi:https://registry.npmjs.org/nodemailer cache-miss
15 http fetch GET 200 https://registry.npmjs.org/nodemailer 275ms (cache miss)
16 silly packumentCache corgi:https://registry.npmjs.org/nodemailer set size:undefined disposed:false
17 silly idealTree buildDeps
18 silly fetch manifest nodemailer@7.0.3
19 silly packumentCache full:https://registry.npmjs.org/nodemailer cache-miss
20 http fetch GET 200 https://registry.npmjs.org/nodemailer 168ms (cache miss)
21 silly packumentCache full:https://registry.npmjs.org/nodemailer set size:undefined disposed:false
22 silly placeDep ROOT nodemailer@7.0.3 OK for: rest-express@1.0.0 want: 7.0.3
23 silly reify moves {}
24 silly audit bulk request {
24 silly audit   '@alloc/quick-lru': [ '5.2.0' ],
24 silly audit   '@ampproject/remapping': [ '2.3.0' ],
24 silly audit   '@babel/code-frame': [ '7.26.2' ],
24 silly audit   '@babel/compat-data': [ '7.26.2' ],
24 silly audit   '@babel/core': [ '7.26.0' ],
24 silly audit   '@babel/generator': [ '7.26.9' ],
24 silly audit   '@babel/helper-compilation-targets': [ '7.25.9' ],
24 silly audit   '@babel/helper-module-imports': [ '7.25.9' ],
24 silly audit   '@babel/helper-module-transforms': [ '7.26.0' ],
24 silly audit   '@babel/helper-plugin-utils': [ '7.25.9' ],
24 silly audit   '@babel/helper-string-parser': [ '7.25.9' ],
24 silly audit   '@babel/helper-validator-identifier': [ '7.25.9' ],
24 silly audit   '@babel/helper-validator-option': [ '7.25.9' ],
24 silly audit   '@babel/helpers': [ '7.26.0' ],
24 silly audit   '@babel/parser': [ '7.26.9' ],
24 silly audit   '@babel/plugin-transform-react-jsx-self': [ '7.25.9' ],
24 silly audit   '@babel/plugin-transform-react-jsx-source': [ '7.25.9' ],
24 silly audit   '@babel/runtime': [ '7.27.0' ],
24 silly audit   '@babel/template': [ '7.26.9' ],
24 silly audit   '@babel/traverse': [ '7.26.9' ],
24 silly audit   '@babel/types': [ '7.26.9' ],
24 silly audit   '@drizzle-team/brocli': [ '0.10.2' ],
24 silly audit   '@esbuild-kit/core-utils': [ '3.3.2' ],
24 silly audit   '@esbuild/android-arm': [ '0.18.20', '0.25.0', '0.19.12', '0.21.5' ],
24 silly audit   '@esbuild/android-arm64': [ '0.18.20', '0.25.0', '0.19.12', '0.21.5' ],
24 silly audit   '@esbuild/android-x64': [ '0.18.20', '0.25.0', '0.19.12', '0.21.5' ],
24 silly audit   '@esbuild/darwin-arm64': [ '0.18.20', '0.25.0', '0.19.12', '0.21.5' ],
24 silly audit   '@esbuild/darwin-x64': [ '0.18.20', '0.25.0', '0.19.12', '0.21.5' ],
24 silly audit   '@esbuild/freebsd-arm64': [ '0.18.20', '0.25.0', '0.19.12', '0.21.5' ],
24 silly audit   '@esbuild/freebsd-x64': [ '0.18.20', '0.25.0', '0.19.12', '0.21.5' ],
24 silly audit   '@esbuild/linux-arm': [ '0.18.20', '0.25.0', '0.19.12', '0.21.5' ],
24 silly audit   '@esbuild/linux-arm64': [ '0.18.20', '0.25.0', '0.19.12', '0.21.5' ],
24 silly audit   '@esbuild/linux-ia32': [ '0.18.20', '0.25.0', '0.19.12', '0.21.5' ],
24 silly audit   '@esbuild/linux-loong64': [ '0.18.20', '0.25.0', '0.19.12', '0.21.5' ],
24 silly audit   '@esbuild/linux-mips64el': [ '0.18.20', '0.25.0', '0.19.12', '0.21.5' ],
24 silly audit   '@esbuild/linux-ppc64': [ '0.18.20', '0.25.0', '0.19.12', '0.21.5' ],
24 silly audit   '@esbuild/linux-riscv64': [ '0.18.20', '0.25.0', '0.19.12', '0.21.5' ],
24 silly audit   '@esbuild/linux-s390x': [ '0.18.20', '0.25.0', '0.19.12', '0.21.5' ],
24 silly audit   '@esbuild/linux-x64': [ '0.18.20', '0.25.0', '0.19.12', '0.21.5' ],
24 silly audit   '@esbuild/netbsd-x64': [ '0.18.20', '0.25.0', '0.19.12', '0.21.5' ],
24 silly audit   '@esbuild/openbsd-x64': [ '0.18.20', '0.25.0', '0.19.12', '0.21.5' ],
24 silly audit   '@esbuild/sunos-x64': [ '0.18.20', '0.25.0', '0.19.12', '0.21.5' ],
24 silly audit   '@esbuild/win32-arm64': [ '0.18.20', '0.25.0', '0.19.12', '0.21.5' ],
24 silly audit   '@esbuild/win32-ia32': [ '0.18.20', '0.25.0', '0.19.12', '0.21.5' ],
24 silly audit   '@esbuild/win32-x64': [ '0.18.20', '0.25.0', '0.19.12', '0.21.5' ],
24 silly audit   esbuild: [ '0.18.20', '0.19.12', '0.25.0', '0.21.5' ],
24 silly audit   '@esbuild-kit/esm-loader': [ '2.6.5' ],
24 silly audit   '@esbuild/aix-ppc64': [ '0.25.0', '0.19.12', '0.21.5' ],
24 silly audit   '@esbuild/netbsd-arm64': [ '0.25.0' ],
24 silly audit   '@esbuild/openbsd-arm64': [ '0.25.0' ],
24 silly audit   '@floating-ui/core': [ '1.6.9' ],
24 silly audit   '@floating-ui/dom': [ '1.6.13' ],
24 silly audit   '@floating-ui/react-dom': [ '2.1.2' ],
24 silly audit   '@floating-ui/utils': [ '0.2.9' ],
24 silly audit   '@hookform/resolvers': [ '3.10.0' ],
24 silly audit   '@isaacs/cliui': [ '8.0.2' ],
24 silly audit   '@jridgewell/gen-mapping': [ '0.3.5' ],
24 silly audit   '@jridgewell/resolve-uri': [ '3.1.2' ],
24 silly audit   '@jridgewell/set-array': [ '1.2.1' ],
24 silly audit   '@jridgewell/sourcemap-codec': [ '1.5.0' ],
24 silly audit   '@jridgewell/trace-mapping': [ '0.3.25' ],
24 silly audit   '@mongodb-js/saslprep': [ '1.3.0' ],
24 silly audit   '@neondatabase/serverless': [ '0.10.4' ],
24 silly audit   '@nodelib/fs.scandir': [ '2.1.5' ],
24 silly audit   '@nodelib/fs.stat': [ '2.0.5' ],
24 silly audit   '@nodelib/fs.walk': [ '1.2.8' ],
24 silly audit   '@pkgjs/parseargs': [ '0.11.0' ],
24 silly audit   '@radix-ui/number': [ '1.1.1' ],
24 silly audit   '@radix-ui/primitive': [ '1.1.2' ],
24 silly audit   '@radix-ui/react-accordion': [ '1.2.4' ],
24 silly audit   '@radix-ui/react-alert-dialog': [ '1.1.7' ],
24 silly audit   '@radix-ui/react-arrow': [ '1.1.3' ],
24 silly audit   '@radix-ui/react-aspect-ratio': [ '1.1.3' ],
24 silly audit   '@radix-ui/react-avatar': [ '1.1.4' ],
24 silly audit   '@radix-ui/react-checkbox': [ '1.1.5' ],
24 silly audit   '@radix-ui/react-collapsible': [ '1.1.4' ],
24 silly audit   '@radix-ui/react-collection': [ '1.1.3' ],
24 silly audit   '@radix-ui/react-compose-refs': [ '1.1.2' ],
24 silly audit   '@radix-ui/react-context': [ '1.1.2' ],
24 silly audit   '@radix-ui/react-context-menu': [ '2.2.7' ],
24 silly audit   '@radix-ui/react-dialog': [ '1.1.7' ],
24 silly audit   '@radix-ui/react-direction': [ '1.1.1' ],
24 silly audit   '@radix-ui/react-dismissable-layer': [ '1.1.6' ],
24 silly audit   '@radix-ui/react-dropdown-menu': [ '2.1.7' ],
24 silly audit   '@radix-ui/react-focus-guards': [ '1.1.2' ],
24 silly audit   '@radix-ui/react-focus-scope': [ '1.1.3' ],
24 silly audit   '@radix-ui/react-hover-card': [ '1.1.7' ],
24 silly audit   '@radix-ui/react-id': [ '1.1.1' ],
24 silly audit   '@radix-ui/react-label': [ '2.1.3' ],
24 silly audit   '@radix-ui/react-menu': [ '2.1.7' ],
24 silly audit   '@radix-ui/react-menubar': [ '1.1.7' ],
24 silly audit   '@radix-ui/react-navigation-menu': [ '1.2.6' ],
24 silly audit   '@radix-ui/react-popover': [ '1.1.7' ],
24 silly audit   '@radix-ui/react-popper': [ '1.2.3' ],
24 silly audit   '@radix-ui/react-portal': [ '1.1.5' ],
24 silly audit   '@radix-ui/react-presence': [ '1.1.3' ],
24 silly audit   '@radix-ui/react-primitive': [ '2.0.3' ],
24 silly audit   '@radix-ui/react-progress': [ '1.1.3' ],
24 silly audit   '@radix-ui/react-radio-group': [ '1.2.4' ],
24 silly audit   '@radix-ui/react-roving-focus': [ '1.1.3' ],
24 silly audit   '@radix-ui/react-scroll-area': [ '1.2.4' ],
24 silly audit   '@radix-ui/react-select': [ '2.1.7' ],
24 silly audit   '@radix-ui/react-separator': [ '1.1.3' ],
24 silly audit   '@radix-ui/react-slider': [ '1.2.4' ],
24 silly audit   '@radix-ui/react-slot': [ '1.2.0' ],
24 silly audit   '@radix-ui/react-switch': [ '1.1.4' ],
24 silly audit   '@radix-ui/react-tabs': [ '1.1.4' ],
24 silly audit   '@radix-ui/react-toast': [ '1.2.7' ],
24 silly audit   '@radix-ui/react-toggle': [ '1.1.3' ],
24 silly audit   '@radix-ui/react-toggle-group': [ '1.1.3' ],
24 silly audit   '@radix-ui/react-tooltip': [ '1.2.0' ],
24 silly audit   '@radix-ui/react-use-callback-ref': [ '1.1.1' ],
24 silly audit   '@radix-ui/react-use-controllable-state': [ '1.1.1' ],
24 silly audit   '@radix-ui/react-use-escape-keydown': [ '1.1.1' ],
24 silly audit   '@radix-ui/react-use-layout-effect': [ '1.1.1' ],
24 silly audit   '@radix-ui/react-use-previous': [ '1.1.1' ],
24 silly audit   '@radix-ui/react-use-rect': [ '1.1.1' ],
24 silly audit   '@radix-ui/react-use-size': [ '1.1.1' ],
24 silly audit   '@radix-ui/react-visually-hidden': [ '1.1.3' ],
24 silly audit   '@radix-ui/rect': [ '1.1.1' ],
24 silly audit   '@replit/vite-plugin-cartographer': [ '0.2.3' ],
24 silly audit   '@replit/vite-plugin-runtime-error-modal': [ '0.0.3' ],
24 silly audit   '@rollup/rollup-android-arm-eabi': [ '4.24.4' ],
24 silly audit   '@rollup/rollup-android-arm64': [ '4.24.4' ],
24 silly audit   '@rollup/rollup-darwin-arm64': [ '4.24.4' ],
24 silly audit   '@rollup/rollup-darwin-x64': [ '4.24.4' ],
24 silly audit   '@rollup/rollup-freebsd-arm64': [ '4.24.4' ],
24 silly audit   '@rollup/rollup-freebsd-x64': [ '4.24.4' ],
24 silly audit   '@rollup/rollup-linux-arm-gnueabihf': [ '4.24.4' ],
24 silly audit   '@rollup/rollup-linux-arm-musleabihf': [ '4.24.4' ],
24 silly audit   '@rollup/rollup-linux-arm64-gnu': [ '4.24.4' ],
24 silly audit   '@rollup/rollup-linux-arm64-musl': [ '4.24.4' ],
24 silly audit   '@rollup/rollup-linux-powerpc64le-gnu': [ '4.24.4' ],
24 silly audit   '@rollup/rollup-linux-riscv64-gnu': [ '4.24.4' ],
24 silly audit   '@rollup/rollup-linux-s390x-gnu': [ '4.24.4' ],
24 silly audit   '@rollup/rollup-linux-x64-gnu': [ '4.24.4' ],
24 silly audit   '@rollup/rollup-linux-x64-musl': [ '4.24.4' ],
24 silly audit   '@rollup/rollup-win32-arm64-msvc': [ '4.24.4' ],
24 silly audit   '@rollup/rollup-win32-ia32-msvc': [ '4.24.4' ],
24 silly audit   '@rollup/rollup-win32-x64-msvc': [ '4.24.4' ],
24 silly audit   '@tailwindcss/node': [ '4.1.3' ],
24 silly audit   jiti: [ '2.4.2', '1.21.6' ],
24 silly audit   tailwindcss: [ '4.1.3', '3.4.17' ],
24 silly audit   '@tailwindcss/oxide': [ '4.1.3' ],
24 silly audit   '@tailwindcss/oxide-android-arm64': [ '4.1.3' ],
24 silly audit   '@tailwindcss/oxide-darwin-arm64': [ '4.1.3' ],
24 silly audit   '@tailwindcss/oxide-darwin-x64': [ '4.1.3' ],
24 silly audit   '@tailwindcss/oxide-freebsd-x64': [ '4.1.3' ],
24 silly audit   '@tailwindcss/oxide-linux-arm-gnueabihf': [ '4.1.3' ],
24 silly audit   '@tailwindcss/oxide-linux-arm64-gnu': [ '4.1.3' ],
24 silly audit   '@tailwindcss/oxide-linux-arm64-musl': [ '4.1.3' ],
24 silly audit   '@tailwindcss/oxide-linux-x64-gnu': [ '4.1.3' ],
24 silly audit   '@tailwindcss/oxide-linux-x64-musl': [ '4.1.3' ],
24 silly audit   '@tailwindcss/oxide-win32-arm64-msvc': [ '4.1.3' ],
24 silly audit   '@tailwindcss/oxide-win32-x64-msvc': [ '4.1.3' ],
24 silly audit   '@tailwindcss/typography': [ '0.5.15' ],
24 silly audit   'postcss-selector-parser': [ '6.0.10', '6.1.2' ],
24 silly audit   '@tailwindcss/vite': [ '4.1.3' ],
24 silly audit   '@tanstack/query-core': [ '5.60.5' ],
24 silly audit   '@tanstack/react-query': [ '5.60.5' ],
24 silly audit   '@types/babel__core': [ '7.20.5' ],
24 silly audit   '@types/babel__generator': [ '7.6.8' ],
24 silly audit   '@types/babel__template': [ '7.4.4' ],
24 silly audit   '@types/babel__traverse': [ '7.20.6' ],
24 silly audit   '@types/body-parser': [ '1.19.5' ],
24 silly audit   '@types/connect': [ '3.4.38' ],
24 silly audit   '@types/connect-pg-simple': [ '7.0.3' ],
24 silly audit   '@types/d3-array': [ '3.2.1' ],
24 silly audit   '@types/d3-color': [ '3.1.3' ],
24 silly audit   '@types/d3-ease': [ '3.0.2' ],
24 silly audit   '@types/d3-interpolate': [ '3.0.4' ],
24 silly audit   '@types/d3-path': [ '3.1.0' ],
24 silly audit   '@types/d3-scale': [ '4.0.8' ],
24 silly audit   '@types/d3-shape': [ '3.1.6' ],
24 silly audit   '@types/d3-time': [ '3.0.3' ],
24 silly audit   '@types/d3-timer': [ '3.0.2' ],
24 silly audit   '@types/estree': [ '1.0.6' ],
24 silly audit   '@types/express': [ '4.17.21' ],
24 silly audit   '@types/express-serve-static-core': [ '4.19.6' ],
24 silly audit   '@types/express-session': [ '1.18.0' ],
24 silly audit   '@types/http-errors': [ '2.0.4' ],
24 silly audit   '@types/mime': [ '1.3.5' ],
24 silly audit   '@types/mongoose': [ '5.11.96' ],
24 silly audit   '@types/node': [ '20.16.11' ],
24 silly audit   '@types/passport': [ '1.0.17' ],
24 silly audit   '@types/passport-local': [ '1.0.38' ],
24 silly audit   '@types/passport-strategy': [ '0.2.38' ],
24 silly audit   '@types/pg': [ '8.11.6' ],
24 silly audit   '@types/prop-types': [ '15.7.13' ],
24 silly audit   '@types/qs': [ '6.9.16' ],
24 silly audit   '@types/range-parser': [ '1.2.7' ],
24 silly audit   '@types/react': [ '18.3.12' ],
24 silly audit   '@types/react-dom': [ '18.3.1' ],
24 silly audit   '@types/send': [ '0.17.4' ],
24 silly audit   '@types/serve-static': [ '1.15.7' ],
24 silly audit   '@types/webidl-conversions': [ '7.0.3' ],
24 silly audit   '@types/whatwg-url': [ '11.0.5' ],
24 silly audit   '@types/ws': [ '8.5.13' ],
24 silly audit   '@vitejs/plugin-react': [ '4.3.3' ],
24 silly audit   accepts: [ '1.3.8' ],
24 silly audit   'ansi-regex': [ '6.1.0', '5.0.1' ],
24 silly audit   'ansi-styles': [ '6.2.1', '4.3.0' ],
24 silly audit   'any-promise': [ '1.3.0' ],
24 silly audit   anymatch: [ '3.1.3' ],
24 silly audit   arg: [ '5.0.2' ],
24 silly audit   'aria-hidden': [ '1.2.4' ],
24 silly audit   'array-flatten': [ '1.1.1' ],
24 silly audit   autoprefixer: [ '10.4.20' ],
24 silly audit   'balanced-match': [ '1.0.2' ],
24 silly audit   'binary-extensions': [ '2.3.0' ],
24 silly audit   'body-parser': [ '1.20.3' ],
24 silly audit   debug: [ '2.6.9', '4.3.7' ],
24 silly audit   ms: [ '2.0.0', '2.1.3' ],
24 silly audit   'brace-expansion': [ '2.0.1' ],
24 silly audit   braces: [ '3.0.3' ],
24 silly audit   browserslist: [ '4.24.2' ],
24 silly audit   bson: [ '6.10.4' ],
24 silly audit   'buffer-from': [ '1.1.2' ],
24 silly audit   bufferutil: [ '4.0.8' ],
24 silly audit   bytes: [ '3.1.2' ],
24 silly audit   'call-bind': [ '1.0.7' ],
24 silly audit   'camelcase-css': [ '2.0.1' ],
24 silly audit   'caniuse-lite': [ '1.0.30001677' ],
24 silly audit   chokidar: [ '3.6.0' ],
24 silly audit   'glob-parent': [ '5.1.2', '6.0.2' ],
24 silly audit   'class-variance-authority': [ '0.7.1' ],
24 silly audit   clsx: [ '2.1.1' ],
24 silly audit   cmdk: [ '1.1.1' ],
24 silly audit   'color-convert': [ '2.0.1' ],
24 silly audit   'color-name': [ '1.1.4' ],
24 silly audit   commander: [ '4.1.1' ],
24 silly audit   'connect-pg-simple': [ '10.0.0' ],
24 silly audit   'content-disposition': [ '0.5.4' ],
24 silly audit   'content-type': [ '1.0.5' ],
24 silly audit   'convert-source-map': [ '2.0.0' ],
24 silly audit   cookie: [ '0.7.1', '0.7.2' ],
24 silly audit   'cookie-signature': [ '1.0.6', '1.0.7' ],
24 silly audit   cors: [ '2.8.5' ],
24 silly audit   'cross-env': [ '7.0.3' ],
24 silly audit   'cross-spawn': [ '7.0.6' ],
24 silly audit   cssesc: [ '3.0.0' ],
24 silly audit   csstype: [ '3.1.3' ],
24 silly audit   'd3-array': [ '3.2.4' ],
24 silly audit   'd3-color': [ '3.1.0' ],
24 silly audit   'd3-ease': [ '3.0.1' ],
24 silly audit   'd3-format': [ '3.1.0' ],
24 silly audit   'd3-interpolate': [ '3.0.1' ],
24 silly audit   'd3-path': [ '3.1.0' ],
24 silly audit   'd3-scale': [ '4.0.2' ],
24 silly audit   'd3-shape': [ '3.2.0' ],
24 silly audit   'd3-time': [ '3.1.0' ],
24 silly audit   'd3-time-format': [ '4.1.0' ],
24 silly audit   'd3-timer': [ '3.0.1' ],
24 silly audit   'date-fns': [ '3.6.0' ],
24 silly audit   'decimal.js-light': [ '2.5.1' ],
24 silly audit   'define-data-property': [ '1.1.4' ],
24 silly audit   depd: [ '2.0.0' ],
24 silly audit   destroy: [ '1.2.0' ],
24 silly audit   'detect-libc': [ '2.0.3' ],
24 silly audit   'detect-node-es': [ '1.1.0' ],
24 silly audit   didyoumean: [ '1.2.2' ],
24 silly audit   dlv: [ '1.1.3' ],
24 silly audit   'dom-helpers': [ '5.2.1' ],
24 silly audit   dotenv: [ '16.5.0' ],
24 silly audit   'drizzle-kit': [ '0.30.4' ],
24 silly audit   'drizzle-orm': [ '0.39.1' ],
24 silly audit   'drizzle-zod': [ '0.7.0' ],
24 silly audit   eastasianwidth: [ '0.2.0' ],
24 silly audit   'ee-first': [ '1.1.1' ],
24 silly audit   'electron-to-chromium': [ '1.5.51' ],
24 silly audit   'embla-carousel': [ '8.6.0' ],
24 silly audit   'embla-carousel-react': [ '8.6.0' ],
24 silly audit   'embla-carousel-reactive-utils': [ '8.6.0' ],
24 silly audit   'emoji-regex': [ '9.2.2', '8.0.0' ],
24 silly audit   encodeurl: [ '2.0.0', '1.0.2' ],
24 silly audit   'enhanced-resolve': [ '5.18.1' ],
24 silly audit   'es-define-property': [ '1.0.0' ],
24 silly audit   'es-errors': [ '1.3.0' ],
24 silly audit   'esbuild-register': [ '3.6.0' ],
24 silly audit   escalade: [ '3.2.0' ],
24 silly audit   'escape-html': [ '1.0.3' ],
24 silly audit   etag: [ '1.8.1' ],
24 silly audit   eventemitter3: [ '4.0.7' ],
24 silly audit   express: [ '4.21.2' ],
24 silly audit   'express-session': [ '1.18.1' ],
24 silly audit   'fast-equals': [ '5.2.2' ],
24 silly audit   'fast-glob': [ '3.3.2' ],
24 silly audit   fastq: [ '1.17.1' ],
24 silly audit   'fill-range': [ '7.1.1' ],
24 silly audit   finalhandler: [ '1.3.1' ],
24 silly audit   'foreground-child': [ '3.3.0' ],
24 silly audit   forwarded: [ '0.2.0' ],
24 silly audit   'fraction.js': [ '4.3.7' ],
24 silly audit   'framer-motion': [ '11.18.2' ],
24 silly audit   fresh: [ '0.5.2' ],
24 silly audit   fsevents: [ '2.3.3' ],
24 silly audit   'function-bind': [ '1.1.2' ],
24 silly audit   gensync: [ '1.0.0-beta.2' ],
24 silly audit   'get-intrinsic': [ '1.2.4' ],
24 silly audit   'get-nonce': [ '1.0.1' ],
24 silly audit   'get-tsconfig': [ '4.8.1' ],
24 silly audit   glob: [ '10.4.5' ],
24 silly audit   globals: [ '11.12.0' ],
24 silly audit   gopd: [ '1.0.1' ],
24 silly audit   'graceful-fs': [ '4.2.11' ],
24 silly audit   'has-property-descriptors': [ '1.0.2' ],
24 silly audit   'has-proto': [ '1.0.3' ],
24 silly audit   'has-symbols': [ '1.0.3' ],
24 silly audit   hasown: [ '2.0.2' ],
24 silly audit   'http-errors': [ '2.0.0' ],
24 silly audit   'iconv-lite': [ '0.4.24' ],
24 silly audit   inherits: [ '2.0.4' ],
24 silly audit   'input-otp': [ '1.4.2' ],
24 silly audit   internmap: [ '2.0.3' ],
24 silly audit   'ipaddr.js': [ '1.9.1' ],
24 silly audit   'is-binary-path': [ '2.1.0' ],
24 silly audit   'is-core-module': [ '2.15.1' ],
24 silly audit   'is-extglob': [ '2.1.1' ],
24 silly audit   'is-fullwidth-code-point': [ '3.0.0' ],
24 silly audit   'is-glob': [ '4.0.3' ],
24 silly audit   'is-number': [ '7.0.0' ],
24 silly audit   isexe: [ '2.0.0' ],
24 silly audit   jackspeak: [ '3.4.3' ],
24 silly audit   'js-tokens': [ '4.0.0' ],
24 silly audit   jsesc: [ '3.0.2' ],
24 silly audit   json5: [ '2.2.3' ],
24 silly audit   kareem: [ '2.6.3' ],
24 silly audit   lightningcss: [ '1.29.2' ],
24 silly audit   'lightningcss-darwin-arm64': [ '1.29.2' ],
24 silly audit   'lightningcss-darwin-x64': [ '1.29.2' ],
24 silly audit   'lightningcss-freebsd-x64': [ '1.29.2' ],
24 silly audit   'lightningcss-linux-arm-gnueabihf': [ '1.29.2' ],
24 silly audit   'lightningcss-linux-arm64-gnu': [ '1.29.2' ],
24 silly audit   'lightningcss-linux-arm64-musl': [ '1.29.2' ],
24 silly audit   'lightningcss-linux-x64-gnu': [ '1.29.2' ],
24 silly audit   'lightningcss-linux-x64-musl': [ '1.29.2' ],
24 silly audit   'lightningcss-win32-arm64-msvc': [ '1.29.2' ],
24 silly audit   'lightningcss-win32-x64-msvc': [ '1.29.2' ],
24 silly audit   lilconfig: [ '3.1.3' ],
24 silly audit   'lines-and-columns': [ '1.2.4' ],
24 silly audit   lodash: [ '4.17.21' ],
24 silly audit   'lodash.castarray': [ '4.4.0' ],
24 silly audit   'lodash.isplainobject': [ '4.0.6' ],
24 silly audit   'lodash.merge': [ '4.6.2' ],
24 silly audit   'loose-envify': [ '1.4.0' ],
24 silly audit   'lru-cache': [ '5.1.1', '4.1.5', '10.4.3' ],
24 silly audit   'lucide-react': [ '0.453.0' ],
24 silly audit   'magic-string': [ '0.30.17' ],
24 silly audit   'media-typer': [ '0.3.0' ],
24 silly audit   'memory-pager': [ '1.5.0' ],
24 silly audit   memorystore: [ '1.6.7' ],
24 silly audit   yallist: [ '2.1.2', '3.1.1' ],
24 silly audit   'merge-descriptors': [ '1.0.3' ],
24 silly audit   merge2: [ '1.4.1' ],
24 silly audit   methods: [ '1.1.2' ],
24 silly audit   micromatch: [ '4.0.8' ],
24 silly audit   mime: [ '1.6.0' ],
24 silly audit   'mime-db': [ '1.52.0' ],
24 silly audit   'mime-types': [ '2.1.35' ],
24 silly audit   minimatch: [ '9.0.5' ],
24 silly audit   minipass: [ '7.1.2' ],
24 silly audit   mitt: [ '3.0.1' ],
24 silly audit   'modern-screenshot': [ '4.6.0' ],
24 silly audit   mongodb: [ '6.17.0' ],
24 silly audit   'mongodb-connection-string-url': [ '3.0.2' ],
24 silly audit   mongoose: [ '8.16.0' ],
24 silly audit   'motion-dom': [ '11.18.1' ],
24 silly audit   'motion-utils': [ '11.18.1' ],
24 silly audit   mpath: [ '0.9.0' ],
24 silly audit   mquery: [ '5.0.0' ],
24 silly audit   mz: [ '2.7.0' ],
24 silly audit   nanoid: [ '5.1.5', '3.3.11' ],
24 silly audit   negotiator: [ '0.6.3' ],
24 silly audit   'next-themes': [ '0.4.6' ],
24 silly audit   'node-gyp-build': [ '4.8.3' ],
24 silly audit   'node-releases': [ '2.0.18' ],
24 silly audit   'normalize-path': [ '3.0.0' ],
24 silly audit   'normalize-range': [ '0.1.2' ],
24 silly audit   'object-assign': [ '4.1.1' ],
24 silly audit   'object-hash': [ '3.0.0' ],
24 silly audit   'object-inspect': [ '1.13.2' ],
24 silly audit   obuf: [ '1.1.2' ],
24 silly audit   'on-finished': [ '2.4.1' ],
24 silly audit   'on-headers': [ '1.0.2' ],
24 silly audit   'package-json-from-dist': [ '1.0.1' ],
24 silly audit   parseurl: [ '1.3.3' ],
24 silly audit   passport: [ '0.7.0' ],
24 silly audit   'passport-local': [ '1.0.0' ],
24 silly audit   'passport-strategy': [ '1.0.0' ],
24 silly audit   'path-key': [ '3.1.1' ],
24 silly audit   'path-parse': [ '1.0.7' ],
24 silly audit   'path-scurry': [ '1.11.1' ],
24 silly audit   'path-to-regexp': [ '0.1.12' ],
24 silly audit   pause: [ '0.0.1' ],
24 silly audit   pg: [ '8.13.1' ],
24 silly audit   'pg-cloudflare': [ '1.1.1' ],
24 silly audit   'pg-connection-string': [ '2.7.0' ],
24 silly audit   'pg-int8': [ '1.0.1' ],
24 silly audit   'pg-numeric': [ '1.0.2' ],
24 silly audit   'pg-pool': [ '3.7.0' ],
24 silly audit   'pg-protocol': [ '1.7.0' ],
24 silly audit   'pg-types': [ '4.0.2', '2.2.0' ],
24 silly audit   'postgres-array': [ '2.0.0', '3.0.2' ],
24 silly audit   'postgres-bytea': [ '1.0.0', '3.0.0' ],
24 silly audit   'postgres-date': [ '1.0.7', '2.1.0' ],
24 silly audit   'postgres-interval': [ '1.2.0', '3.0.0' ],
24 silly audit   pgpass: [ '1.0.5' ],
24 silly audit   picocolors: [ '1.1.1' ],
24 silly audit   picomatch: [ '2.3.1' ],
24 silly audit   pify: [ '2.3.0' ],
24 silly audit   pirates: [ '4.0.6' ],
24 silly audit   postcss: [ '8.4.47' ],
24 silly audit   'postcss-import': [ '15.1.0' ],
24 silly audit   'postcss-js': [ '4.0.1' ],
24 silly audit   'postcss-load-config': [ '4.0.2' ],
24 silly audit   'postcss-nested': [ '6.2.0' ],
24 silly audit   'postcss-value-parser': [ '4.2.0' ],
24 silly audit   'postgres-range': [ '1.1.4' ],
24 silly audit   'prop-types': [ '15.8.1' ],
24 silly audit   'react-is': [ '16.13.1', '18.3.1' ],
24 silly audit   'proxy-addr': [ '2.0.7' ],
24 silly audit   pseudomap: [ '1.0.2' ],
24 silly audit   punycode: [ '2.3.1' ],
24 silly audit   qs: [ '6.13.0' ],
24 silly audit   'queue-microtask': [ '1.2.3' ],
24 silly audit   'random-bytes': [ '1.0.0' ],
24 silly audit   'range-parser': [ '1.2.1' ],
24 silly audit   'raw-body': [ '2.5.2' ],
24 silly audit   react: [ '18.3.1' ],
24 silly audit   'react-day-picker': [ '8.10.1' ],
24 silly audit   'react-dom': [ '18.3.1' ],
24 silly audit   'react-hook-form': [ '7.55.0' ],
24 silly audit   'react-icons': [ '5.4.0' ],
24 silly audit   'react-refresh': [ '0.14.2' ],
24 silly audit   'react-remove-scroll': [ '2.6.3' ],
24 silly audit   'react-remove-scroll-bar': [ '2.3.8' ],
24 silly audit   'react-resizable-panels': [ '2.1.7' ],
24 silly audit   'react-smooth': [ '4.0.4' ],
24 silly audit   'react-style-singleton': [ '2.2.3' ],
24 silly audit   'react-transition-group': [ '4.4.5' ],
24 silly audit   'read-cache': [ '1.0.0' ],
24 silly audit   readdirp: [ '3.6.0' ],
24 silly audit   recharts: [ '2.15.2' ],
24 silly audit   'recharts-scale': [ '0.4.5' ],
24 silly audit   'regenerator-runtime': [ '0.14.1' ],
24 silly audit   regexparam: [ '3.0.0' ],
24 silly audit   resolve: [ '1.22.8' ],
24 silly audit   'resolve-pkg-maps': [ '1.0.0' ],
24 silly audit   reusify: [ '1.0.4' ],
24 silly audit   rollup: [ '4.24.4' ],
24 silly audit   'run-parallel': [ '1.2.0' ],
24 silly audit   'safe-buffer': [ '5.2.1' ],
24 silly audit   'safer-buffer': [ '2.1.2' ],
24 silly audit   scheduler: [ '0.23.2' ],
24 silly audit   semver: [ '6.3.1' ],
24 silly audit   send: [ '0.19.0' ],
24 silly audit   'serve-static': [ '1.16.2' ],
24 silly audit   'set-function-length': [ '1.2.2' ],
24 silly audit   setprototypeof: [ '1.2.0' ],
24 silly audit   'shebang-command': [ '2.0.0' ],
24 silly audit   'shebang-regex': [ '3.0.0' ],
24 silly audit   'side-channel': [ '1.0.6' ],
24 silly audit   sift: [ '17.1.3' ],
24 silly audit   'signal-exit': [ '4.1.0' ],
24 silly audit   'source-map': [ '0.6.1' ],
24 silly audit   'source-map-js': [ '1.2.1' ],
24 silly audit   'source-map-support': [ '0.5.21' ],
24 silly audit   'sparse-bitfield': [ '3.0.3' ],
24 silly audit   split2: [ '4.2.0' ],
24 silly audit   statuses: [ '2.0.1' ],
24 silly audit   'string-width': [ '5.1.2', '4.2.3' ],
24 silly audit   'strip-ansi': [ '6.0.1', '7.1.0' ],
24 silly audit   sucrase: [ '3.35.0' ],
24 silly audit   'supports-preserve-symlinks-flag': [ '1.0.0' ],
24 silly audit   'tailwind-merge': [ '2.6.0' ],
24 silly audit   'tailwindcss-animate': [ '1.0.7' ],
24 silly audit   tapable: [ '2.2.1' ],
24 silly audit   thenify: [ '3.3.1' ],
24 silly audit   'thenify-all': [ '1.6.0' ],
24 silly audit   three: [ '0.176.0' ],
24 silly audit   'tiny-invariant': [ '1.3.3' ],
24 silly audit   'to-regex-range': [ '5.0.1' ],
24 silly audit   toidentifier: [ '1.0.1' ],
24 silly audit   tr46: [ '5.1.1' ],
24 silly audit   'ts-interface-checker': [ '0.1.13' ],
24 silly audit   tslib: [ '2.8.1' ],
24 silly audit   tsx: [ '4.20.3' ],
24 silly audit   'tw-animate-css': [ '1.2.5' ],
24 silly audit   'type-is': [ '1.6.18' ],
24 silly audit   typescript: [ '5.6.3' ],
24 silly audit   'uid-safe': [ '2.1.5' ],
24 silly audit   'undici-types': [ '6.19.8' ],
24 silly audit   unpipe: [ '1.0.0' ],
24 silly audit   'update-browserslist-db': [ '1.1.1' ],
24 silly audit   'use-callback-ref': [ '1.3.3' ],
24 silly audit   'use-sidecar': [ '1.1.3' ],
24 silly audit   'use-sync-external-store': [ '1.2.2' ],
24 silly audit   'util-deprecate': [ '1.0.2' ],
24 silly audit   'utils-merge': [ '1.0.1' ],
24 silly audit   vary: [ '1.1.2' ],
24 silly audit   vaul: [ '1.1.2' ],
24 silly audit   'victory-vendor': [ '36.9.2' ],
24 silly audit   vite: [ '5.4.14' ],
24 silly audit   'webidl-conversions': [ '7.0.0' ],
24 silly audit   'whatwg-url': [ '14.2.0' ],
24 silly audit   which: [ '2.0.2' ],
24 silly audit   wouter: [ '3.3.5' ],
24 silly audit   'wrap-ansi': [ '8.1.0', '7.0.0' ],
24 silly audit   ws: [ '8.18.0' ],
24 silly audit   xtend: [ '4.0.2' ],
24 silly audit   yaml: [ '2.6.0' ],
24 silly audit   zod: [ '3.24.2' ],
24 silly audit   'zod-validation-error': [ '3.4.0' ],
24 silly audit   nodemailer: [ '7.0.3' ]
24 silly audit }
25 verbose reify failed optional dependency C:\Users\BHUWAN\OneDrive\Desktop\JATINPAGE\ProductPulse-1\node_modules\lightningcss-win32-arm64-msvc
26 silly reify mark deleted [
26 silly reify   'C:\\Users\\BHUWAN\\OneDrive\\Desktop\\JATINPAGE\\ProductPulse-1\\node_modules\\lightningcss-win32-arm64-msvc'
26 silly reify ]
27 verbose reify failed optional dependency C:\Users\BHUWAN\OneDrive\Desktop\JATINPAGE\ProductPulse-1\node_modules\lightningcss-linux-x64-musl
28 silly reify mark deleted [
28 silly reify   'C:\\Users\\BHUWAN\\OneDrive\\Desktop\\JATINPAGE\\ProductPulse-1\\node_modules\\lightningcss-linux-x64-musl'
28 silly reify ]
29 verbose reify failed optional dependency C:\Users\BHUWAN\OneDrive\Desktop\JATINPAGE\ProductPulse-1\node_modules\lightningcss-linux-x64-gnu
30 silly reify mark deleted [
30 silly reify   'C:\\Users\\BHUWAN\\OneDrive\\Desktop\\JATINPAGE\\ProductPulse-1\\node_modules\\lightningcss-linux-x64-gnu'
30 silly reify ]
31 verbose reify failed optional dependency C:\Users\BHUWAN\OneDrive\Desktop\JATINPAGE\ProductPulse-1\node_modules\lightningcss-linux-arm64-musl
32 silly reify mark deleted [
32 silly reify   'C:\\Users\\BHUWAN\\OneDrive\\Desktop\\JATINPAGE\\ProductPulse-1\\node_modules\\lightningcss-linux-arm64-musl'
32 silly reify ]
33 verbose reify failed optional dependency C:\Users\BHUWAN\OneDrive\Desktop\JATINPAGE\ProductPulse-1\node_modules\lightningcss-linux-arm64-gnu
34 silly reify mark deleted [
34 silly reify   'C:\\Users\\BHUWAN\\OneDrive\\Desktop\\JATINPAGE\\ProductPulse-1\\node_modules\\lightningcss-linux-arm64-gnu'
34 silly reify ]
35 verbose reify failed optional dependency C:\Users\BHUWAN\OneDrive\Desktop\JATINPAGE\ProductPulse-1\node_modules\lightningcss-linux-arm-gnueabihf
36 silly reify mark deleted [
36 silly reify   'C:\\Users\\BHUWAN\\OneDrive\\Desktop\\JATINPAGE\\ProductPulse-1\\node_modules\\lightningcss-linux-arm-gnueabihf'
36 silly reify ]
37 verbose reify failed optional dependency C:\Users\BHUWAN\OneDrive\Desktop\JATINPAGE\ProductPulse-1\node_modules\lightningcss-freebsd-x64
38 silly reify mark deleted [
38 silly reify   'C:\\Users\\BHUWAN\\OneDrive\\Desktop\\JATINPAGE\\ProductPulse-1\\node_modules\\lightningcss-freebsd-x64'
38 silly reify ]
39 verbose reify failed optional dependency C:\Users\BHUWAN\OneDrive\Desktop\JATINPAGE\ProductPulse-1\node_modules\lightningcss-darwin-x64
40 silly reify mark deleted [
40 silly reify   'C:\\Users\\BHUWAN\\OneDrive\\Desktop\\JATINPAGE\\ProductPulse-1\\node_modules\\lightningcss-darwin-x64'
40 silly reify ]
41 verbose reify failed optional dependency C:\Users\BHUWAN\OneDrive\Desktop\JATINPAGE\ProductPulse-1\node_modules\lightningcss-darwin-arm64
42 silly reify mark deleted [
42 silly reify   'C:\\Users\\BHUWAN\\OneDrive\\Desktop\\JATINPAGE\\ProductPulse-1\\node_modules\\lightningcss-darwin-arm64'
42 silly reify ]
43 verbose reify failed optional dependency C:\Users\BHUWAN\OneDrive\Desktop\JATINPAGE\ProductPulse-1\node_modules\fsevents
44 silly reify mark deleted [
44 silly reify   'C:\\Users\\BHUWAN\\OneDrive\\Desktop\\JATINPAGE\\ProductPulse-1\\node_modules\\fsevents'
44 silly reify ]
45 verbose reify failed optional dependency C:\Users\BHUWAN\OneDrive\Desktop\JATINPAGE\ProductPulse-1\node_modules\@tailwindcss\oxide-win32-arm64-msvc
46 silly reify mark deleted [
46 silly reify   'C:\\Users\\BHUWAN\\OneDrive\\Desktop\\JATINPAGE\\ProductPulse-1\\node_modules\\@tailwindcss\\oxide-win32-arm64-msvc'
46 silly reify ]
47 verbose reify failed optional dependency C:\Users\BHUWAN\OneDrive\Desktop\JATINPAGE\ProductPulse-1\node_modules\@tailwindcss\oxide-linux-x64-musl
48 silly reify mark deleted [
48 silly reify   'C:\\Users\\BHUWAN\\OneDrive\\Desktop\\JATINPAGE\\ProductPulse-1\\node_modules\\@tailwindcss\\oxide-linux-x64-musl'
48 silly reify ]
49 verbose reify failed optional dependency C:\Users\BHUWAN\OneDrive\Desktop\JATINPAGE\ProductPulse-1\node_modules\@tailwindcss\oxide-linux-x64-gnu
50 silly reify mark deleted [
50 silly reify   'C:\\Users\\BHUWAN\\OneDrive\\Desktop\\JATINPAGE\\ProductPulse-1\\node_modules\\@tailwindcss\\oxide-linux-x64-gnu'
50 silly reify ]
51 verbose reify failed optional dependency C:\Users\BHUWAN\OneDrive\Desktop\JATINPAGE\ProductPulse-1\node_modules\@tailwindcss\oxide-linux-arm64-musl
52 silly reify mark deleted [
52 silly reify   'C:\\Users\\BHUWAN\\OneDrive\\Desktop\\JATINPAGE\\ProductPulse-1\\node_modules\\@tailwindcss\\oxide-linux-arm64-musl'
52 silly reify ]
53 verbose reify failed optional dependency C:\Users\BHUWAN\OneDrive\Desktop\JATINPAGE\ProductPulse-1\node_modules\@tailwindcss\oxide-linux-arm64-gnu
54 silly reify mark deleted [
54 silly reify   'C:\\Users\\BHUWAN\\OneDrive\\Desktop\\JATINPAGE\\ProductPulse-1\\node_modules\\@tailwindcss\\oxide-linux-arm64-gnu'
54 silly reify ]
55 verbose reify failed optional dependency C:\Users\BHUWAN\OneDrive\Desktop\JATINPAGE\ProductPulse-1\node_modules\@tailwindcss\oxide-linux-arm-gnueabihf
56 silly reify mark deleted [
56 silly reify   'C:\\Users\\BHUWAN\\OneDrive\\Desktop\\JATINPAGE\\ProductPulse-1\\node_modules\\@tailwindcss\\oxide-linux-arm-gnueabihf'
56 silly reify ]
57 verbose reify failed optional dependency C:\Users\BHUWAN\OneDrive\Desktop\JATINPAGE\ProductPulse-1\node_modules\@tailwindcss\oxide-freebsd-x64
58 silly reify mark deleted [
58 silly reify   'C:\\Users\\BHUWAN\\OneDrive\\Desktop\\JATINPAGE\\ProductPulse-1\\node_modules\\@tailwindcss\\oxide-freebsd-x64'
58 silly reify ]
59 verbose reify failed optional dependency C:\Users\BHUWAN\OneDrive\Desktop\JATINPAGE\ProductPulse-1\node_modules\@tailwindcss\oxide-darwin-x64
60 silly reify mark deleted [
60 silly reify   'C:\\Users\\BHUWAN\\OneDrive\\Desktop\\JATINPAGE\\ProductPulse-1\\node_modules\\@tailwindcss\\oxide-darwin-x64'
60 silly reify ]
61 verbose reify failed optional dependency C:\Users\BHUWAN\OneDrive\Desktop\JATINPAGE\ProductPulse-1\node_modules\@tailwindcss\oxide-darwin-arm64
62 silly reify mark deleted [
62 silly reify   'C:\\Users\\BHUWAN\\OneDrive\\Desktop\\JATINPAGE\\ProductPulse-1\\node_modules\\@tailwindcss\\oxide-darwin-arm64'
62 silly reify ]
63 verbose reify failed optional dependency C:\Users\BHUWAN\OneDrive\Desktop\JATINPAGE\ProductPulse-1\node_modules\@tailwindcss\oxide-android-arm64
64 silly reify mark deleted [
64 silly reify   'C:\\Users\\BHUWAN\\OneDrive\\Desktop\\JATINPAGE\\ProductPulse-1\\node_modules\\@tailwindcss\\oxide-android-arm64'
64 silly reify ]
65 verbose reify failed optional dependency C:\Users\BHUWAN\OneDrive\Desktop\JATINPAGE\ProductPulse-1\node_modules\@rollup\rollup-win32-ia32-msvc
66 silly reify mark deleted [
66 silly reify   'C:\\Users\\BHUWAN\\OneDrive\\Desktop\\JATINPAGE\\ProductPulse-1\\node_modules\\@rollup\\rollup-win32-ia32-msvc'
66 silly reify ]
67 verbose reify failed optional dependency C:\Users\BHUWAN\OneDrive\Desktop\JATINPAGE\ProductPulse-1\node_modules\@rollup\rollup-win32-arm64-msvc
68 silly reify mark deleted [
68 silly reify   'C:\\Users\\BHUWAN\\OneDrive\\Desktop\\JATINPAGE\\ProductPulse-1\\node_modules\\@rollup\\rollup-win32-arm64-msvc'
68 silly reify ]
69 verbose reify failed optional dependency C:\Users\BHUWAN\OneDrive\Desktop\JATINPAGE\ProductPulse-1\node_modules\@rollup\rollup-linux-x64-musl
70 silly reify mark deleted [
70 silly reify   'C:\\Users\\BHUWAN\\OneDrive\\Desktop\\JATINPAGE\\ProductPulse-1\\node_modules\\@rollup\\rollup-linux-x64-musl'
70 silly reify ]
71 verbose reify failed optional dependency C:\Users\BHUWAN\OneDrive\Desktop\JATINPAGE\ProductPulse-1\node_modules\@rollup\rollup-linux-x64-gnu
72 silly reify mark deleted [
72 silly reify   'C:\\Users\\BHUWAN\\OneDrive\\Desktop\\JATINPAGE\\ProductPulse-1\\node_modules\\@rollup\\rollup-linux-x64-gnu'
72 silly reify ]
73 verbose reify failed optional dependency C:\Users\BHUWAN\OneDrive\Desktop\JATINPAGE\ProductPulse-1\node_modules\@rollup\rollup-linux-s390x-gnu
74 silly reify mark deleted [
74 silly reify   'C:\\Users\\BHUWAN\\OneDrive\\Desktop\\JATINPAGE\\ProductPulse-1\\node_modules\\@rollup\\rollup-linux-s390x-gnu'
74 silly reify ]
75 verbose reify failed optional dependency C:\Users\BHUWAN\OneDrive\Desktop\JATINPAGE\ProductPulse-1\node_modules\@rollup\rollup-linux-riscv64-gnu
76 silly reify mark deleted [
76 silly reify   'C:\\Users\\BHUWAN\\OneDrive\\Desktop\\JATINPAGE\\ProductPulse-1\\node_modules\\@rollup\\rollup-linux-riscv64-gnu'
76 silly reify ]
77 verbose reify failed optional dependency C:\Users\BHUWAN\OneDrive\Desktop\JATINPAGE\ProductPulse-1\node_modules\@rollup\rollup-linux-powerpc64le-gnu
78 silly reify mark deleted [
78 silly reify   'C:\\Users\\BHUWAN\\OneDrive\\Desktop\\JATINPAGE\\ProductPulse-1\\node_modules\\@rollup\\rollup-linux-powerpc64le-gnu'
78 silly reify ]
79 verbose reify failed optional dependency C:\Users\BHUWAN\OneDrive\Desktop\JATINPAGE\ProductPulse-1\node_modules\@rollup\rollup-linux-arm64-musl
80 silly reify mark deleted [
80 silly reify   'C:\\Users\\BHUWAN\\OneDrive\\Desktop\\JATINPAGE\\ProductPulse-1\\node_modules\\@rollup\\rollup-linux-arm64-musl'
80 silly reify ]
81 verbose reify failed optional dependency C:\Users\BHUWAN\OneDrive\Desktop\JATINPAGE\ProductPulse-1\node_modules\@rollup\rollup-linux-arm64-gnu
82 silly reify mark deleted [
82 silly reify   'C:\\Users\\BHUWAN\\OneDrive\\Desktop\\JATINPAGE\\ProductPulse-1\\node_modules\\@rollup\\rollup-linux-arm64-gnu'
82 silly reify ]
83 verbose reify failed optional dependency C:\Users\BHUWAN\OneDrive\Desktop\JATINPAGE\ProductPulse-1\node_modules\@rollup\rollup-linux-arm-musleabihf
84 silly reify mark deleted [
84 silly reify   'C:\\Users\\BHUWAN\\OneDrive\\Desktop\\JATINPAGE\\ProductPulse-1\\node_modules\\@rollup\\rollup-linux-arm-musleabihf'
84 silly reify ]
85 verbose reify failed optional dependency C:\Users\BHUWAN\OneDrive\Desktop\JATINPAGE\ProductPulse-1\node_modules\@rollup\rollup-linux-arm-gnueabihf
86 silly reify mark deleted [
86 silly reify   'C:\\Users\\BHUWAN\\OneDrive\\Desktop\\JATINPAGE\\ProductPulse-1\\node_modules\\@rollup\\rollup-linux-arm-gnueabihf'
86 silly reify ]
87 verbose reify failed optional dependency C:\Users\BHUWAN\OneDrive\Desktop\JATINPAGE\ProductPulse-1\node_modules\@rollup\rollup-freebsd-x64
88 silly reify mark deleted [
88 silly reify   'C:\\Users\\BHUWAN\\OneDrive\\Desktop\\JATINPAGE\\ProductPulse-1\\node_modules\\@rollup\\rollup-freebsd-x64'
88 silly reify ]
89 verbose reify failed optional dependency C:\Users\BHUWAN\OneDrive\Desktop\JATINPAGE\ProductPulse-1\node_modules\@rollup\rollup-freebsd-arm64
90 silly reify mark deleted [
90 silly reify   'C:\\Users\\BHUWAN\\OneDrive\\Desktop\\JATINPAGE\\ProductPulse-1\\node_modules\\@rollup\\rollup-freebsd-arm64'
90 silly reify ]
91 verbose reify failed optional dependency C:\Users\BHUWAN\OneDrive\Desktop\JATINPAGE\ProductPulse-1\node_modules\@rollup\rollup-darwin-x64
92 silly reify mark deleted [
92 silly reify   'C:\\Users\\BHUWAN\\OneDrive\\Desktop\\JATINPAGE\\ProductPulse-1\\node_modules\\@rollup\\rollup-darwin-x64'
92 silly reify ]
93 verbose reify failed optional dependency C:\Users\BHUWAN\OneDrive\Desktop\JATINPAGE\ProductPulse-1\node_modules\@rollup\rollup-darwin-arm64
94 silly reify mark deleted [
94 silly reify   'C:\\Users\\BHUWAN\\OneDrive\\Desktop\\JATINPAGE\\ProductPulse-1\\node_modules\\@rollup\\rollup-darwin-arm64'
94 silly reify ]
95 verbose reify failed optional dependency C:\Users\BHUWAN\OneDrive\Desktop\JATINPAGE\ProductPulse-1\node_modules\@rollup\rollup-android-arm64
96 silly reify mark deleted [
96 silly reify   'C:\\Users\\BHUWAN\\OneDrive\\Desktop\\JATINPAGE\\ProductPulse-1\\node_modules\\@rollup\\rollup-android-arm64'
96 silly reify ]
97 verbose reify failed optional dependency C:\Users\BHUWAN\OneDrive\Desktop\JATINPAGE\ProductPulse-1\node_modules\@rollup\rollup-android-arm-eabi
98 silly reify mark deleted [
98 silly reify   'C:\\Users\\BHUWAN\\OneDrive\\Desktop\\JATINPAGE\\ProductPulse-1\\node_modules\\@rollup\\rollup-android-arm-eabi'
98 silly reify ]
99 verbose reify failed optional dependency C:\Users\BHUWAN\OneDrive\Desktop\JATINPAGE\ProductPulse-1\node_modules\@esbuild\win32-ia32
100 silly reify mark deleted [
100 silly reify   'C:\\Users\\BHUWAN\\OneDrive\\Desktop\\JATINPAGE\\ProductPulse-1\\node_modules\\@esbuild\\win32-ia32'
100 silly reify ]
101 verbose reify failed optional dependency C:\Users\BHUWAN\OneDrive\Desktop\JATINPAGE\ProductPulse-1\node_modules\@esbuild\win32-arm64
102 silly reify mark deleted [
102 silly reify   'C:\\Users\\BHUWAN\\OneDrive\\Desktop\\JATINPAGE\\ProductPulse-1\\node_modules\\@esbuild\\win32-arm64'
102 silly reify ]
103 verbose reify failed optional dependency C:\Users\BHUWAN\OneDrive\Desktop\JATINPAGE\ProductPulse-1\node_modules\@esbuild\sunos-x64
104 silly reify mark deleted [
104 silly reify   'C:\\Users\\BHUWAN\\OneDrive\\Desktop\\JATINPAGE\\ProductPulse-1\\node_modules\\@esbuild\\sunos-x64'
104 silly reify ]
105 verbose reify failed optional dependency C:\Users\BHUWAN\OneDrive\Desktop\JATINPAGE\ProductPulse-1\node_modules\@esbuild\openbsd-x64
106 silly reify mark deleted [
106 silly reify   'C:\\Users\\BHUWAN\\OneDrive\\Desktop\\JATINPAGE\\ProductPulse-1\\node_modules\\@esbuild\\openbsd-x64'
106 silly reify ]
107 verbose reify failed optional dependency C:\Users\BHUWAN\OneDrive\Desktop\JATINPAGE\ProductPulse-1\node_modules\@esbuild\openbsd-arm64
108 silly reify mark deleted [
108 silly reify   'C:\\Users\\BHUWAN\\OneDrive\\Desktop\\JATINPAGE\\ProductPulse-1\\node_modules\\@esbuild\\openbsd-arm64'
108 silly reify ]
109 verbose reify failed optional dependency C:\Users\BHUWAN\OneDrive\Desktop\JATINPAGE\ProductPulse-1\node_modules\@esbuild\netbsd-x64
110 silly reify mark deleted [
110 silly reify   'C:\\Users\\BHUWAN\\OneDrive\\Desktop\\JATINPAGE\\ProductPulse-1\\node_modules\\@esbuild\\netbsd-x64'
110 silly reify ]
111 verbose reify failed optional dependency C:\Users\BHUWAN\OneDrive\Desktop\JATINPAGE\ProductPulse-1\node_modules\@esbuild\netbsd-arm64
112 silly reify mark deleted [
112 silly reify   'C:\\Users\\BHUWAN\\OneDrive\\Desktop\\JATINPAGE\\ProductPulse-1\\node_modules\\@esbuild\\netbsd-arm64'
112 silly reify ]
113 verbose reify failed optional dependency C:\Users\BHUWAN\OneDrive\Desktop\JATINPAGE\ProductPulse-1\node_modules\@esbuild\linux-x64
114 silly reify mark deleted [
114 silly reify   'C:\\Users\\BHUWAN\\OneDrive\\Desktop\\JATINPAGE\\ProductPulse-1\\node_modules\\@esbuild\\linux-x64'
114 silly reify ]
115 verbose reify failed optional dependency C:\Users\BHUWAN\OneDrive\Desktop\JATINPAGE\ProductPulse-1\node_modules\@esbuild\linux-s390x
116 silly reify mark deleted [
116 silly reify   'C:\\Users\\BHUWAN\\OneDrive\\Desktop\\JATINPAGE\\ProductPulse-1\\node_modules\\@esbuild\\linux-s390x'
116 silly reify ]
117 verbose reify failed optional dependency C:\Users\BHUWAN\OneDrive\Desktop\JATINPAGE\ProductPulse-1\node_modules\@esbuild\linux-riscv64
118 silly reify mark deleted [
118 silly reify   'C:\\Users\\BHUWAN\\OneDrive\\Desktop\\JATINPAGE\\ProductPulse-1\\node_modules\\@esbuild\\linux-riscv64'
118 silly reify ]
119 verbose reify failed optional dependency C:\Users\BHUWAN\OneDrive\Desktop\JATINPAGE\ProductPulse-1\node_modules\@esbuild\linux-ppc64
120 silly reify mark deleted [
120 silly reify   'C:\\Users\\BHUWAN\\OneDrive\\Desktop\\JATINPAGE\\ProductPulse-1\\node_modules\\@esbuild\\linux-ppc64'
120 silly reify ]
121 verbose reify failed optional dependency C:\Users\BHUWAN\OneDrive\Desktop\JATINPAGE\ProductPulse-1\node_modules\@esbuild\linux-mips64el
122 silly reify mark deleted [
122 silly reify   'C:\\Users\\BHUWAN\\OneDrive\\Desktop\\JATINPAGE\\ProductPulse-1\\node_modules\\@esbuild\\linux-mips64el'
122 silly reify ]
123 verbose reify failed optional dependency C:\Users\BHUWAN\OneDrive\Desktop\JATINPAGE\ProductPulse-1\node_modules\@esbuild\linux-loong64
124 silly reify mark deleted [
124 silly reify   'C:\\Users\\BHUWAN\\OneDrive\\Desktop\\JATINPAGE\\ProductPulse-1\\node_modules\\@esbuild\\linux-loong64'
124 silly reify ]
125 verbose reify failed optional dependency C:\Users\BHUWAN\OneDrive\Desktop\JATINPAGE\ProductPulse-1\node_modules\@esbuild\linux-ia32
126 silly reify mark deleted [
126 silly reify   'C:\\Users\\BHUWAN\\OneDrive\\Desktop\\JATINPAGE\\ProductPulse-1\\node_modules\\@esbuild\\linux-ia32'
126 silly reify ]
127 verbose reify failed optional dependency C:\Users\BHUWAN\OneDrive\Desktop\JATINPAGE\ProductPulse-1\node_modules\@esbuild\linux-arm64
128 silly reify mark deleted [
128 silly reify   'C:\\Users\\BHUWAN\\OneDrive\\Desktop\\JATINPAGE\\ProductPulse-1\\node_modules\\@esbuild\\linux-arm64'
128 silly reify ]
129 verbose reify failed optional dependency C:\Users\BHUWAN\OneDrive\Desktop\JATINPAGE\ProductPulse-1\node_modules\@esbuild\linux-arm
130 silly reify mark deleted [
130 silly reify   'C:\\Users\\BHUWAN\\OneDrive\\Desktop\\JATINPAGE\\ProductPulse-1\\node_modules\\@esbuild\\linux-arm'
130 silly reify ]
131 verbose reify failed optional dependency C:\Users\BHUWAN\OneDrive\Desktop\JATINPAGE\ProductPulse-1\node_modules\@esbuild\freebsd-x64
132 silly reify mark deleted [
132 silly reify   'C:\\Users\\BHUWAN\\OneDrive\\Desktop\\JATINPAGE\\ProductPulse-1\\node_modules\\@esbuild\\freebsd-x64'
132 silly reify ]
133 verbose reify failed optional dependency C:\Users\BHUWAN\OneDrive\Desktop\JATINPAGE\ProductPulse-1\node_modules\@esbuild\freebsd-arm64
134 silly reify mark deleted [
134 silly reify   'C:\\Users\\BHUWAN\\OneDrive\\Desktop\\JATINPAGE\\ProductPulse-1\\node_modules\\@esbuild\\freebsd-arm64'
134 silly reify ]
135 verbose reify failed optional dependency C:\Users\BHUWAN\OneDrive\Desktop\JATINPAGE\ProductPulse-1\node_modules\@esbuild\darwin-x64
136 silly reify mark deleted [
136 silly reify   'C:\\Users\\BHUWAN\\OneDrive\\Desktop\\JATINPAGE\\ProductPulse-1\\node_modules\\@esbuild\\darwin-x64'
136 silly reify ]
137 verbose reify failed optional dependency C:\Users\BHUWAN\OneDrive\Desktop\JATINPAGE\ProductPulse-1\node_modules\@esbuild\darwin-arm64
138 silly reify mark deleted [
138 silly reify   'C:\\Users\\BHUWAN\\OneDrive\\Desktop\\JATINPAGE\\ProductPulse-1\\node_modules\\@esbuild\\darwin-arm64'
138 silly reify ]
139 verbose reify failed optional dependency C:\Users\BHUWAN\OneDrive\Desktop\JATINPAGE\ProductPulse-1\node_modules\@esbuild\android-x64
140 silly reify mark deleted [
140 silly reify   'C:\\Users\\BHUWAN\\OneDrive\\Desktop\\JATINPAGE\\ProductPulse-1\\node_modules\\@esbuild\\android-x64'
140 silly reify ]
141 verbose reify failed optional dependency C:\Users\BHUWAN\OneDrive\Desktop\JATINPAGE\ProductPulse-1\node_modules\@esbuild\android-arm64
142 silly reify mark deleted [
142 silly reify   'C:\\Users\\BHUWAN\\OneDrive\\Desktop\\JATINPAGE\\ProductPulse-1\\node_modules\\@esbuild\\android-arm64'
142 silly reify ]
143 verbose reify failed optional dependency C:\Users\BHUWAN\OneDrive\Desktop\JATINPAGE\ProductPulse-1\node_modules\@esbuild\android-arm
144 silly reify mark deleted [
144 silly reify   'C:\\Users\\BHUWAN\\OneDrive\\Desktop\\JATINPAGE\\ProductPulse-1\\node_modules\\@esbuild\\android-arm'
144 silly reify ]
145 verbose reify failed optional dependency C:\Users\BHUWAN\OneDrive\Desktop\JATINPAGE\ProductPulse-1\node_modules\@esbuild\aix-ppc64
146 silly reify mark deleted [
146 silly reify   'C:\\Users\\BHUWAN\\OneDrive\\Desktop\\JATINPAGE\\ProductPulse-1\\node_modules\\@esbuild\\aix-ppc64'
146 silly reify ]
147 verbose reify failed optional dependency C:\Users\BHUWAN\OneDrive\Desktop\JATINPAGE\ProductPulse-1\node_modules\vite\node_modules\@esbuild\win32-ia32
148 silly reify mark deleted [
148 silly reify   'C:\\Users\\BHUWAN\\OneDrive\\Desktop\\JATINPAGE\\ProductPulse-1\\node_modules\\vite\\node_modules\\@esbuild\\win32-ia32'
148 silly reify ]
149 verbose reify failed optional dependency C:\Users\BHUWAN\OneDrive\Desktop\JATINPAGE\ProductPulse-1\node_modules\vite\node_modules\@esbuild\win32-arm64
150 silly reify mark deleted [
150 silly reify   'C:\\Users\\BHUWAN\\OneDrive\\Desktop\\JATINPAGE\\ProductPulse-1\\node_modules\\vite\\node_modules\\@esbuild\\win32-arm64'
150 silly reify ]
151 verbose reify failed optional dependency C:\Users\BHUWAN\OneDrive\Desktop\JATINPAGE\ProductPulse-1\node_modules\vite\node_modules\@esbuild\sunos-x64
152 silly reify mark deleted [
152 silly reify   'C:\\Users\\BHUWAN\\OneDrive\\Desktop\\JATINPAGE\\ProductPulse-1\\node_modules\\vite\\node_modules\\@esbuild\\sunos-x64'
152 silly reify ]
153 verbose reify failed optional dependency C:\Users\BHUWAN\OneDrive\Desktop\JATINPAGE\ProductPulse-1\node_modules\vite\node_modules\@esbuild\openbsd-x64
154 silly reify mark deleted [
154 silly reify   'C:\\Users\\BHUWAN\\OneDrive\\Desktop\\JATINPAGE\\ProductPulse-1\\node_modules\\vite\\node_modules\\@esbuild\\openbsd-x64'
154 silly reify ]
155 verbose reify failed optional dependency C:\Users\BHUWAN\OneDrive\Desktop\JATINPAGE\ProductPulse-1\node_modules\vite\node_modules\@esbuild\netbsd-x64
156 silly reify mark deleted [
156 silly reify   'C:\\Users\\BHUWAN\\OneDrive\\Desktop\\JATINPAGE\\ProductPulse-1\\node_modules\\vite\\node_modules\\@esbuild\\netbsd-x64'
156 silly reify ]
157 verbose reify failed optional dependency C:\Users\BHUWAN\OneDrive\Desktop\JATINPAGE\ProductPulse-1\node_modules\vite\node_modules\@esbuild\linux-x64
158 silly reify mark deleted [
158 silly reify   'C:\\Users\\BHUWAN\\OneDrive\\Desktop\\JATINPAGE\\ProductPulse-1\\node_modules\\vite\\node_modules\\@esbuild\\linux-x64'
158 silly reify ]
159 verbose reify failed optional dependency C:\Users\BHUWAN\OneDrive\Desktop\JATINPAGE\ProductPulse-1\node_modules\vite\node_modules\@esbuild\linux-s390x
160 silly reify mark deleted [
160 silly reify   'C:\\Users\\BHUWAN\\OneDrive\\Desktop\\JATINPAGE\\ProductPulse-1\\node_modules\\vite\\node_modules\\@esbuild\\linux-s390x'
160 silly reify ]
161 verbose reify failed optional dependency C:\Users\BHUWAN\OneDrive\Desktop\JATINPAGE\ProductPulse-1\node_modules\vite\node_modules\@esbuild\linux-riscv64
162 silly reify mark deleted [
162 silly reify   'C:\\Users\\BHUWAN\\OneDrive\\Desktop\\JATINPAGE\\ProductPulse-1\\node_modules\\vite\\node_modules\\@esbuild\\linux-riscv64'
162 silly reify ]
163 verbose reify failed optional dependency C:\Users\BHUWAN\OneDrive\Desktop\JATINPAGE\ProductPulse-1\node_modules\vite\node_modules\@esbuild\linux-ppc64
164 silly reify mark deleted [
164 silly reify   'C:\\Users\\BHUWAN\\OneDrive\\Desktop\\JATINPAGE\\ProductPulse-1\\node_modules\\vite\\node_modules\\@esbuild\\linux-ppc64'
164 silly reify ]
165 verbose reify failed optional dependency C:\Users\BHUWAN\OneDrive\Desktop\JATINPAGE\ProductPulse-1\node_modules\vite\node_modules\@esbuild\linux-mips64el
166 silly reify mark deleted [
166 silly reify   'C:\\Users\\BHUWAN\\OneDrive\\Desktop\\JATINPAGE\\ProductPulse-1\\node_modules\\vite\\node_modules\\@esbuild\\linux-mips64el'
166 silly reify ]
167 verbose reify failed optional dependency C:\Users\BHUWAN\OneDrive\Desktop\JATINPAGE\ProductPulse-1\node_modules\vite\node_modules\@esbuild\linux-loong64
168 silly reify mark deleted [
168 silly reify   'C:\\Users\\BHUWAN\\OneDrive\\Desktop\\JATINPAGE\\ProductPulse-1\\node_modules\\vite\\node_modules\\@esbuild\\linux-loong64'
168 silly reify ]
169 verbose reify failed optional dependency C:\Users\BHUWAN\OneDrive\Desktop\JATINPAGE\ProductPulse-1\node_modules\vite\node_modules\@esbuild\linux-ia32
170 silly reify mark deleted [
170 silly reify   'C:\\Users\\BHUWAN\\OneDrive\\Desktop\\JATINPAGE\\ProductPulse-1\\node_modules\\vite\\node_modules\\@esbuild\\linux-ia32'
170 silly reify ]
171 verbose reify failed optional dependency C:\Users\BHUWAN\OneDrive\Desktop\JATINPAGE\ProductPulse-1\node_modules\vite\node_modules\@esbuild\linux-arm64
172 silly reify mark deleted [
172 silly reify   'C:\\Users\\BHUWAN\\OneDrive\\Desktop\\JATINPAGE\\ProductPulse-1\\node_modules\\vite\\node_modules\\@esbuild\\linux-arm64'
172 silly reify ]
173 verbose reify failed optional dependency C:\Users\BHUWAN\OneDrive\Desktop\JATINPAGE\ProductPulse-1\node_modules\vite\node_modules\@esbuild\linux-arm
174 silly reify mark deleted [
174 silly reify   'C:\\Users\\BHUWAN\\OneDrive\\Desktop\\JATINPAGE\\ProductPulse-1\\node_modules\\vite\\node_modules\\@esbuild\\linux-arm'
174 silly reify ]
175 verbose reify failed optional dependency C:\Users\BHUWAN\OneDrive\Desktop\JATINPAGE\ProductPulse-1\node_modules\vite\node_modules\@esbuild\freebsd-x64
176 silly reify mark deleted [
176 silly reify   'C:\\Users\\BHUWAN\\OneDrive\\Desktop\\JATINPAGE\\ProductPulse-1\\node_modules\\vite\\node_modules\\@esbuild\\freebsd-x64'
176 silly reify ]
177 verbose reify failed optional dependency C:\Users\BHUWAN\OneDrive\Desktop\JATINPAGE\ProductPulse-1\node_modules\vite\node_modules\@esbuild\freebsd-arm64
178 silly reify mark deleted [
178 silly reify   'C:\\Users\\BHUWAN\\OneDrive\\Desktop\\JATINPAGE\\ProductPulse-1\\node_modules\\vite\\node_modules\\@esbuild\\freebsd-arm64'
178 silly reify ]
179 verbose reify failed optional dependency C:\Users\BHUWAN\OneDrive\Desktop\JATINPAGE\ProductPulse-1\node_modules\vite\node_modules\@esbuild\darwin-x64
180 silly reify mark deleted [
180 silly reify   'C:\\Users\\BHUWAN\\OneDrive\\Desktop\\JATINPAGE\\ProductPulse-1\\node_modules\\vite\\node_modules\\@esbuild\\darwin-x64'
180 silly reify ]
181 verbose reify failed optional dependency C:\Users\BHUWAN\OneDrive\Desktop\JATINPAGE\ProductPulse-1\node_modules\vite\node_modules\@esbuild\darwin-arm64
182 silly reify mark deleted [
182 silly reify   'C:\\Users\\BHUWAN\\OneDrive\\Desktop\\JATINPAGE\\ProductPulse-1\\node_modules\\vite\\node_modules\\@esbuild\\darwin-arm64'
182 silly reify ]
183 verbose reify failed optional dependency C:\Users\BHUWAN\OneDrive\Desktop\JATINPAGE\ProductPulse-1\node_modules\vite\node_modules\@esbuild\android-x64
184 silly reify mark deleted [
184 silly reify   'C:\\Users\\BHUWAN\\OneDrive\\Desktop\\JATINPAGE\\ProductPulse-1\\node_modules\\vite\\node_modules\\@esbuild\\android-x64'
184 silly reify ]
185 verbose reify failed optional dependency C:\Users\BHUWAN\OneDrive\Desktop\JATINPAGE\ProductPulse-1\node_modules\vite\node_modules\@esbuild\android-arm64
186 silly reify mark deleted [
186 silly reify   'C:\\Users\\BHUWAN\\OneDrive\\Desktop\\JATINPAGE\\ProductPulse-1\\node_modules\\vite\\node_modules\\@esbuild\\android-arm64'
186 silly reify ]
187 verbose reify failed optional dependency C:\Users\BHUWAN\OneDrive\Desktop\JATINPAGE\ProductPulse-1\node_modules\vite\node_modules\@esbuild\android-arm
188 silly reify mark deleted [
188 silly reify   'C:\\Users\\BHUWAN\\OneDrive\\Desktop\\JATINPAGE\\ProductPulse-1\\node_modules\\vite\\node_modules\\@esbuild\\android-arm'
188 silly reify ]
189 verbose reify failed optional dependency C:\Users\BHUWAN\OneDrive\Desktop\JATINPAGE\ProductPulse-1\node_modules\vite\node_modules\@esbuild\aix-ppc64
190 silly reify mark deleted [
190 silly reify   'C:\\Users\\BHUWAN\\OneDrive\\Desktop\\JATINPAGE\\ProductPulse-1\\node_modules\\vite\\node_modules\\@esbuild\\aix-ppc64'
190 silly reify ]
191 verbose reify failed optional dependency C:\Users\BHUWAN\OneDrive\Desktop\JATINPAGE\ProductPulse-1\node_modules\drizzle-kit\node_modules\@esbuild\win32-ia32
192 silly reify mark deleted [
192 silly reify   'C:\\Users\\BHUWAN\\OneDrive\\Desktop\\JATINPAGE\\ProductPulse-1\\node_modules\\drizzle-kit\\node_modules\\@esbuild\\win32-ia32'
192 silly reify ]
193 verbose reify failed optional dependency C:\Users\BHUWAN\OneDrive\Desktop\JATINPAGE\ProductPulse-1\node_modules\drizzle-kit\node_modules\@esbuild\win32-arm64
194 silly reify mark deleted [
194 silly reify   'C:\\Users\\BHUWAN\\OneDrive\\Desktop\\JATINPAGE\\ProductPulse-1\\node_modules\\drizzle-kit\\node_modules\\@esbuild\\win32-arm64'
194 silly reify ]
195 verbose reify failed optional dependency C:\Users\BHUWAN\OneDrive\Desktop\JATINPAGE\ProductPulse-1\node_modules\drizzle-kit\node_modules\@esbuild\sunos-x64
196 silly reify mark deleted [
196 silly reify   'C:\\Users\\BHUWAN\\OneDrive\\Desktop\\JATINPAGE\\ProductPulse-1\\node_modules\\drizzle-kit\\node_modules\\@esbuild\\sunos-x64'
196 silly reify ]
197 verbose reify failed optional dependency C:\Users\BHUWAN\OneDrive\Desktop\JATINPAGE\ProductPulse-1\node_modules\drizzle-kit\node_modules\@esbuild\openbsd-x64
198 silly reify mark deleted [
198 silly reify   'C:\\Users\\BHUWAN\\OneDrive\\Desktop\\JATINPAGE\\ProductPulse-1\\node_modules\\drizzle-kit\\node_modules\\@esbuild\\openbsd-x64'
198 silly reify ]
199 verbose reify failed optional dependency C:\Users\BHUWAN\OneDrive\Desktop\JATINPAGE\ProductPulse-1\node_modules\drizzle-kit\node_modules\@esbuild\netbsd-x64
200 silly reify mark deleted [
200 silly reify   'C:\\Users\\BHUWAN\\OneDrive\\Desktop\\JATINPAGE\\ProductPulse-1\\node_modules\\drizzle-kit\\node_modules\\@esbuild\\netbsd-x64'
200 silly reify ]
201 verbose reify failed optional dependency C:\Users\BHUWAN\OneDrive\Desktop\JATINPAGE\ProductPulse-1\node_modules\drizzle-kit\node_modules\@esbuild\linux-x64
202 silly reify mark deleted [
202 silly reify   'C:\\Users\\BHUWAN\\OneDrive\\Desktop\\JATINPAGE\\ProductPulse-1\\node_modules\\drizzle-kit\\node_modules\\@esbuild\\linux-x64'
202 silly reify ]
203 verbose reify failed optional dependency C:\Users\BHUWAN\OneDrive\Desktop\JATINPAGE\ProductPulse-1\node_modules\drizzle-kit\node_modules\@esbuild\linux-s390x
204 silly reify mark deleted [
204 silly reify   'C:\\Users\\BHUWAN\\OneDrive\\Desktop\\JATINPAGE\\ProductPulse-1\\node_modules\\drizzle-kit\\node_modules\\@esbuild\\linux-s390x'
204 silly reify ]
205 verbose reify failed optional dependency C:\Users\BHUWAN\OneDrive\Desktop\JATINPAGE\ProductPulse-1\node_modules\drizzle-kit\node_modules\@esbuild\linux-riscv64
206 silly reify mark deleted [
206 silly reify   'C:\\Users\\BHUWAN\\OneDrive\\Desktop\\JATINPAGE\\ProductPulse-1\\node_modules\\drizzle-kit\\node_modules\\@esbuild\\linux-riscv64'
206 silly reify ]
207 verbose reify failed optional dependency C:\Users\BHUWAN\OneDrive\Desktop\JATINPAGE\ProductPulse-1\node_modules\drizzle-kit\node_modules\@esbuild\linux-ppc64
208 silly reify mark deleted [
208 silly reify   'C:\\Users\\BHUWAN\\OneDrive\\Desktop\\JATINPAGE\\ProductPulse-1\\node_modules\\drizzle-kit\\node_modules\\@esbuild\\linux-ppc64'
208 silly reify ]
209 verbose reify failed optional dependency C:\Users\BHUWAN\OneDrive\Desktop\JATINPAGE\ProductPulse-1\node_modules\drizzle-kit\node_modules\@esbuild\linux-mips64el
210 silly reify mark deleted [
210 silly reify   'C:\\Users\\BHUWAN\\OneDrive\\Desktop\\JATINPAGE\\ProductPulse-1\\node_modules\\drizzle-kit\\node_modules\\@esbuild\\linux-mips64el'
210 silly reify ]
211 verbose reify failed optional dependency C:\Users\BHUWAN\OneDrive\Desktop\JATINPAGE\ProductPulse-1\node_modules\drizzle-kit\node_modules\@esbuild\linux-loong64
212 silly reify mark deleted [
212 silly reify   'C:\\Users\\BHUWAN\\OneDrive\\Desktop\\JATINPAGE\\ProductPulse-1\\node_modules\\drizzle-kit\\node_modules\\@esbuild\\linux-loong64'
212 silly reify ]
213 verbose reify failed optional dependency C:\Users\BHUWAN\OneDrive\Desktop\JATINPAGE\ProductPulse-1\node_modules\drizzle-kit\node_modules\@esbuild\linux-ia32
214 silly reify mark deleted [
214 silly reify   'C:\\Users\\BHUWAN\\OneDrive\\Desktop\\JATINPAGE\\ProductPulse-1\\node_modules\\drizzle-kit\\node_modules\\@esbuild\\linux-ia32'
214 silly reify ]
215 verbose reify failed optional dependency C:\Users\BHUWAN\OneDrive\Desktop\JATINPAGE\ProductPulse-1\node_modules\drizzle-kit\node_modules\@esbuild\linux-arm64
216 silly reify mark deleted [
216 silly reify   'C:\\Users\\BHUWAN\\OneDrive\\Desktop\\JATINPAGE\\ProductPulse-1\\node_modules\\drizzle-kit\\node_modules\\@esbuild\\linux-arm64'
216 silly reify ]
217 verbose reify failed optional dependency C:\Users\BHUWAN\OneDrive\Desktop\JATINPAGE\ProductPulse-1\node_modules\drizzle-kit\node_modules\@esbuild\linux-arm
218 silly reify mark deleted [
218 silly reify   'C:\\Users\\BHUWAN\\OneDrive\\Desktop\\JATINPAGE\\ProductPulse-1\\node_modules\\drizzle-kit\\node_modules\\@esbuild\\linux-arm'
218 silly reify ]
219 verbose reify failed optional dependency C:\Users\BHUWAN\OneDrive\Desktop\JATINPAGE\ProductPulse-1\node_modules\drizzle-kit\node_modules\@esbuild\freebsd-x64
220 silly reify mark deleted [
220 silly reify   'C:\\Users\\BHUWAN\\OneDrive\\Desktop\\JATINPAGE\\ProductPulse-1\\node_modules\\drizzle-kit\\node_modules\\@esbuild\\freebsd-x64'
220 silly reify ]
221 verbose reify failed optional dependency C:\Users\BHUWAN\OneDrive\Desktop\JATINPAGE\ProductPulse-1\node_modules\drizzle-kit\node_modules\@esbuild\freebsd-arm64
222 silly reify mark deleted [
222 silly reify   'C:\\Users\\BHUWAN\\OneDrive\\Desktop\\JATINPAGE\\ProductPulse-1\\node_modules\\drizzle-kit\\node_modules\\@esbuild\\freebsd-arm64'
222 silly reify ]
223 verbose reify failed optional dependency C:\Users\BHUWAN\OneDrive\Desktop\JATINPAGE\ProductPulse-1\node_modules\drizzle-kit\node_modules\@esbuild\darwin-x64
224 silly reify mark deleted [
224 silly reify   'C:\\Users\\BHUWAN\\OneDrive\\Desktop\\JATINPAGE\\ProductPulse-1\\node_modules\\drizzle-kit\\node_modules\\@esbuild\\darwin-x64'
224 silly reify ]
225 verbose reify failed optional dependency C:\Users\BHUWAN\OneDrive\Desktop\JATINPAGE\ProductPulse-1\node_modules\drizzle-kit\node_modules\@esbuild\darwin-arm64
226 silly reify mark deleted [
226 silly reify   'C:\\Users\\BHUWAN\\OneDrive\\Desktop\\JATINPAGE\\ProductPulse-1\\node_modules\\drizzle-kit\\node_modules\\@esbuild\\darwin-arm64'
226 silly reify ]
227 verbose reify failed optional dependency C:\Users\BHUWAN\OneDrive\Desktop\JATINPAGE\ProductPulse-1\node_modules\drizzle-kit\node_modules\@esbuild\android-x64
228 silly reify mark deleted [
228 silly reify   'C:\\Users\\BHUWAN\\OneDrive\\Desktop\\JATINPAGE\\ProductPulse-1\\node_modules\\drizzle-kit\\node_modules\\@esbuild\\android-x64'
228 silly reify ]
229 verbose reify failed optional dependency C:\Users\BHUWAN\OneDrive\Desktop\JATINPAGE\ProductPulse-1\node_modules\drizzle-kit\node_modules\@esbuild\android-arm64
230 silly reify mark deleted [
230 silly reify   'C:\\Users\\BHUWAN\\OneDrive\\Desktop\\JATINPAGE\\ProductPulse-1\\node_modules\\drizzle-kit\\node_modules\\@esbuild\\android-arm64'
230 silly reify ]
231 verbose reify failed optional dependency C:\Users\BHUWAN\OneDrive\Desktop\JATINPAGE\ProductPulse-1\node_modules\drizzle-kit\node_modules\@esbuild\android-arm
232 silly reify mark deleted [
232 silly reify   'C:\\Users\\BHUWAN\\OneDrive\\Desktop\\JATINPAGE\\ProductPulse-1\\node_modules\\drizzle-kit\\node_modules\\@esbuild\\android-arm'
232 silly reify ]
233 verbose reify failed optional dependency C:\Users\BHUWAN\OneDrive\Desktop\JATINPAGE\ProductPulse-1\node_modules\drizzle-kit\node_modules\@esbuild\aix-ppc64
234 silly reify mark deleted [
234 silly reify   'C:\\Users\\BHUWAN\\OneDrive\\Desktop\\JATINPAGE\\ProductPulse-1\\node_modules\\drizzle-kit\\node_modules\\@esbuild\\aix-ppc64'
234 silly reify ]
235 verbose reify failed optional dependency C:\Users\BHUWAN\OneDrive\Desktop\JATINPAGE\ProductPulse-1\node_modules\@esbuild-kit\core-utils\node_modules\@esbuild\win32-ia32
236 silly reify mark deleted [
236 silly reify   'C:\\Users\\BHUWAN\\OneDrive\\Desktop\\JATINPAGE\\ProductPulse-1\\node_modules\\@esbuild-kit\\core-utils\\node_modules\\@esbuild\\win32-ia32'
236 silly reify ]
237 verbose reify failed optional dependency C:\Users\BHUWAN\OneDrive\Desktop\JATINPAGE\ProductPulse-1\node_modules\@esbuild-kit\core-utils\node_modules\@esbuild\win32-arm64
238 silly reify mark deleted [
238 silly reify   'C:\\Users\\BHUWAN\\OneDrive\\Desktop\\JATINPAGE\\ProductPulse-1\\node_modules\\@esbuild-kit\\core-utils\\node_modules\\@esbuild\\win32-arm64'
238 silly reify ]
239 verbose reify failed optional dependency C:\Users\BHUWAN\OneDrive\Desktop\JATINPAGE\ProductPulse-1\node_modules\@esbuild-kit\core-utils\node_modules\@esbuild\sunos-x64
240 silly reify mark deleted [
240 silly reify   'C:\\Users\\BHUWAN\\OneDrive\\Desktop\\JATINPAGE\\ProductPulse-1\\node_modules\\@esbuild-kit\\core-utils\\node_modules\\@esbuild\\sunos-x64'
240 silly reify ]
241 verbose reify failed optional dependency C:\Users\BHUWAN\OneDrive\Desktop\JATINPAGE\ProductPulse-1\node_modules\@esbuild-kit\core-utils\node_modules\@esbuild\openbsd-x64
242 silly reify mark deleted [
242 silly reify   'C:\\Users\\BHUWAN\\OneDrive\\Desktop\\JATINPAGE\\ProductPulse-1\\node_modules\\@esbuild-kit\\core-utils\\node_modules\\@esbuild\\openbsd-x64'
242 silly reify ]
243 verbose reify failed optional dependency C:\Users\BHUWAN\OneDrive\Desktop\JATINPAGE\ProductPulse-1\node_modules\@esbuild-kit\core-utils\node_modules\@esbuild\netbsd-x64
244 silly reify mark deleted [
244 silly reify   'C:\\Users\\BHUWAN\\OneDrive\\Desktop\\JATINPAGE\\ProductPulse-1\\node_modules\\@esbuild-kit\\core-utils\\node_modules\\@esbuild\\netbsd-x64'
244 silly reify ]
245 verbose reify failed optional dependency C:\Users\BHUWAN\OneDrive\Desktop\JATINPAGE\ProductPulse-1\node_modules\@esbuild-kit\core-utils\node_modules\@esbuild\linux-x64
246 silly reify mark deleted [
246 silly reify   'C:\\Users\\BHUWAN\\OneDrive\\Desktop\\JATINPAGE\\ProductPulse-1\\node_modules\\@esbuild-kit\\core-utils\\node_modules\\@esbuild\\linux-x64'
246 silly reify ]
247 verbose reify failed optional dependency C:\Users\BHUWAN\OneDrive\Desktop\JATINPAGE\ProductPulse-1\node_modules\@esbuild-kit\core-utils\node_modules\@esbuild\linux-s390x
248 silly reify mark deleted [
248 silly reify   'C:\\Users\\BHUWAN\\OneDrive\\Desktop\\JATINPAGE\\ProductPulse-1\\node_modules\\@esbuild-kit\\core-utils\\node_modules\\@esbuild\\linux-s390x'
248 silly reify ]
249 verbose reify failed optional dependency C:\Users\BHUWAN\OneDrive\Desktop\JATINPAGE\ProductPulse-1\node_modules\@esbuild-kit\core-utils\node_modules\@esbuild\linux-riscv64
250 silly reify mark deleted [
250 silly reify   'C:\\Users\\BHUWAN\\OneDrive\\Desktop\\JATINPAGE\\ProductPulse-1\\node_modules\\@esbuild-kit\\core-utils\\node_modules\\@esbuild\\linux-riscv64'
250 silly reify ]
251 verbose reify failed optional dependency C:\Users\BHUWAN\OneDrive\Desktop\JATINPAGE\ProductPulse-1\node_modules\@esbuild-kit\core-utils\node_modules\@esbuild\linux-ppc64
252 silly reify mark deleted [
252 silly reify   'C:\\Users\\BHUWAN\\OneDrive\\Desktop\\JATINPAGE\\ProductPulse-1\\node_modules\\@esbuild-kit\\core-utils\\node_modules\\@esbuild\\linux-ppc64'
252 silly reify ]
253 verbose reify failed optional dependency C:\Users\BHUWAN\OneDrive\Desktop\JATINPAGE\ProductPulse-1\node_modules\@esbuild-kit\core-utils\node_modules\@esbuild\linux-mips64el
254 silly reify mark deleted [
254 silly reify   'C:\\Users\\BHUWAN\\OneDrive\\Desktop\\JATINPAGE\\ProductPulse-1\\node_modules\\@esbuild-kit\\core-utils\\node_modules\\@esbuild\\linux-mips64el'
254 silly reify ]
255 verbose reify failed optional dependency C:\Users\BHUWAN\OneDrive\Desktop\JATINPAGE\ProductPulse-1\node_modules\@esbuild-kit\core-utils\node_modules\@esbuild\linux-loong64
256 silly reify mark deleted [
256 silly reify   'C:\\Users\\BHUWAN\\OneDrive\\Desktop\\JATINPAGE\\ProductPulse-1\\node_modules\\@esbuild-kit\\core-utils\\node_modules\\@esbuild\\linux-loong64'
256 silly reify ]
257 verbose reify failed optional dependency C:\Users\BHUWAN\OneDrive\Desktop\JATINPAGE\ProductPulse-1\node_modules\@esbuild-kit\core-utils\node_modules\@esbuild\linux-ia32
258 silly reify mark deleted [
258 silly reify   'C:\\Users\\BHUWAN\\OneDrive\\Desktop\\JATINPAGE\\ProductPulse-1\\node_modules\\@esbuild-kit\\core-utils\\node_modules\\@esbuild\\linux-ia32'
258 silly reify ]
259 verbose reify failed optional dependency C:\Users\BHUWAN\OneDrive\Desktop\JATINPAGE\ProductPulse-1\node_modules\@esbuild-kit\core-utils\node_modules\@esbuild\linux-arm64
260 silly reify mark deleted [
260 silly reify   'C:\\Users\\BHUWAN\\OneDrive\\Desktop\\JATINPAGE\\ProductPulse-1\\node_modules\\@esbuild-kit\\core-utils\\node_modules\\@esbuild\\linux-arm64'
260 silly reify ]
261 verbose reify failed optional dependency C:\Users\BHUWAN\OneDrive\Desktop\JATINPAGE\ProductPulse-1\node_modules\@esbuild-kit\core-utils\node_modules\@esbuild\linux-arm
262 silly reify mark deleted [
262 silly reify   'C:\\Users\\BHUWAN\\OneDrive\\Desktop\\JATINPAGE\\ProductPulse-1\\node_modules\\@esbuild-kit\\core-utils\\node_modules\\@esbuild\\linux-arm'
262 silly reify ]
263 verbose reify failed optional dependency C:\Users\BHUWAN\OneDrive\Desktop\JATINPAGE\ProductPulse-1\node_modules\@esbuild-kit\core-utils\node_modules\@esbuild\freebsd-x64
264 silly reify mark deleted [
264 silly reify   'C:\\Users\\BHUWAN\\OneDrive\\Desktop\\JATINPAGE\\ProductPulse-1\\node_modules\\@esbuild-kit\\core-utils\\node_modules\\@esbuild\\freebsd-x64'
264 silly reify ]
265 verbose reify failed optional dependency C:\Users\BHUWAN\OneDrive\Desktop\JATINPAGE\ProductPulse-1\node_modules\@esbuild-kit\core-utils\node_modules\@esbuild\freebsd-arm64
266 silly reify mark deleted [
266 silly reify   'C:\\Users\\BHUWAN\\OneDrive\\Desktop\\JATINPAGE\\ProductPulse-1\\node_modules\\@esbuild-kit\\core-utils\\node_modules\\@esbuild\\freebsd-arm64'
266 silly reify ]
267 verbose reify failed optional dependency C:\Users\BHUWAN\OneDrive\Desktop\JATINPAGE\ProductPulse-1\node_modules\@esbuild-kit\core-utils\node_modules\@esbuild\darwin-x64
268 silly reify mark deleted [
268 silly reify   'C:\\Users\\BHUWAN\\OneDrive\\Desktop\\JATINPAGE\\ProductPulse-1\\node_modules\\@esbuild-kit\\core-utils\\node_modules\\@esbuild\\darwin-x64'
268 silly reify ]
269 verbose reify failed optional dependency C:\Users\BHUWAN\OneDrive\Desktop\JATINPAGE\ProductPulse-1\node_modules\@esbuild-kit\core-utils\node_modules\@esbuild\darwin-arm64
270 silly reify mark deleted [
270 silly reify   'C:\\Users\\BHUWAN\\OneDrive\\Desktop\\JATINPAGE\\ProductPulse-1\\node_modules\\@esbuild-kit\\core-utils\\node_modules\\@esbuild\\darwin-arm64'
270 silly reify ]
271 verbose reify failed optional dependency C:\Users\BHUWAN\OneDrive\Desktop\JATINPAGE\ProductPulse-1\node_modules\@esbuild-kit\core-utils\node_modules\@esbuild\android-x64
272 silly reify mark deleted [
272 silly reify   'C:\\Users\\BHUWAN\\OneDrive\\Desktop\\JATINPAGE\\ProductPulse-1\\node_modules\\@esbuild-kit\\core-utils\\node_modules\\@esbuild\\android-x64'
272 silly reify ]
273 verbose reify failed optional dependency C:\Users\BHUWAN\OneDrive\Desktop\JATINPAGE\ProductPulse-1\node_modules\@esbuild-kit\core-utils\node_modules\@esbuild\android-arm64
274 silly reify mark deleted [
274 silly reify   'C:\\Users\\BHUWAN\\OneDrive\\Desktop\\JATINPAGE\\ProductPulse-1\\node_modules\\@esbuild-kit\\core-utils\\node_modules\\@esbuild\\android-arm64'
274 silly reify ]
275 verbose reify failed optional dependency C:\Users\BHUWAN\OneDrive\Desktop\JATINPAGE\ProductPulse-1\node_modules\@esbuild-kit\core-utils\node_modules\@esbuild\android-arm
276 silly reify mark deleted [
276 silly reify   'C:\\Users\\BHUWAN\\OneDrive\\Desktop\\JATINPAGE\\ProductPulse-1\\node_modules\\@esbuild-kit\\core-utils\\node_modules\\@esbuild\\android-arm'
276 silly reify ]
277 silly tarball no local data for nodemailer@https://registry.npmjs.org/nodemailer/-/nodemailer-7.0.3.tgz. Extracting by manifest.
278 http fetch GET 200 https://registry.npmjs.org/nodemailer/-/nodemailer-7.0.3.tgz 263ms (cache miss)
279 http fetch POST 200 https://registry.npmjs.org/-/npm/v1/security/advisories/bulk 369ms
280 silly audit report {
280 silly audit report   '@babel/helpers': [
280 silly audit report     {
280 silly audit report       id: 1104001,
280 silly audit report       url: 'https://github.com/advisories/GHSA-968p-4wvh-cqc8',
280 silly audit report       title: 'Babel has inefficient RegExp complexity in generated code with .replace when transpiling named capturing groups',
280 silly audit report       severity: 'moderate',
280 silly audit report       vulnerable_versions: '<7.26.10',
280 silly audit report       cwe: [Array],
280 silly audit report       cvss: [Object]
280 silly audit report     }
280 silly audit report   ],
280 silly audit report   esbuild: [
280 silly audit report     {
280 silly audit report       id: 1102341,
280 silly audit report       url: 'https://github.com/advisories/GHSA-67mh-4wv8-2f99',
280 silly audit report       title: 'esbuild enables any website to send any requests to the development server and read the response',
280 silly audit report       severity: 'moderate',
280 silly audit report       vulnerable_versions: '<=0.24.2',
280 silly audit report       cwe: [Array],
280 silly audit report       cvss: [Object]
280 silly audit report     }
280 silly audit report   ],
280 silly audit report   'brace-expansion': [
280 silly audit report     {
280 silly audit report       id: 1105444,
280 silly audit report       url: 'https://github.com/advisories/GHSA-v6h2-p8h4-qcjw',
280 silly audit report       title: 'brace-expansion Regular Expression Denial of Service vulnerability',
280 silly audit report       severity: 'low',
280 silly audit report       vulnerable_versions: '>=2.0.0 <=2.0.1',
280 silly audit report       cwe: [Array],
280 silly audit report       cvss: [Object]
280 silly audit report     }
280 silly audit report   ],
280 silly audit report   vite: [
280 silly audit report     {
280 silly audit report       id: 1103517,
280 silly audit report       url: 'https://github.com/advisories/GHSA-x574-m823-4x7w',
280 silly audit report       title: 'Vite bypasses server.fs.deny when using ?raw??',
280 silly audit report       severity: 'moderate',
280 silly audit report       vulnerable_versions: '>=5.0.0 <5.4.15',
280 silly audit report       cwe: [Array],
280 silly audit report       cvss: [Object]
280 silly audit report     },
280 silly audit report     {
280 silly audit report       id: 1103628,
280 silly audit report       url: 'https://github.com/advisories/GHSA-4r4m-qw57-chr8',
280 silly audit report       title: 'Vite has a `server.fs.deny` bypassed for `inline` and `raw` with `?import` query',
280 silly audit report       severity: 'moderate',
280 silly audit report       vulnerable_versions: '>=5.0.0 <5.4.16',
280 silly audit report       cwe: [Array],
280 silly audit report       cvss: [Object]
280 silly audit report     },
280 silly audit report     {
280 silly audit report       id: 1103884,
280 silly audit report       url: 'https://github.com/advisories/GHSA-356w-63v5-8wf4',
280 silly audit report       title: 'Vite has an `server.fs.deny` bypass with an invalid `request-target`',
280 silly audit report       severity: 'moderate',
280 silly audit report       vulnerable_versions: '>=5.0.0 <5.4.18',
280 silly audit report       cwe: [Array],
280 silly audit report       cvss: [Object]
280 silly audit report     },
280 silly audit report     {
280 silly audit report       id: 1104173,
280 silly audit report       url: 'https://github.com/advisories/GHSA-859w-5945-r5v3',
280 silly audit report       title: "Vite's server.fs.deny bypassed with /. for files under project root",
280 silly audit report       severity: 'moderate',
280 silly audit report       vulnerable_versions: '>=5.0.0 <=5.4.18',
280 silly audit report       cwe: [Array],
280 silly audit report       cvss: [Object]
280 silly audit report     },
280 silly audit report     {
280 silly audit report       id: 1104202,
280 silly audit report       url: 'https://github.com/advisories/GHSA-xcj6-pq6g-qj4x',
280 silly audit report       title: 'Vite allows server.fs.deny to be bypassed with .svg or relative paths',
280 silly audit report       severity: 'moderate',
280 silly audit report       vulnerable_versions: '>=5.0.0 <5.4.17',
280 silly audit report       cwe: [Array],
280 silly audit report       cvss: [Object]
280 silly audit report     }
280 silly audit report   ]
280 silly audit report }
281 silly packumentCache corgi:https://registry.npmjs.org/@babel%2fhelpers cache-miss
282 silly packumentCache corgi:https://registry.npmjs.org/esbuild cache-miss
283 silly packumentCache corgi:https://registry.npmjs.org/brace-expansion cache-miss
284 silly packumentCache corgi:https://registry.npmjs.org/vite cache-miss
285 http fetch GET 200 https://registry.npmjs.org/brace-expansion 271ms (cache revalidated)
286 silly packumentCache corgi:https://registry.npmjs.org/brace-expansion set size:16192 disposed:false
287 http fetch GET 200 https://registry.npmjs.org/esbuild 289ms (cache revalidated)
288 silly packumentCache corgi:https://registry.npmjs.org/esbuild set size:861077 disposed:false
289 http fetch GET 200 https://registry.npmjs.org/@babel%2fhelpers 328ms (cache revalidated)
290 silly packumentCache corgi:https://registry.npmjs.org/@babel%2fhelpers set size:197848 disposed:false
291 http fetch GET 200 https://registry.npmjs.org/vite 672ms (cache updated)
292 silly packumentCache corgi:https://registry.npmjs.org/vite set size:undefined disposed:false
293 silly packumentCache corgi:https://registry.npmjs.org/@babel%2fcore cache-miss
294 http fetch GET 200 https://registry.npmjs.org/@babel%2fcore 61ms (cache revalidated)
295 silly packumentCache corgi:https://registry.npmjs.org/@babel%2fcore set size:386965 disposed:false
296 silly packumentCache corgi:https://registry.npmjs.org/@esbuild-kit%2fcore-utils cache-miss
297 silly packumentCache corgi:https://registry.npmjs.org/drizzle-kit cache-miss
298 http fetch GET 200 https://registry.npmjs.org/drizzle-kit 77ms (cache revalidated)
299 silly packumentCache corgi:https://registry.npmjs.org/drizzle-kit set size:2036340 disposed:false
300 http fetch GET 200 https://registry.npmjs.org/@esbuild-kit%2fcore-utils 232ms (cache revalidated)
301 silly packumentCache corgi:https://registry.npmjs.org/@esbuild-kit%2fcore-utils set size:50014 disposed:false
302 silly packumentCache corgi:https://registry.npmjs.org/minimatch cache-miss
303 http fetch GET 200 https://registry.npmjs.org/minimatch 45ms (cache revalidated)
304 silly packumentCache corgi:https://registry.npmjs.org/minimatch set size:143741 disposed:false
305 silly packumentCache corgi:https://registry.npmjs.org/@tailwindcss%2fvite cache-miss
306 silly packumentCache corgi:https://registry.npmjs.org/@vitejs%2fplugin-react cache-miss
307 http fetch GET 200 https://registry.npmjs.org/@vitejs%2fplugin-react 91ms (cache revalidated)
308 silly packumentCache corgi:https://registry.npmjs.org/@vitejs%2fplugin-react set size:92339 disposed:false
309 http fetch GET 200 https://registry.npmjs.org/@tailwindcss%2fvite 252ms (cache updated)
310 silly packumentCache corgi:https://registry.npmjs.org/@tailwindcss%2fvite set size:undefined disposed:false
311 silly packumentCache corgi:https://registry.npmjs.org/@esbuild-kit%2fesm-loader cache-miss
312 http fetch GET 200 https://registry.npmjs.org/@esbuild-kit%2fesm-loader 218ms (cache revalidated)
313 silly packumentCache corgi:https://registry.npmjs.org/@esbuild-kit%2fesm-loader set size:48202 disposed:false
314 silly ADD node_modules/nodemailer
315 silly ADD
316 silly ADD
317 silly ADD
318 silly ADD
319 silly ADD
320 silly ADD
321 silly ADD
322 silly ADD
323 silly ADD
324 silly ADD
325 silly ADD
326 silly ADD
327 silly ADD
328 silly ADD
329 silly ADD
330 silly ADD
331 silly ADD
332 silly ADD
333 silly ADD
334 silly ADD
335 silly ADD
336 silly ADD
337 silly ADD
338 silly ADD
339 silly ADD
340 silly ADD
341 silly ADD
342 silly ADD
343 silly ADD
344 silly ADD
345 silly ADD
346 silly ADD
347 silly ADD
348 silly ADD
349 silly ADD
350 silly ADD
351 silly ADD
352 silly ADD
353 silly ADD
354 silly ADD
355 silly ADD
356 silly ADD
357 silly ADD
358 silly ADD
359 silly ADD
360 silly ADD
361 silly ADD
362 silly ADD
363 silly ADD
364 silly ADD
365 silly ADD
366 silly ADD
367 silly ADD
368 silly ADD
369 silly ADD
370 silly ADD
371 silly ADD
372 silly ADD
373 silly ADD
374 silly ADD
375 silly ADD
376 silly ADD
377 silly ADD
378 silly ADD
379 silly ADD
380 silly ADD
381 silly ADD
382 silly ADD
383 silly ADD
384 silly ADD
385 silly ADD
386 silly ADD
387 silly ADD
388 silly ADD
389 silly ADD
390 silly ADD
391 silly ADD
392 silly ADD
393 silly ADD
394 silly ADD
395 silly ADD
396 silly ADD
397 silly ADD
398 silly ADD
399 silly ADD
400 silly ADD
401 silly ADD
402 silly ADD
403 silly ADD
404 silly ADD
405 silly ADD
406 silly ADD
407 silly ADD
408 silly ADD
409 silly ADD
410 silly ADD
411 silly ADD
412 silly ADD
413 silly ADD
414 silly ADD
415 silly ADD
416 silly ADD
417 silly ADD
418 silly ADD
419 silly ADD
420 silly ADD
421 silly ADD
422 silly ADD
423 silly ADD
424 silly ADD
425 silly ADD
426 silly ADD
427 silly ADD
428 silly ADD
429 silly ADD
430 silly ADD
431 silly ADD
432 silly ADD
433 silly ADD
434 silly ADD
435 silly ADD
436 silly ADD
437 silly ADD
438 silly ADD
439 silly ADD
440 silly ADD
441 verbose cwd C:\Users\BHUWAN\OneDrive\Desktop\JATINPAGE\ProductPulse-1
442 verbose os Windows_NT 10.0.26120
443 verbose node v22.16.0
444 verbose npm  v10.9.0
445 verbose exit 0
446 info ok
