0 verbose cli C:\Program Files\nodejs\node.exe C:\Users\BHUWAN\AppData\Roaming\npm\node_modules\npm\bin\npm-cli.js
1 info using npm@10.9.0
2 info using node@v22.16.0
3 silly config load:file:C:\Users\BHUWAN\AppData\Roaming\npm\node_modules\npm\npmrc
4 silly config load:file:C:\Users\BHUWAN\OneDrive\Desktop\JATINPAGE\ProductPulse-1\client\.npmrc
5 silly config load:file:C:\Users\BHUWAN\.npmrc
6 silly config load:file:C:\Users\BHUWAN\AppData\Roaming\npm\etc\npmrc
7 verbose title npm install
8 verbose argv "install"
9 verbose logfile logs-max:10 dir:C:\Users\BHUWAN\OneDrive\Desktop\JATINPAGE\ProductPulse-1\client\UsersBHUWANAppDataLocalnpm-cache\_logs\2025-06-27T09_55_50_266Z-
10 verbose logfile C:\Users\BHUWAN\OneDrive\Desktop\JATINPAGE\ProductPulse-1\client\UsersBHUWANAppDataLocalnpm-cache\_logs\2025-06-27T09_55_50_266Z-debug-0.log
11 silly logfile start cleaning logs, removing 1 files
12 silly packumentCache heap:4345298944 maxSize:1086324736 maxEntrySize:543162368
13 silly logfile done cleaning log files
14 silly idealTree buildDeps
15 silly fetch manifest three@^0.156.1
16 silly packumentCache full:https://registry.npmjs.org/three cache-miss
17 http fetch GET 200 https://registry.npmjs.org/three 551ms (cache miss)
18 silly packumentCache full:https://registry.npmjs.org/three set size:undefined disposed:false
19 silly fetch manifest input-otp@^2.0.0
20 silly packumentCache full:https://registry.npmjs.org/input-otp cache-miss
21 http fetch GET 200 https://registry.npmjs.org/input-otp 241ms (cache miss)
22 silly packumentCache full:https://registry.npmjs.org/input-otp set size:undefined disposed:false
23 silly fetch manifest lucide-react@^0.367.0
24 silly packumentCache full:https://registry.npmjs.org/lucide-react cache-miss
25 http fetch GET 200 https://registry.npmjs.org/lucide-react 221ms (cache miss)
26 silly packumentCache full:https://registry.npmjs.org/lucide-react set size:undefined disposed:false
27 silly fetch manifest react@^18.2.0
28 silly packumentCache full:https://registry.npmjs.org/react cache-miss
29 http fetch GET 200 https://registry.npmjs.org/react 15ms (cache hit)
30 silly packumentCache full:https://registry.npmjs.org/react set size:5804529 disposed:false
31 silly fetch manifest embla-carousel-react@^8.0.0
32 silly packumentCache full:https://registry.npmjs.org/embla-carousel-react cache-miss
33 http fetch GET 200 https://registry.npmjs.org/embla-carousel-react 109ms (cache miss)
34 silly packumentCache full:https://registry.npmjs.org/embla-carousel-react set size:undefined disposed:false
35 silly fetch manifest @radix-ui/react-toast@^1.1.4
36 silly packumentCache full:https://registry.npmjs.org/@radix-ui%2freact-toast cache-miss
37 http fetch GET 200 https://registry.npmjs.org/@radix-ui%2freact-toast 155ms (cache miss)
38 silly packumentCache full:https://registry.npmjs.org/@radix-ui%2freact-toast set size:undefined disposed:false
39 silly fetch manifest @types/react@*
40 silly packumentCache full:https://registry.npmjs.org/@types%2freact cache-miss
41 http fetch GET 200 https://registry.npmjs.org/@types%2freact 8ms (cache hit)
42 silly packumentCache full:https://registry.npmjs.org/@types%2freact set size:2412792 disposed:false
43 silly fetch manifest @types/react-dom@*
44 silly packumentCache full:https://registry.npmjs.org/@types%2freact-dom cache-miss
45 http fetch GET 200 https://registry.npmjs.org/@types%2freact-dom 144ms (cache miss)
46 silly packumentCache full:https://registry.npmjs.org/@types%2freact-dom set size:undefined disposed:false
47 silly fetch manifest react-dom@^18.2.0
48 silly packumentCache full:https://registry.npmjs.org/react-dom cache-miss
49 http fetch GET 200 https://registry.npmjs.org/react-dom 15ms (cache hit)
50 silly packumentCache full:https://registry.npmjs.org/react-dom set size:7419666 disposed:false
51 silly fetch manifest class-variance-authority@^0.7.0
52 silly packumentCache full:https://registry.npmjs.org/class-variance-authority cache-miss
53 http fetch GET 200 https://registry.npmjs.org/class-variance-authority 119ms (cache miss)
54 silly packumentCache full:https://registry.npmjs.org/class-variance-authority set size:undefined disposed:false
55 silly fetch manifest @radix-ui/react-aspect-ratio@^1.0.7
56 silly packumentCache full:https://registry.npmjs.org/@radix-ui%2freact-aspect-ratio cache-miss
57 http fetch GET 200 https://registry.npmjs.org/@radix-ui%2freact-aspect-ratio 162ms (cache miss)
58 silly packumentCache full:https://registry.npmjs.org/@radix-ui%2freact-aspect-ratio set size:undefined disposed:false
59 silly fetch manifest @radix-ui/react-dialog@^1.0.6
60 silly packumentCache full:https://registry.npmjs.org/@radix-ui%2freact-dialog cache-miss
61 http fetch GET 200 https://registry.npmjs.org/@radix-ui%2freact-dialog 138ms (cache miss)
62 silly packumentCache full:https://registry.npmjs.org/@radix-ui%2freact-dialog set size:undefined disposed:false
63 silly fetch manifest @radix-ui/react-avatar@^1.0.6
64 silly packumentCache full:https://registry.npmjs.org/@radix-ui%2freact-avatar cache-miss
65 http fetch GET 200 https://registry.npmjs.org/@radix-ui%2freact-avatar 372ms (cache miss)
66 silly packumentCache full:https://registry.npmjs.org/@radix-ui%2freact-avatar set size:undefined disposed:false
67 silly fetch manifest @radix-ui/react-radio-group@^1.0.6
68 silly packumentCache full:https://registry.npmjs.org/@radix-ui%2freact-radio-group cache-miss
69 http fetch GET 200 https://registry.npmjs.org/@radix-ui%2freact-radio-group 454ms (cache miss)
70 silly packumentCache full:https://registry.npmjs.org/@radix-ui%2freact-radio-group set size:undefined disposed:false
71 silly fetch manifest @radix-ui/react-switch@^1.0.6
72 silly packumentCache full:https://registry.npmjs.org/@radix-ui%2freact-switch cache-miss
73 http fetch GET 200 https://registry.npmjs.org/@radix-ui%2freact-switch 161ms (cache miss)
74 silly packumentCache full:https://registry.npmjs.org/@radix-ui%2freact-switch set size:undefined disposed:false
75 silly fetch manifest @radix-ui/react-slot@^1.0.2
76 silly packumentCache full:https://registry.npmjs.org/@radix-ui%2freact-slot cache-miss
77 http fetch GET 200 https://registry.npmjs.org/@radix-ui%2freact-slot 118ms (cache miss)
78 silly packumentCache full:https://registry.npmjs.org/@radix-ui%2freact-slot set size:undefined disposed:false
79 silly fetch manifest @radix-ui/react-accordion@^1.0.6
80 silly packumentCache full:https://registry.npmjs.org/@radix-ui%2freact-accordion cache-miss
81 http fetch GET 200 https://registry.npmjs.org/@radix-ui%2freact-accordion 498ms (cache miss)
82 silly packumentCache full:https://registry.npmjs.org/@radix-ui%2freact-accordion set size:undefined disposed:false
83 silly fetch manifest recharts@^2.7.2
84 silly packumentCache full:https://registry.npmjs.org/recharts cache-miss
85 http fetch GET 200 https://registry.npmjs.org/recharts 118ms (cache miss)
86 silly packumentCache full:https://registry.npmjs.org/recharts set size:undefined disposed:false
87 silly fetch manifest date-fns@^2.30.0
88 silly packumentCache full:https://registry.npmjs.org/date-fns cache-miss
89 http fetch GET 200 https://registry.npmjs.org/date-fns 305ms (cache miss)
90 silly packumentCache full:https://registry.npmjs.org/date-fns set size:undefined disposed:false
91 silly fetch manifest react-day-picker@^10.8.0
92 silly packumentCache full:https://registry.npmjs.org/react-day-picker cache-miss
93 http fetch GET 200 https://registry.npmjs.org/react-day-picker 114ms (cache miss)
94 silly packumentCache full:https://registry.npmjs.org/react-day-picker set size:undefined disposed:false
95 silly fetch manifest tailwind-merge@^2.2.0
96 silly packumentCache full:https://registry.npmjs.org/tailwind-merge cache-miss
97 http fetch GET 200 https://registry.npmjs.org/tailwind-merge 109ms (cache miss)
98 silly packumentCache full:https://registry.npmjs.org/tailwind-merge set size:undefined disposed:false
99 silly fetch manifest clsx@^2.1.0
100 silly packumentCache full:https://registry.npmjs.org/clsx cache-miss
101 http fetch GET 200 https://registry.npmjs.org/clsx 142ms (cache miss)
102 silly packumentCache full:https://registry.npmjs.org/clsx set size:undefined disposed:false
103 silly fetch manifest react-icons@^4.12.0
104 silly packumentCache full:https://registry.npmjs.org/react-icons cache-miss
105 http fetch GET 200 https://registry.npmjs.org/react-icons 99ms (cache miss)
106 silly packumentCache full:https://registry.npmjs.org/react-icons set size:undefined disposed:false
107 silly placeDep ROOT @radix-ui/react-accordion@1.2.11 OK for: client@1.0.0 want: ^1.0.6
108 silly placeDep ROOT @radix-ui/react-aspect-ratio@1.1.7 OK for: client@1.0.0 want: ^1.0.7
109 silly placeDep ROOT @radix-ui/react-avatar@1.1.10 OK for: client@1.0.0 want: ^1.0.6
110 silly placeDep ROOT @radix-ui/react-dialog@1.1.14 OK for: client@1.0.0 want: ^1.0.6
111 silly placeDep ROOT @radix-ui/react-radio-group@1.3.7 OK for: client@1.0.0 want: ^1.0.6
112 silly placeDep ROOT @radix-ui/react-slot@1.2.3 OK for: client@1.0.0 want: ^1.0.2
113 silly placeDep ROOT @radix-ui/react-switch@1.2.5 OK for: client@1.0.0 want: ^1.0.6
114 silly placeDep ROOT @radix-ui/react-toast@1.2.14 OK for: client@1.0.0 want: ^1.1.4
115 silly placeDep ROOT class-variance-authority@0.7.1 OK for: client@1.0.0 want: ^0.7.0
116 silly placeDep ROOT clsx@2.1.1 OK for: client@1.0.0 want: ^2.1.0
117 silly placeDep ROOT date-fns@2.30.0 OK for: client@1.0.0 want: ^2.30.0
118 silly placeDep ROOT embla-carousel-react@8.6.0 OK for: client@1.0.0 want: ^8.0.0
119 silly placeDep ROOT input-otp@ OK for: client@1.0.0 want: ^2.0.0
120 silly placeDep ROOT lucide-react@0.367.0 OK for: client@1.0.0 want: ^0.367.0
121 silly placeDep ROOT react-day-picker@ OK for: client@1.0.0 want: ^10.8.0
122 silly placeDep ROOT react-icons@4.12.0 OK for: client@1.0.0 want: ^4.12.0
123 silly placeDep ROOT recharts@2.15.4 OK for: client@1.0.0 want: ^2.7.2
124 silly placeDep ROOT tailwind-merge@2.6.0 OK for: client@1.0.0 want: ^2.2.0
125 silly placeDep ROOT three@0.156.1 OK for: client@1.0.0 want: ^0.156.1
126 silly fetch manifest @radix-ui/primitive@1.1.2
127 silly packumentCache full:https://registry.npmjs.org/@radix-ui%2fprimitive cache-miss
128 silly fetch manifest @radix-ui/react-collapsible@1.1.11
129 silly packumentCache full:https://registry.npmjs.org/@radix-ui%2freact-collapsible cache-miss
130 silly fetch manifest @radix-ui/react-collection@1.1.7
131 silly packumentCache full:https://registry.npmjs.org/@radix-ui%2freact-collection cache-miss
132 silly fetch manifest @radix-ui/react-compose-refs@1.1.2
133 silly packumentCache full:https://registry.npmjs.org/@radix-ui%2freact-compose-refs cache-miss
134 silly fetch manifest @radix-ui/react-context@1.1.2
135 silly packumentCache full:https://registry.npmjs.org/@radix-ui%2freact-context cache-miss
136 silly fetch manifest @radix-ui/react-direction@1.1.1
137 silly packumentCache full:https://registry.npmjs.org/@radix-ui%2freact-direction cache-miss
138 silly fetch manifest @radix-ui/react-id@1.1.1
139 silly packumentCache full:https://registry.npmjs.org/@radix-ui%2freact-id cache-miss
140 silly fetch manifest @radix-ui/react-primitive@2.1.3
141 silly packumentCache full:https://registry.npmjs.org/@radix-ui%2freact-primitive cache-miss
142 silly fetch manifest @radix-ui/react-use-controllable-state@1.2.2
143 silly packumentCache full:https://registry.npmjs.org/@radix-ui%2freact-use-controllable-state cache-miss
144 silly fetch manifest @radix-ui/react-primitive@2.1.3
145 silly packumentCache full:https://registry.npmjs.org/@radix-ui%2freact-primitive cache-miss
146 silly fetch manifest @radix-ui/react-context@1.1.2
147 silly packumentCache full:https://registry.npmjs.org/@radix-ui%2freact-context cache-miss
148 silly fetch manifest @radix-ui/react-primitive@2.1.3
149 silly packumentCache full:https://registry.npmjs.org/@radix-ui%2freact-primitive cache-miss
150 silly fetch manifest @radix-ui/react-use-callback-ref@1.1.1
151 silly packumentCache full:https://registry.npmjs.org/@radix-ui%2freact-use-callback-ref cache-miss
152 silly fetch manifest @radix-ui/react-use-is-hydrated@0.1.0
153 silly packumentCache full:https://registry.npmjs.org/@radix-ui%2freact-use-is-hydrated cache-miss
154 silly fetch manifest @radix-ui/react-use-layout-effect@1.1.1
155 silly packumentCache full:https://registry.npmjs.org/@radix-ui%2freact-use-layout-effect cache-miss
156 http fetch GET 200 https://registry.npmjs.org/@radix-ui%2fprimitive 156ms (cache miss)
157 silly packumentCache full:https://registry.npmjs.org/@radix-ui%2fprimitive set size:undefined disposed:false
158 silly fetch manifest aria-hidden@^1.2.4
159 silly packumentCache full:https://registry.npmjs.org/aria-hidden cache-miss
160 http fetch GET 200 https://registry.npmjs.org/aria-hidden 112ms (cache miss)
161 silly packumentCache full:https://registry.npmjs.org/aria-hidden set size:undefined disposed:false
162 silly fetch manifest react-remove-scroll@^2.6.3
163 silly packumentCache full:https://registry.npmjs.org/react-remove-scroll cache-miss
164 http fetch GET 200 https://registry.npmjs.org/@radix-ui%2freact-use-is-hydrated 334ms (cache miss)
165 silly packumentCache full:https://registry.npmjs.org/@radix-ui%2freact-use-is-hydrated set size:undefined disposed:false
166 silly fetch manifest @radix-ui/react-compose-refs@1.1.2
167 silly packumentCache full:https://registry.npmjs.org/@radix-ui%2freact-compose-refs cache-miss
168 http fetch GET 200 https://registry.npmjs.org/@radix-ui%2freact-direction 346ms (cache miss)
169 silly packumentCache full:https://registry.npmjs.org/@radix-ui%2freact-direction set size:undefined disposed:false
170 silly fetch manifest @radix-ui/react-context@1.1.2
171 silly packumentCache full:https://registry.npmjs.org/@radix-ui%2freact-context cache-miss
172 http fetch GET 200 https://registry.npmjs.org/@radix-ui%2freact-compose-refs 355ms (cache miss)
173 silly packumentCache full:https://registry.npmjs.org/@radix-ui%2freact-compose-refs set size:undefined disposed:false
174 silly fetch manifest @radix-ui/react-dismissable-layer@1.1.10
175 silly packumentCache full:https://registry.npmjs.org/@radix-ui%2freact-dismissable-layer cache-miss
176 http fetch GET 200 https://registry.npmjs.org/@radix-ui%2freact-context 358ms (cache miss)
177 silly packumentCache full:https://registry.npmjs.org/@radix-ui%2freact-context set size:undefined disposed:false
178 silly fetch manifest @radix-ui/react-focus-guards@1.1.2
179 silly packumentCache full:https://registry.npmjs.org/@radix-ui%2freact-focus-guards cache-miss
180 http fetch GET 200 https://registry.npmjs.org/@radix-ui%2freact-context 363ms (cache miss)
181 silly packumentCache full:https://registry.npmjs.org/@radix-ui%2freact-context set size:undefined disposed:false
182 silly fetch manifest @radix-ui/react-focus-scope@1.1.7
183 silly packumentCache full:https://registry.npmjs.org/@radix-ui%2freact-focus-scope cache-miss
184 http fetch GET 200 https://registry.npmjs.org/@radix-ui%2freact-id 368ms (cache miss)
185 silly packumentCache full:https://registry.npmjs.org/@radix-ui%2freact-id set size:undefined disposed:false
186 silly fetch manifest @radix-ui/react-portal@1.1.9
187 silly packumentCache full:https://registry.npmjs.org/@radix-ui%2freact-portal cache-miss
188 http fetch GET 200 https://registry.npmjs.org/react-remove-scroll 113ms (cache miss)
189 silly packumentCache full:https://registry.npmjs.org/react-remove-scroll set size:undefined disposed:false
190 silly fetch manifest @radix-ui/react-presence@1.1.4
191 silly packumentCache full:https://registry.npmjs.org/@radix-ui%2freact-presence cache-miss
192 http fetch GET 200 https://registry.npmjs.org/@radix-ui%2freact-primitive 388ms (cache miss)
193 silly packumentCache full:https://registry.npmjs.org/@radix-ui%2freact-primitive set size:undefined disposed:false
194 silly fetch manifest @radix-ui/react-slot@1.2.3
195 silly packumentCache full:https://registry.npmjs.org/@radix-ui%2freact-slot cache-miss
196 http fetch GET 200 https://registry.npmjs.org/@radix-ui%2freact-slot 17ms (cache hit)
197 silly packumentCache full:https://registry.npmjs.org/@radix-ui%2freact-slot set size:351089 disposed:false
198 silly fetch manifest @radix-ui/react-use-controllable-state@1.2.2
199 silly packumentCache full:https://registry.npmjs.org/@radix-ui%2freact-use-controllable-state cache-miss
200 http fetch GET 200 https://registry.npmjs.org/@radix-ui%2freact-collection 415ms (cache miss)
201 silly packumentCache full:https://registry.npmjs.org/@radix-ui%2freact-collection set size:undefined disposed:false
202 silly fetch manifest @radix-ui/react-presence@1.1.4
203 silly packumentCache full:https://registry.npmjs.org/@radix-ui%2freact-presence cache-miss
204 http fetch GET 200 https://registry.npmjs.org/@radix-ui%2freact-use-callback-ref 417ms (cache miss)
205 silly packumentCache full:https://registry.npmjs.org/@radix-ui%2freact-use-callback-ref set size:undefined disposed:false
206 silly fetch manifest @radix-ui/react-roving-focus@1.1.10
207 silly packumentCache full:https://registry.npmjs.org/@radix-ui%2freact-roving-focus cache-miss
208 http fetch GET 200 https://registry.npmjs.org/@radix-ui%2freact-primitive 421ms (cache miss)
209 silly packumentCache full:https://registry.npmjs.org/@radix-ui%2freact-primitive set size:undefined disposed:false
210 silly fetch manifest @radix-ui/react-use-controllable-state@1.2.2
211 silly packumentCache full:https://registry.npmjs.org/@radix-ui%2freact-use-controllable-state cache-miss
212 http fetch GET 200 https://registry.npmjs.org/@radix-ui%2freact-primitive 426ms (cache miss)
213 silly packumentCache full:https://registry.npmjs.org/@radix-ui%2freact-primitive set size:undefined disposed:false
214 silly fetch manifest @radix-ui/react-use-previous@1.1.1
215 silly packumentCache full:https://registry.npmjs.org/@radix-ui%2freact-use-previous cache-miss
216 http fetch GET 200 https://registry.npmjs.org/@radix-ui%2freact-context 121ms (cache miss)
217 silly packumentCache full:https://registry.npmjs.org/@radix-ui%2freact-context set size:undefined disposed:false
218 silly fetch manifest @radix-ui/react-use-size@1.1.1
219 silly packumentCache full:https://registry.npmjs.org/@radix-ui%2freact-use-size cache-miss
220 http fetch GET 200 https://registry.npmjs.org/@radix-ui%2freact-use-layout-effect 492ms (cache miss)
221 silly packumentCache full:https://registry.npmjs.org/@radix-ui%2freact-use-layout-effect set size:undefined disposed:false
222 silly fetch manifest @radix-ui/react-use-controllable-state@1.2.2
223 silly packumentCache full:https://registry.npmjs.org/@radix-ui%2freact-use-controllable-state cache-miss
224 http fetch GET 200 https://registry.npmjs.org/@radix-ui%2freact-collapsible 505ms (cache miss)
225 silly packumentCache full:https://registry.npmjs.org/@radix-ui%2freact-collapsible set size:undefined disposed:false
226 silly fetch manifest @radix-ui/react-use-previous@1.1.1
227 silly packumentCache full:https://registry.npmjs.org/@radix-ui%2freact-use-previous cache-miss
228 http fetch GET 200 https://registry.npmjs.org/@radix-ui%2freact-compose-refs 173ms (cache miss)
229 silly packumentCache full:https://registry.npmjs.org/@radix-ui%2freact-compose-refs set size:undefined disposed:false
230 silly fetch manifest @radix-ui/react-use-size@1.1.1
231 silly packumentCache full:https://registry.npmjs.org/@radix-ui%2freact-use-size cache-miss
232 http fetch GET 200 https://registry.npmjs.org/@radix-ui%2freact-presence 112ms (cache miss)
233 silly packumentCache full:https://registry.npmjs.org/@radix-ui%2freact-presence set size:undefined disposed:false
234 silly fetch manifest @radix-ui/react-dismissable-layer@1.1.10
235 silly packumentCache full:https://registry.npmjs.org/@radix-ui%2freact-dismissable-layer cache-miss
236 http fetch GET 200 https://registry.npmjs.org/@radix-ui%2freact-presence 153ms (cache miss)
237 silly packumentCache full:https://registry.npmjs.org/@radix-ui%2freact-presence set size:undefined disposed:false
238 silly fetch manifest @radix-ui/react-portal@1.1.9
239 silly packumentCache full:https://registry.npmjs.org/@radix-ui%2freact-portal cache-miss
240 http fetch GET 200 https://registry.npmjs.org/@radix-ui%2freact-dismissable-layer 187ms (cache miss)
241 silly packumentCache full:https://registry.npmjs.org/@radix-ui%2freact-dismissable-layer set size:undefined disposed:false
242 silly fetch manifest @radix-ui/react-use-controllable-state@1.2.2
243 silly packumentCache full:https://registry.npmjs.org/@radix-ui%2freact-use-controllable-state cache-miss
244 http fetch GET 200 https://registry.npmjs.org/@radix-ui%2freact-use-previous 124ms (cache miss)
245 silly packumentCache full:https://registry.npmjs.org/@radix-ui%2freact-use-previous set size:undefined disposed:false
246 silly fetch manifest @radix-ui/react-visually-hidden@1.2.3
247 silly packumentCache full:https://registry.npmjs.org/@radix-ui%2freact-visually-hidden cache-miss
248 http fetch GET 200 https://registry.npmjs.org/@radix-ui%2freact-portal 185ms (cache miss)
249 silly packumentCache full:https://registry.npmjs.org/@radix-ui%2freact-portal set size:undefined disposed:false
250 silly fetch manifest clsx@^2.1.1
251 silly packumentCache full:https://registry.npmjs.org/clsx cache-miss
252 http fetch GET 200 https://registry.npmjs.org/@radix-ui%2freact-focus-scope 196ms (cache miss)
253 silly packumentCache full:https://registry.npmjs.org/@radix-ui%2freact-focus-scope set size:undefined disposed:false
254 silly fetch manifest embla-carousel@8.6.0
255 silly packumentCache full:https://registry.npmjs.org/embla-carousel cache-miss
256 http fetch GET 200 https://registry.npmjs.org/clsx 8ms (cache hit)
257 silly packumentCache full:https://registry.npmjs.org/clsx set size:42489 disposed:false
258 silly fetch manifest embla-carousel-reactive-utils@8.6.0
259 silly packumentCache full:https://registry.npmjs.org/embla-carousel-reactive-utils cache-miss
260 http fetch GET 200 https://registry.npmjs.org/@radix-ui%2freact-use-previous 140ms (cache miss)
261 silly packumentCache full:https://registry.npmjs.org/@radix-ui%2freact-use-previous set size:undefined disposed:false
262 silly fetch manifest lodash@^4.17.21
263 silly packumentCache full:https://registry.npmjs.org/lodash cache-miss
264 http fetch GET 200 https://registry.npmjs.org/@radix-ui%2freact-focus-guards 294ms (cache miss)
265 silly packumentCache full:https://registry.npmjs.org/@radix-ui%2freact-focus-guards set size:undefined disposed:false
266 silly fetch manifest react-is@^18.3.1
267 silly packumentCache full:https://registry.npmjs.org/react-is cache-miss
268 http fetch GET 200 https://registry.npmjs.org/@radix-ui%2freact-use-size 191ms (cache miss)
269 silly packumentCache full:https://registry.npmjs.org/@radix-ui%2freact-use-size set size:undefined disposed:false
270 silly fetch manifest react-smooth@^4.0.4
271 silly packumentCache full:https://registry.npmjs.org/react-smooth cache-miss
272 http fetch GET 200 https://registry.npmjs.org/@radix-ui%2freact-use-controllable-state 127ms (cache miss)
273 silly packumentCache full:https://registry.npmjs.org/@radix-ui%2freact-use-controllable-state set size:undefined disposed:false
274 silly fetch manifest eventemitter3@^4.0.1
275 silly packumentCache full:https://registry.npmjs.org/eventemitter3 cache-miss
276 http fetch GET 200 https://registry.npmjs.org/@radix-ui%2freact-portal 141ms (cache miss)
277 silly packumentCache full:https://registry.npmjs.org/@radix-ui%2freact-portal set size:undefined disposed:false
278 silly fetch manifest recharts-scale@^0.4.4
279 silly packumentCache full:https://registry.npmjs.org/recharts-scale cache-miss
280 http fetch GET 200 https://registry.npmjs.org/@radix-ui%2freact-visually-hidden 133ms (cache miss)
281 silly packumentCache full:https://registry.npmjs.org/@radix-ui%2freact-visually-hidden set size:undefined disposed:false
282 silly fetch manifest tiny-invariant@^1.3.1
283 silly packumentCache full:https://registry.npmjs.org/tiny-invariant cache-miss
284 http fetch GET 200 https://registry.npmjs.org/embla-carousel 127ms (cache miss)
285 silly packumentCache full:https://registry.npmjs.org/embla-carousel set size:undefined disposed:false
286 silly fetch manifest victory-vendor@^36.6.8
287 silly packumentCache full:https://registry.npmjs.org/victory-vendor cache-miss
288 http fetch GET 200 https://registry.npmjs.org/@radix-ui%2freact-dismissable-layer 167ms (cache miss)
289 silly packumentCache full:https://registry.npmjs.org/@radix-ui%2freact-dismissable-layer set size:undefined disposed:false
290 http fetch GET 200 https://registry.npmjs.org/embla-carousel-reactive-utils 138ms (cache miss)
291 silly packumentCache full:https://registry.npmjs.org/embla-carousel-reactive-utils set size:undefined disposed:false
292 http fetch GET 200 https://registry.npmjs.org/@radix-ui%2freact-roving-focus 291ms (cache miss)
293 silly packumentCache full:https://registry.npmjs.org/@radix-ui%2freact-roving-focus set size:undefined disposed:false
294 http fetch GET 200 https://registry.npmjs.org/@radix-ui%2freact-use-size 204ms (cache miss)
295 silly packumentCache full:https://registry.npmjs.org/@radix-ui%2freact-use-size set size:undefined disposed:false
296 http fetch GET 200 https://registry.npmjs.org/lodash 95ms (cache miss)
297 silly packumentCache full:https://registry.npmjs.org/lodash set size:undefined disposed:false
298 http fetch GET 200 https://registry.npmjs.org/eventemitter3 89ms (cache miss)
299 silly packumentCache full:https://registry.npmjs.org/eventemitter3 set size:undefined disposed:false
300 http fetch GET 200 https://registry.npmjs.org/react-smooth 104ms (cache miss)
301 silly packumentCache full:https://registry.npmjs.org/react-smooth set size:undefined disposed:false
302 http fetch GET 200 https://registry.npmjs.org/recharts-scale 85ms (cache miss)
303 silly packumentCache full:https://registry.npmjs.org/recharts-scale set size:undefined disposed:false
304 http fetch GET 200 https://registry.npmjs.org/tiny-invariant 86ms (cache miss)
305 silly packumentCache full:https://registry.npmjs.org/tiny-invariant set size:undefined disposed:false
306 http fetch GET 200 https://registry.npmjs.org/victory-vendor 117ms (cache miss)
307 silly packumentCache full:https://registry.npmjs.org/victory-vendor set size:undefined disposed:false
308 http fetch GET 200 https://registry.npmjs.org/react-is 330ms (cache miss)
309 silly packumentCache full:https://registry.npmjs.org/react-is set size:undefined disposed:false
310 http fetch GET 200 https://registry.npmjs.org/@radix-ui%2freact-use-controllable-state 1150ms (cache miss)
311 silly packumentCache full:https://registry.npmjs.org/@radix-ui%2freact-use-controllable-state set size:undefined disposed:false
312 http fetch GET 200 https://registry.npmjs.org/@radix-ui%2freact-use-controllable-state 891ms (cache miss)
313 silly packumentCache full:https://registry.npmjs.org/@radix-ui%2freact-use-controllable-state set size:undefined disposed:false
314 http fetch GET 200 https://registry.npmjs.org/@radix-ui%2freact-use-controllable-state 988ms (cache miss)
315 silly packumentCache full:https://registry.npmjs.org/@radix-ui%2freact-use-controllable-state set size:undefined disposed:false
316 http fetch GET 200 https://registry.npmjs.org/@radix-ui%2freact-use-controllable-state 1270ms (cache miss)
317 silly packumentCache full:https://registry.npmjs.org/@radix-ui%2freact-use-controllable-state set size:undefined disposed:false
318 silly fetch manifest react@^16.8 || ^17.0 || ^18.0 || ^19.0 || ^19.0.0-rc
319 silly packumentCache full:https://registry.npmjs.org/react cache-miss
320 http fetch GET 200 https://registry.npmjs.org/react 15ms (cache hit)
321 silly packumentCache full:https://registry.npmjs.org/react set size:5804529 disposed:false
322 silly fetch manifest react-dom@^16.8 || ^17.0 || ^18.0 || ^19.0 || ^19.0.0-rc
323 silly packumentCache full:https://registry.npmjs.org/react-dom cache-miss
324 http fetch GET 200 https://registry.npmjs.org/react-dom 18ms (cache hit)
325 silly packumentCache full:https://registry.npmjs.org/react-dom set size:7419666 disposed:false
326 silly placeDep ROOT @radix-ui/primitive@1.1.2 OK for: @radix-ui/react-accordion@1.2.11 want: 1.1.2
327 silly placeDep ROOT @radix-ui/react-collapsible@1.1.11 OK for: @radix-ui/react-accordion@1.2.11 want: 1.1.11
328 silly placeDep ROOT @radix-ui/react-collection@1.1.7 OK for: @radix-ui/react-accordion@1.2.11 want: 1.1.7
329 silly placeDep ROOT @radix-ui/react-compose-refs@1.1.2 OK for: @radix-ui/react-accordion@1.2.11 want: 1.1.2
330 silly placeDep ROOT @radix-ui/react-context@1.1.2 OK for: @radix-ui/react-accordion@1.2.11 want: 1.1.2
331 silly placeDep ROOT @radix-ui/react-direction@1.1.1 OK for: @radix-ui/react-accordion@1.2.11 want: 1.1.1
332 silly placeDep ROOT @radix-ui/react-id@1.1.1 OK for: @radix-ui/react-accordion@1.2.11 want: 1.1.1
333 silly placeDep ROOT @radix-ui/react-primitive@2.1.3 OK for: @radix-ui/react-accordion@1.2.11 want: 2.1.3
334 silly placeDep ROOT @radix-ui/react-use-controllable-state@1.2.2 OK for: @radix-ui/react-accordion@1.2.11 want: 1.2.2
335 silly fetch manifest @radix-ui/react-use-effect-event@0.0.2
336 silly packumentCache full:https://registry.npmjs.org/@radix-ui%2freact-use-effect-event cache-miss
337 http fetch GET 200 https://registry.npmjs.org/@radix-ui%2freact-use-effect-event 120ms (cache miss)
338 silly packumentCache full:https://registry.npmjs.org/@radix-ui%2freact-use-effect-event set size:undefined disposed:false
339 silly placeDep ROOT @radix-ui/react-use-callback-ref@1.1.1 OK for: @radix-ui/react-avatar@1.1.10 want: 1.1.1
340 silly placeDep ROOT @radix-ui/react-use-is-hydrated@0.1.0 OK for: @radix-ui/react-avatar@1.1.10 want: 0.1.0
341 silly placeDep ROOT @radix-ui/react-use-layout-effect@1.1.1 OK for: @radix-ui/react-avatar@1.1.10 want: 1.1.1
342 silly placeDep ROOT @radix-ui/react-presence@1.1.4 OK for: @radix-ui/react-collapsible@1.1.11 want: 1.1.4
343 silly placeDep ROOT @radix-ui/react-dismissable-layer@1.1.10 OK for: @radix-ui/react-dialog@1.1.14 want: 1.1.10
344 silly placeDep ROOT @radix-ui/react-focus-guards@1.1.2 OK for: @radix-ui/react-dialog@1.1.14 want: 1.1.2
345 silly placeDep ROOT @radix-ui/react-focus-scope@1.1.7 OK for: @radix-ui/react-dialog@1.1.14 want: 1.1.7
346 silly placeDep ROOT @radix-ui/react-portal@1.1.9 OK for: @radix-ui/react-dialog@1.1.14 want: 1.1.9
347 silly placeDep ROOT aria-hidden@1.2.6 OK for: @radix-ui/react-dialog@1.1.14 want: ^1.2.4
348 silly placeDep ROOT react-remove-scroll@2.7.1 OK for: @radix-ui/react-dialog@1.1.14 want: ^2.6.3
349 silly fetch manifest @radix-ui/react-use-escape-keydown@1.1.1
350 silly packumentCache full:https://registry.npmjs.org/@radix-ui%2freact-use-escape-keydown cache-miss
351 silly fetch manifest react-remove-scroll-bar@^2.3.7
352 silly packumentCache full:https://registry.npmjs.org/react-remove-scroll-bar cache-miss
353 silly fetch manifest react-style-singleton@^2.2.3
354 silly packumentCache full:https://registry.npmjs.org/react-style-singleton cache-miss
355 silly fetch manifest use-callback-ref@^1.3.3
356 silly packumentCache full:https://registry.npmjs.org/use-callback-ref cache-miss
357 silly fetch manifest use-sidecar@^1.1.3
358 silly packumentCache full:https://registry.npmjs.org/use-sidecar cache-miss
359 http fetch GET 200 https://registry.npmjs.org/react-style-singleton 94ms (cache miss)
360 silly packumentCache full:https://registry.npmjs.org/react-style-singleton set size:undefined disposed:false
361 http fetch GET 200 https://registry.npmjs.org/react-remove-scroll-bar 97ms (cache miss)
362 silly packumentCache full:https://registry.npmjs.org/react-remove-scroll-bar set size:undefined disposed:false
363 http fetch GET 200 https://registry.npmjs.org/use-callback-ref 99ms (cache miss)
364 silly packumentCache full:https://registry.npmjs.org/use-callback-ref set size:undefined disposed:false
365 http fetch GET 200 https://registry.npmjs.org/use-sidecar 114ms (cache miss)
366 silly packumentCache full:https://registry.npmjs.org/use-sidecar set size:undefined disposed:false
367 http fetch GET 200 https://registry.npmjs.org/@radix-ui%2freact-use-escape-keydown 117ms (cache miss)
368 silly packumentCache full:https://registry.npmjs.org/@radix-ui%2freact-use-escape-keydown set size:undefined disposed:false
369 silly placeDep ROOT @radix-ui/react-use-escape-keydown@1.1.1 OK for: @radix-ui/react-dismissable-layer@1.1.10 want: 1.1.1
370 silly placeDep ROOT @radix-ui/react-roving-focus@1.1.10 OK for: @radix-ui/react-radio-group@1.3.7 want: 1.1.10
371 silly placeDep ROOT @radix-ui/react-use-previous@1.1.1 OK for: @radix-ui/react-radio-group@1.3.7 want: 1.1.1
372 silly placeDep ROOT @radix-ui/react-use-size@1.1.1 OK for: @radix-ui/react-radio-group@1.3.7 want: 1.1.1
373 silly placeDep ROOT @radix-ui/react-visually-hidden@1.2.3 OK for: @radix-ui/react-toast@1.2.14 want: 1.2.3
374 silly placeDep ROOT @radix-ui/react-use-effect-event@0.0.2 OK for: @radix-ui/react-use-controllable-state@1.2.2 want: 0.0.2
375 silly placeDep ROOT embla-carousel@8.6.0 OK for: embla-carousel-react@8.6.0 want: 8.6.0
376 silly placeDep ROOT embla-carousel-reactive-utils@8.6.0 OK for: embla-carousel-react@8.6.0 want: 8.6.0
377 silly fetch manifest react@^16.8.0 || ^17.0.0 || ^18.0.0 || ^19.0.0 || ^19.0.0-rc
378 silly packumentCache full:https://registry.npmjs.org/react cache-miss
379 http fetch GET 200 https://registry.npmjs.org/react 13ms (cache hit)
380 silly packumentCache full:https://registry.npmjs.org/react set size:5804529 disposed:false
381 silly placeDep ROOT react-remove-scroll-bar@2.3.8 OK for: react-remove-scroll@2.7.1 want: ^2.3.7
382 silly placeDep ROOT react-style-singleton@2.2.3 OK for: react-remove-scroll@2.7.1 want: ^2.2.3
383 silly placeDep ROOT use-callback-ref@1.3.3 OK for: react-remove-scroll@2.7.1 want: ^1.3.3
384 silly placeDep ROOT use-sidecar@1.1.3 OK for: react-remove-scroll@2.7.1 want: ^1.1.3
385 silly fetch manifest react-style-singleton@^2.2.2
386 silly packumentCache full:https://registry.npmjs.org/react-style-singleton cache-miss
387 silly fetch manifest get-nonce@^1.0.0
388 silly packumentCache full:https://registry.npmjs.org/get-nonce cache-miss
389 silly fetch manifest detect-node-es@^1.1.0
390 silly packumentCache full:https://registry.npmjs.org/detect-node-es cache-miss
391 http fetch GET 200 https://registry.npmjs.org/react-style-singleton 5ms (cache hit)
392 silly packumentCache full:https://registry.npmjs.org/react-style-singleton set size:33682 disposed:false
393 http fetch GET 200 https://registry.npmjs.org/detect-node-es 87ms (cache miss)
394 silly packumentCache full:https://registry.npmjs.org/detect-node-es set size:undefined disposed:false
395 http fetch GET 200 https://registry.npmjs.org/get-nonce 91ms (cache miss)
396 silly packumentCache full:https://registry.npmjs.org/get-nonce set size:undefined disposed:false
397 silly placeDep ROOT get-nonce@1.0.1 OK for: react-style-singleton@2.2.3 want: ^1.0.0
398 silly fetch manifest react@^16.0.0 || ^17.0.0 || ^18.0.0 || ^19.0.0
399 silly packumentCache full:https://registry.npmjs.org/react cache-miss
400 http fetch GET 200 https://registry.npmjs.org/react 12ms (cache hit)
401 silly packumentCache full:https://registry.npmjs.org/react set size:5804529 disposed:false
402 silly fetch manifest react-dom@^16.0.0 || ^17.0.0 || ^18.0.0 || ^19.0.0
403 silly packumentCache full:https://registry.npmjs.org/react-dom cache-miss
404 http fetch GET 200 https://registry.npmjs.org/react-dom 17ms (cache hit)
405 silly packumentCache full:https://registry.npmjs.org/react-dom set size:7419666 disposed:false
406 silly placeDep ROOT eventemitter3@4.0.7 OK for: recharts@2.15.4 want: ^4.0.1
407 silly placeDep ROOT lodash@4.17.21 OK for: recharts@2.15.4 want: ^4.17.21
408 silly placeDep ROOT react-is@18.3.1 OK for: recharts@2.15.4 want: ^18.3.1
409 silly placeDep ROOT react-smooth@4.0.4 OK for: recharts@2.15.4 want: ^4.0.4
410 silly placeDep ROOT recharts-scale@0.4.5 OK for: recharts@2.15.4 want: ^0.4.4
411 silly placeDep ROOT tiny-invariant@1.3.3 OK for: recharts@2.15.4 want: ^1.3.1
412 silly placeDep ROOT victory-vendor@36.9.2 OK for: recharts@2.15.4 want: ^36.6.8
413 silly fetch manifest fast-equals@^5.0.1
414 silly packumentCache full:https://registry.npmjs.org/fast-equals cache-miss
415 silly fetch manifest prop-types@^15.8.1
416 silly packumentCache full:https://registry.npmjs.org/prop-types cache-miss
417 silly fetch manifest react-transition-group@^4.4.5
418 silly packumentCache full:https://registry.npmjs.org/react-transition-group cache-miss
419 silly fetch manifest decimal.js-light@^2.4.1
420 silly packumentCache full:https://registry.npmjs.org/decimal.js-light cache-miss
421 silly fetch manifest d3-ease@^3.0.1
422 silly packumentCache full:https://registry.npmjs.org/d3-ease cache-miss
423 silly fetch manifest d3-time@^3.0.0
424 silly packumentCache full:https://registry.npmjs.org/d3-time cache-miss
425 silly fetch manifest d3-array@^3.1.6
426 silly packumentCache full:https://registry.npmjs.org/d3-array cache-miss
427 silly fetch manifest d3-scale@^4.0.2
428 silly packumentCache full:https://registry.npmjs.org/d3-scale cache-miss
429 silly fetch manifest d3-shape@^3.1.0
430 silly packumentCache full:https://registry.npmjs.org/d3-shape cache-miss
431 silly fetch manifest d3-timer@^3.0.1
432 silly packumentCache full:https://registry.npmjs.org/d3-timer cache-miss
433 silly fetch manifest @types/d3-ease@^3.0.0
434 silly packumentCache full:https://registry.npmjs.org/@types%2fd3-ease cache-miss
435 silly fetch manifest @types/d3-time@^3.0.0
436 silly packumentCache full:https://registry.npmjs.org/@types%2fd3-time cache-miss
437 silly fetch manifest d3-interpolate@^3.0.1
438 silly packumentCache full:https://registry.npmjs.org/d3-interpolate cache-miss
439 silly fetch manifest @types/d3-array@^3.0.3
440 silly packumentCache full:https://registry.npmjs.org/@types%2fd3-array cache-miss
441 silly fetch manifest @types/d3-scale@^4.0.2
442 silly packumentCache full:https://registry.npmjs.org/@types%2fd3-scale cache-miss
443 http fetch GET 200 https://registry.npmjs.org/d3-timer 100ms (cache miss)
444 silly packumentCache full:https://registry.npmjs.org/d3-timer set size:undefined disposed:false
445 silly fetch manifest @types/d3-shape@^3.1.0
446 silly packumentCache full:https://registry.npmjs.org/@types%2fd3-shape cache-miss
447 http fetch GET 200 https://registry.npmjs.org/prop-types 103ms (cache miss)
448 silly packumentCache full:https://registry.npmjs.org/prop-types set size:undefined disposed:false
449 silly fetch manifest @types/d3-timer@^3.0.0
450 silly packumentCache full:https://registry.npmjs.org/@types%2fd3-timer cache-miss
451 http fetch GET 200 https://registry.npmjs.org/d3-interpolate 152ms (cache miss)
452 silly packumentCache full:https://registry.npmjs.org/d3-interpolate set size:undefined disposed:false
453 silly fetch manifest @types/d3-interpolate@^3.0.1
454 silly packumentCache full:https://registry.npmjs.org/@types%2fd3-interpolate cache-miss
455 http fetch GET 200 https://registry.npmjs.org/@types%2fd3-ease 162ms (cache miss)
456 silly packumentCache full:https://registry.npmjs.org/@types%2fd3-ease set size:undefined disposed:false
457 http fetch GET 200 https://registry.npmjs.org/decimal.js-light 164ms (cache miss)
458 silly packumentCache full:https://registry.npmjs.org/decimal.js-light set size:undefined disposed:false
459 http fetch GET 200 https://registry.npmjs.org/@types%2fd3-time 163ms (cache miss)
460 silly packumentCache full:https://registry.npmjs.org/@types%2fd3-time set size:undefined disposed:false
461 http fetch GET 200 https://registry.npmjs.org/d3-ease 166ms (cache miss)
462 silly packumentCache full:https://registry.npmjs.org/d3-ease set size:undefined disposed:false
463 http fetch GET 200 https://registry.npmjs.org/react-transition-group 167ms (cache miss)
464 silly packumentCache full:https://registry.npmjs.org/react-transition-group set size:undefined disposed:false
465 http fetch GET 200 https://registry.npmjs.org/@types%2fd3-array 166ms (cache miss)
466 silly packumentCache full:https://registry.npmjs.org/@types%2fd3-array set size:undefined disposed:false
467 http fetch GET 200 https://registry.npmjs.org/d3-time 169ms (cache miss)
468 silly packumentCache full:https://registry.npmjs.org/d3-time set size:undefined disposed:false
469 http fetch GET 200 https://registry.npmjs.org/d3-array 169ms (cache miss)
470 silly packumentCache full:https://registry.npmjs.org/d3-array set size:undefined disposed:false
471 http fetch GET 200 https://registry.npmjs.org/@types%2fd3-scale 170ms (cache miss)
472 silly packumentCache full:https://registry.npmjs.org/@types%2fd3-scale set size:undefined disposed:false
473 http fetch GET 200 https://registry.npmjs.org/fast-equals 174ms (cache miss)
474 silly packumentCache full:https://registry.npmjs.org/fast-equals set size:undefined disposed:false
475 http fetch GET 200 https://registry.npmjs.org/d3-scale 177ms (cache miss)
476 silly packumentCache full:https://registry.npmjs.org/d3-scale set size:undefined disposed:false
477 http fetch GET 200 https://registry.npmjs.org/d3-shape 202ms (cache miss)
478 silly packumentCache full:https://registry.npmjs.org/d3-shape set size:undefined disposed:false
479 http fetch GET 200 https://registry.npmjs.org/@types%2fd3-timer 108ms (cache miss)
480 silly packumentCache full:https://registry.npmjs.org/@types%2fd3-timer set size:undefined disposed:false
481 http fetch GET 200 https://registry.npmjs.org/@types%2fd3-shape 172ms (cache miss)
482 silly packumentCache full:https://registry.npmjs.org/@types%2fd3-shape set size:undefined disposed:false
483 http fetch GET 200 https://registry.npmjs.org/@types%2fd3-interpolate 123ms (cache miss)
484 silly packumentCache full:https://registry.npmjs.org/@types%2fd3-interpolate set size:undefined disposed:false
485 silly fetch manifest react@^16.8.0 || ^17.0.0 || ^18.0.0 || ^19.0.0
486 silly packumentCache full:https://registry.npmjs.org/react cache-miss
487 http fetch GET 200 https://registry.npmjs.org/react 12ms (cache hit)
488 silly packumentCache full:https://registry.npmjs.org/react set size:5804529 disposed:false
489 silly fetch manifest react-dom@^16.8.0 || ^17.0.0 || ^18.0.0 || ^19.0.0
490 silly packumentCache full:https://registry.npmjs.org/react-dom cache-miss
491 http fetch GET 200 https://registry.npmjs.org/react-dom 14ms (cache hit)
492 silly packumentCache full:https://registry.npmjs.org/react-dom set size:7419666 disposed:false
493 silly placeDep ROOT fast-equals@5.2.2 OK for: react-smooth@4.0.4 want: ^5.0.1
494 silly placeDep ROOT prop-types@15.8.1 OK for: react-smooth@4.0.4 want: ^15.8.1
495 silly placeDep ROOT react-transition-group@4.4.5 OK for: react-smooth@4.0.4 want: ^4.4.5
496 silly fetch manifest object-assign@^4.1.1
497 silly packumentCache full:https://registry.npmjs.org/object-assign cache-miss
498 silly fetch manifest react-is@^16.13.1
499 silly packumentCache full:https://registry.npmjs.org/react-is cache-miss
500 silly fetch manifest dom-helpers@^5.0.1
501 silly packumentCache full:https://registry.npmjs.org/dom-helpers cache-miss
502 http fetch GET 200 https://registry.npmjs.org/react-is 11ms (cache hit)
503 silly packumentCache full:https://registry.npmjs.org/react-is set size:4720817 disposed:false
504 http fetch GET 200 https://registry.npmjs.org/object-assign 116ms (cache miss)
505 silly packumentCache full:https://registry.npmjs.org/object-assign set size:undefined disposed:false
506 http fetch GET 200 https://registry.npmjs.org/dom-helpers 152ms (cache miss)
507 silly packumentCache full:https://registry.npmjs.org/dom-helpers set size:undefined disposed:false
508 silly placeDep ROOT object-assign@4.1.1 OK for: prop-types@15.8.1 want: ^4.1.1
509 silly placeDep node_modules/prop-types react-is@16.13.1 OK for: prop-types@15.8.1 want: ^16.13.1
510 silly placeDep ROOT dom-helpers@5.2.1 OK for: react-transition-group@4.4.5 want: ^5.0.1
511 silly fetch manifest csstype@^3.0.2
512 silly packumentCache full:https://registry.npmjs.org/csstype cache-miss
513 http fetch GET 200 https://registry.npmjs.org/csstype 125ms (cache miss)
514 silly packumentCache full:https://registry.npmjs.org/csstype set size:undefined disposed:false
515 silly placeDep ROOT csstype@3.1.3 OK for: dom-helpers@5.2.1 want: ^3.0.2
516 silly placeDep ROOT decimal.js-light@2.5.1 OK for: recharts-scale@0.4.5 want: ^2.4.1
517 silly placeDep ROOT detect-node-es@1.1.0 OK for: use-sidecar@1.1.3 want: ^1.1.0
518 silly placeDep ROOT @types/d3-array@3.2.1 OK for: victory-vendor@36.9.2 want: ^3.0.3
519 silly placeDep ROOT @types/d3-ease@3.0.2 OK for: victory-vendor@36.9.2 want: ^3.0.0
520 silly placeDep ROOT @types/d3-interpolate@3.0.4 OK for: victory-vendor@36.9.2 want: ^3.0.1
521 silly placeDep ROOT @types/d3-scale@4.0.9 OK for: victory-vendor@36.9.2 want: ^4.0.2
522 silly placeDep ROOT @types/d3-shape@3.1.7 OK for: victory-vendor@36.9.2 want: ^3.1.0
523 silly placeDep ROOT @types/d3-time@3.0.4 OK for: victory-vendor@36.9.2 want: ^3.0.0
524 silly placeDep ROOT @types/d3-timer@3.0.2 OK for: victory-vendor@36.9.2 want: ^3.0.0
525 silly placeDep ROOT d3-array@3.2.4 OK for: victory-vendor@36.9.2 want: ^3.1.6
526 silly placeDep ROOT d3-ease@3.0.1 OK for: victory-vendor@36.9.2 want: ^3.0.1
527 silly placeDep ROOT d3-interpolate@3.0.1 OK for: victory-vendor@36.9.2 want: ^3.0.1
528 silly placeDep ROOT d3-scale@4.0.2 OK for: victory-vendor@36.9.2 want: ^4.0.2
529 silly placeDep ROOT d3-shape@3.2.0 OK for: victory-vendor@36.9.2 want: ^3.1.0
530 silly placeDep ROOT d3-time@3.1.0 OK for: victory-vendor@36.9.2 want: ^3.0.0
531 silly placeDep ROOT d3-timer@3.0.1 OK for: victory-vendor@36.9.2 want: ^3.0.1
532 silly fetch manifest @types/d3-color@*
533 silly packumentCache full:https://registry.npmjs.org/@types%2fd3-color cache-miss
534 silly fetch manifest @types/d3-time@*
535 silly packumentCache full:https://registry.npmjs.org/@types%2fd3-time cache-miss
536 silly fetch manifest @types/d3-path@*
537 silly packumentCache full:https://registry.npmjs.org/@types%2fd3-path cache-miss
538 silly fetch manifest internmap@1 - 2
539 silly packumentCache full:https://registry.npmjs.org/internmap cache-miss
540 silly fetch manifest d3-color@1 - 3
541 silly packumentCache full:https://registry.npmjs.org/d3-color cache-miss
542 silly fetch manifest d3-format@1 - 3
543 silly packumentCache full:https://registry.npmjs.org/d3-format cache-miss
544 silly fetch manifest d3-time@2.1.1 - 3
545 silly packumentCache full:https://registry.npmjs.org/d3-time cache-miss
546 silly fetch manifest d3-time-format@2 - 4
547 silly packumentCache full:https://registry.npmjs.org/d3-time-format cache-miss
548 silly fetch manifest d3-path@^3.1.0
549 silly packumentCache full:https://registry.npmjs.org/d3-path cache-miss
550 http fetch GET 200 https://registry.npmjs.org/d3-time 9ms (cache hit)
551 silly packumentCache full:https://registry.npmjs.org/d3-time set size:150406 disposed:false
552 http fetch GET 200 https://registry.npmjs.org/@types%2fd3-time 12ms (cache hit)
553 silly packumentCache full:https://registry.npmjs.org/@types%2fd3-time set size:52636 disposed:false
554 http fetch GET 200 https://registry.npmjs.org/d3-path 93ms (cache miss)
555 silly packumentCache full:https://registry.npmjs.org/d3-path set size:undefined disposed:false
556 http fetch GET 200 https://registry.npmjs.org/d3-time-format 102ms (cache miss)
557 silly packumentCache full:https://registry.npmjs.org/d3-time-format set size:undefined disposed:false
558 http fetch GET 200 https://registry.npmjs.org/d3-color 107ms (cache miss)
559 silly packumentCache full:https://registry.npmjs.org/d3-color set size:undefined disposed:false
560 http fetch GET 200 https://registry.npmjs.org/internmap 114ms (cache miss)
561 silly packumentCache full:https://registry.npmjs.org/internmap set size:undefined disposed:false
562 http fetch GET 200 https://registry.npmjs.org/@types%2fd3-path 115ms (cache miss)
563 silly packumentCache full:https://registry.npmjs.org/@types%2fd3-path set size:undefined disposed:false
564 http fetch GET 200 https://registry.npmjs.org/d3-format 115ms (cache miss)
565 silly packumentCache full:https://registry.npmjs.org/d3-format set size:undefined disposed:false
566 http fetch GET 200 https://registry.npmjs.org/@types%2fd3-color 156ms (cache miss)
567 silly packumentCache full:https://registry.npmjs.org/@types%2fd3-color set size:undefined disposed:false
568 silly placeDep ROOT @types/d3-color@3.1.3 OK for: @types/d3-interpolate@3.0.4 want: *
569 silly placeDep ROOT @types/d3-path@3.1.1 OK for: @types/d3-shape@3.1.7 want: *
570 silly placeDep ROOT internmap@2.0.3 OK for: d3-array@3.2.4 want: 1 - 2
571 silly placeDep ROOT d3-color@3.1.0 OK for: d3-interpolate@3.0.1 want: 1 - 3
572 silly placeDep ROOT d3-format@3.1.0 OK for: d3-scale@4.0.2 want: 1 - 3
573 silly placeDep ROOT d3-time-format@4.1.0 OK for: d3-scale@4.0.2 want: 2 - 4
574 silly placeDep ROOT d3-path@3.1.0 OK for: d3-shape@3.2.0 want: ^3.1.0
575 verbose type range
576 verbose stack input-otp: No matching version found for input-otp@^2.0.0.
576 verbose stack     at module.exports (C:\Users\BHUWAN\AppData\Roaming\npm\node_modules\npm\node_modules\npm-pick-manifest\lib\index.js:215:23)
576 verbose stack     at RegistryFetcher.manifest (C:\Users\BHUWAN\AppData\Roaming\npm\node_modules\npm\node_modules\pacote\lib\registry.js:130:54)
576 verbose stack     at async #fetchManifest (C:\Users\BHUWAN\AppData\Roaming\npm\node_modules\npm\node_modules\@npmcli\arborist\lib\arborist\build-ideal-tree.js:1202:20)
576 verbose stack     at async #nodeFromEdge (C:\Users\BHUWAN\AppData\Roaming\npm\node_modules\npm\node_modules\@npmcli\arborist\lib\arborist\build-ideal-tree.js:1040:19)
576 verbose stack     at async #buildDepStep (C:\Users\BHUWAN\AppData\Roaming\npm\node_modules\npm\node_modules\@npmcli\arborist\lib\arborist\build-ideal-tree.js:904:11)
576 verbose stack     at async Arborist.buildIdealTree (C:\Users\BHUWAN\AppData\Roaming\npm\node_modules\npm\node_modules\@npmcli\arborist\lib\arborist\build-ideal-tree.js:181:7)
576 verbose stack     at async Promise.all (index 1)
576 verbose stack     at async Arborist.reify (C:\Users\BHUWAN\AppData\Roaming\npm\node_modules\npm\node_modules\@npmcli\arborist\lib\arborist\reify.js:131:5)
576 verbose stack     at async Install.exec (C:\Users\BHUWAN\AppData\Roaming\npm\node_modules\npm\lib\commands\install.js:150:5)
576 verbose stack     at async Npm.exec (C:\Users\BHUWAN\AppData\Roaming\npm\node_modules\npm\lib\npm.js:207:9)
577 error code ETARGET
578 error notarget No matching version found for input-otp@^2.0.0.
579 error notarget In most cases you or one of your dependencies are requesting
579 error notarget a package version that doesn't exist.
580 silly unfinished npm timer reify 1751018150760
581 silly unfinished npm timer reify:loadTrees 1751018150760
582 verbose cwd C:\Users\BHUWAN\OneDrive\Desktop\JATINPAGE\ProductPulse-1\client
583 verbose os Windows_NT 10.0.26120
584 verbose node v22.16.0
585 verbose npm  v10.9.0
586 verbose exit 1
587 verbose code 1
588 error A complete log of this run can be found in: C:\Users\BHUWAN\OneDrive\Desktop\JATINPAGE\ProductPulse-1\client\UsersBHUWANAppDataLocalnpm-cache\_logs\2025-06-27T09_55_50_266Z-debug-0.log
