0 verbose cli C:\Program Files\nodejs\node.exe C:\Users\BHUWAN\AppData\Roaming\npm\node_modules\npm\bin\npm-cli.js
1 info using npm@10.9.0
2 info using node@v22.16.0
3 silly config load:file:C:\Users\BHUWAN\AppData\Roaming\npm\node_modules\npm\npmrc
4 silly config load:file:C:\Users\BHUWAN\OneDrive\Desktop\JATINPAGE\ProductPulse-1\client\.npmrc
5 silly config load:file:C:\Users\BHUWAN\.npmrc
6 silly config load:file:C:\Users\BHUWAN\AppData\Roaming\npm\etc\npmrc
7 verbose title npm install
8 verbose argv "install"
9 verbose logfile logs-max:10 dir:C:\Users\BHUWAN\OneDrive\Desktop\JATINPAGE\ProductPulse-1\client\UsersBHUWANAppDataLocalnpm-cache\_logs\2025-06-26T05_25_23_136Z-
10 verbose logfile C:\Users\BHUWAN\OneDrive\Desktop\JATINPAGE\ProductPulse-1\client\UsersBHUWANAppDataLocalnpm-cache\_logs\2025-06-26T05_25_23_136Z-debug-0.log
11 silly logfile start cleaning logs, removing 1 files
12 silly packumentCache heap:4345298944 maxSize:1086324736 maxEntrySize:543162368
13 silly logfile done cleaning log files
14 silly idealTree buildDeps
15 silly reify moves {}
16 silly audit bulk request {
16 silly audit   '@ampproject/remapping': [ '2.3.0' ],
16 silly audit   '@babel/code-frame': [ '7.27.1' ],
16 silly audit   '@babel/compat-data': [ '7.27.5' ],
16 silly audit   '@babel/core': [ '7.27.4' ],
16 silly audit   '@babel/generator': [ '7.27.5' ],
16 silly audit   '@babel/helper-compilation-targets': [ '7.27.2' ],
16 silly audit   '@babel/helper-module-imports': [ '7.27.1' ],
16 silly audit   '@babel/helper-module-transforms': [ '7.27.3' ],
16 silly audit   '@babel/helper-plugin-utils': [ '7.27.1' ],
16 silly audit   '@babel/helper-string-parser': [ '7.27.1' ],
16 silly audit   '@babel/helper-validator-identifier': [ '7.27.1' ],
16 silly audit   '@babel/helper-validator-option': [ '7.27.1' ],
16 silly audit   '@babel/helpers': [ '7.27.6' ],
16 silly audit   '@babel/parser': [ '7.27.5' ],
16 silly audit   '@babel/plugin-transform-react-jsx-self': [ '7.27.1' ],
16 silly audit   '@babel/plugin-transform-react-jsx-source': [ '7.27.1' ],
16 silly audit   '@babel/runtime': [ '7.27.6' ],
16 silly audit   '@babel/template': [ '7.27.2' ],
16 silly audit   '@babel/traverse': [ '7.27.4' ],
16 silly audit   '@babel/types': [ '7.27.6' ],
16 silly audit   '@esbuild/aix-ppc64': [ '0.25.5' ],
16 silly audit   '@esbuild/android-arm': [ '0.25.5' ],
16 silly audit   '@esbuild/android-arm64': [ '0.25.5' ],
16 silly audit   '@esbuild/android-x64': [ '0.25.5' ],
16 silly audit   '@esbuild/darwin-arm64': [ '0.25.5' ],
16 silly audit   '@esbuild/darwin-x64': [ '0.25.5' ],
16 silly audit   '@esbuild/freebsd-arm64': [ '0.25.5' ],
16 silly audit   '@esbuild/freebsd-x64': [ '0.25.5' ],
16 silly audit   '@esbuild/linux-arm': [ '0.25.5' ],
16 silly audit   '@esbuild/linux-arm64': [ '0.25.5' ],
16 silly audit   '@esbuild/linux-ia32': [ '0.25.5' ],
16 silly audit   '@esbuild/linux-loong64': [ '0.25.5' ],
16 silly audit   '@esbuild/linux-mips64el': [ '0.25.5' ],
16 silly audit   '@esbuild/linux-ppc64': [ '0.25.5' ],
16 silly audit   '@esbuild/linux-riscv64': [ '0.25.5' ],
16 silly audit   '@esbuild/linux-s390x': [ '0.25.5' ],
16 silly audit   '@esbuild/linux-x64': [ '0.25.5' ],
16 silly audit   '@esbuild/netbsd-arm64': [ '0.25.5' ],
16 silly audit   '@esbuild/netbsd-x64': [ '0.25.5' ],
16 silly audit   '@esbuild/openbsd-arm64': [ '0.25.5' ],
16 silly audit   '@esbuild/openbsd-x64': [ '0.25.5' ],
16 silly audit   '@esbuild/sunos-x64': [ '0.25.5' ],
16 silly audit   '@esbuild/win32-arm64': [ '0.25.5' ],
16 silly audit   '@esbuild/win32-ia32': [ '0.25.5' ],
16 silly audit   '@esbuild/win32-x64': [ '0.25.5' ],
16 silly audit   '@jridgewell/gen-mapping': [ '0.3.8' ],
16 silly audit   '@jridgewell/resolve-uri': [ '3.1.2' ],
16 silly audit   '@jridgewell/set-array': [ '1.2.1' ],
16 silly audit   '@jridgewell/sourcemap-codec': [ '1.5.0' ],
16 silly audit   '@jridgewell/trace-mapping': [ '0.3.25' ],
16 silly audit   '@rolldown/pluginutils': [ '1.0.0-beta.19' ],
16 silly audit   '@rollup/rollup-android-arm-eabi': [ '4.44.0' ],
16 silly audit   '@rollup/rollup-android-arm64': [ '4.44.0' ],
16 silly audit   '@rollup/rollup-darwin-arm64': [ '4.44.0' ],
16 silly audit   '@rollup/rollup-darwin-x64': [ '4.44.0' ],
16 silly audit   '@rollup/rollup-freebsd-arm64': [ '4.44.0' ],
16 silly audit   '@rollup/rollup-freebsd-x64': [ '4.44.0' ],
16 silly audit   '@rollup/rollup-linux-arm-gnueabihf': [ '4.44.0' ],
16 silly audit   '@rollup/rollup-linux-arm-musleabihf': [ '4.44.0' ],
16 silly audit   '@rollup/rollup-linux-arm64-gnu': [ '4.44.0' ],
16 silly audit   '@rollup/rollup-linux-arm64-musl': [ '4.44.0' ],
16 silly audit   '@rollup/rollup-linux-loongarch64-gnu': [ '4.44.0' ],
16 silly audit   '@rollup/rollup-linux-powerpc64le-gnu': [ '4.44.0' ],
16 silly audit   '@rollup/rollup-linux-riscv64-gnu': [ '4.44.0' ],
16 silly audit   '@rollup/rollup-linux-riscv64-musl': [ '4.44.0' ],
16 silly audit   '@rollup/rollup-linux-s390x-gnu': [ '4.44.0' ],
16 silly audit   '@rollup/rollup-linux-x64-gnu': [ '4.44.0' ],
16 silly audit   '@rollup/rollup-linux-x64-musl': [ '4.44.0' ],
16 silly audit   '@rollup/rollup-win32-arm64-msvc': [ '4.44.0' ],
16 silly audit   '@rollup/rollup-win32-ia32-msvc': [ '4.44.0' ],
16 silly audit   '@rollup/rollup-win32-x64-msvc': [ '4.44.0' ],
16 silly audit   '@tanstack/query-core': [ '4.40.0' ],
16 silly audit   '@tanstack/react-query': [ '4.40.0' ],
16 silly audit   '@types/babel__core': [ '7.20.5' ],
16 silly audit   '@types/babel__generator': [ '7.27.0' ],
16 silly audit   '@types/babel__template': [ '7.4.4' ],
16 silly audit   '@types/babel__traverse': [ '7.20.7' ],
16 silly audit   '@types/cors': [ '2.8.19' ],
16 silly audit   '@types/estree': [ '1.0.8' ],
16 silly audit   '@types/node': [ '24.0.3' ],
16 silly audit   '@types/raf': [ '3.4.3' ],
16 silly audit   '@types/trusted-types': [ '2.0.7' ],
16 silly audit   '@vitejs/plugin-react': [ '4.6.0' ],
16 silly audit   atob: [ '2.1.2' ],
16 silly audit   'base64-arraybuffer': [ '1.0.2' ],
16 silly audit   bcryptjs: [ '3.0.2' ],
16 silly audit   browserslist: [ '4.25.0' ],
16 silly audit   btoa: [ '1.2.1' ],
16 silly audit   'caniuse-lite': [ '1.0.30001724' ],
16 silly audit   canvg: [ '3.0.11' ],
16 silly audit   'convert-source-map': [ '2.0.0' ],
16 silly audit   cookie: [ '1.0.2' ],
16 silly audit   'core-js': [ '3.43.0' ],
16 silly audit   crypto: [ '1.0.1' ],
16 silly audit   'css-line-break': [ '2.1.0' ],
16 silly audit   debug: [ '4.4.1' ],
16 silly audit   dompurify: [ '3.2.6' ],
16 silly audit   'electron-to-chromium': [ '1.5.173' ],
16 silly audit   esbuild: [ '0.25.5' ],
16 silly audit   escalade: [ '3.2.0' ],
16 silly audit   fdir: [ '6.4.6' ],
16 silly audit   fflate: [ '0.8.2' ],
16 silly audit   'framer-motion': [ '12.19.1' ],
16 silly audit   fsevents: [ '2.3.3' ],
16 silly audit   gensync: [ '1.0.0-beta.2' ],
16 silly audit   globals: [ '11.12.0' ],
16 silly audit   html2canvas: [ '1.4.1' ],
16 silly audit   'js-tokens': [ '4.0.0' ],
16 silly audit   jsesc: [ '3.1.0' ],
16 silly audit   json5: [ '2.2.3' ],
16 silly audit   jspdf: [ '3.0.1' ],
16 silly audit   'jspdf-autotable': [ '5.0.2' ],
16 silly audit   'loose-envify': [ '1.4.0' ],
16 silly audit   'lru-cache': [ '5.1.1' ],
16 silly audit   'motion-dom': [ '12.19.0' ],
16 silly audit   'motion-utils': [ '12.19.0' ],
16 silly audit   ms: [ '2.1.3' ],
16 silly audit   nanoid: [ '3.3.11' ],
16 silly audit   'node-releases': [ '2.0.19' ],
16 silly audit   nodemailer: [ '7.0.3' ],
16 silly audit   'performance-now': [ '2.1.0' ],
16 silly audit   picocolors: [ '1.1.1' ],
16 silly audit   picomatch: [ '4.0.2' ],
16 silly audit   postcss: [ '8.5.6' ],
16 silly audit   raf: [ '3.4.1' ],
16 silly audit   react: [ '18.3.1' ],
16 silly audit   'react-dom': [ '18.3.1' ],
16 silly audit   'react-refresh': [ '0.17.0' ],
16 silly audit   'react-router': [ '7.6.2' ],
16 silly audit   'react-router-dom': [ '7.6.2' ],
16 silly audit   'regenerator-runtime': [ '0.13.11' ],
16 silly audit   rgbcolor: [ '1.0.1' ],
16 silly audit   rollup: [ '4.44.0' ],
16 silly audit   scheduler: [ '0.23.2' ],
16 silly audit   semver: [ '6.3.1' ],
16 silly audit   'set-cookie-parser': [ '2.7.1' ],
16 silly audit   'source-map-js': [ '1.2.1' ],
16 silly audit   'stackblur-canvas': [ '2.7.0' ],
16 silly audit   'svg-pathdata': [ '6.0.3' ],
16 silly audit   'text-segmentation': [ '1.0.3' ],
16 silly audit   tinyglobby: [ '0.2.14' ],
16 silly audit   tslib: [ '2.8.1' ],
16 silly audit   'undici-types': [ '7.8.0' ],
16 silly audit   'update-browserslist-db': [ '1.1.3' ],
16 silly audit   'use-sync-external-store': [ '1.5.0' ],
16 silly audit   utrie: [ '1.0.2' ],
16 silly audit   vite: [ '6.3.5' ],
16 silly audit   yallist: [ '3.1.1' ],
16 silly audit   zod: [ '3.25.67' ]
16 silly audit }
17 verbose reify failed optional dependency C:\Users\BHUWAN\OneDrive\Desktop\JATINPAGE\ProductPulse-1\client\node_modules\fsevents
18 silly reify mark deleted [
18 silly reify   'C:\\Users\\BHUWAN\\OneDrive\\Desktop\\JATINPAGE\\ProductPulse-1\\client\\node_modules\\fsevents'
18 silly reify ]
19 verbose reify failed optional dependency C:\Users\BHUWAN\OneDrive\Desktop\JATINPAGE\ProductPulse-1\client\node_modules\@rollup\rollup-win32-ia32-msvc
20 silly reify mark deleted [
20 silly reify   'C:\\Users\\BHUWAN\\OneDrive\\Desktop\\JATINPAGE\\ProductPulse-1\\client\\node_modules\\@rollup\\rollup-win32-ia32-msvc'
20 silly reify ]
21 verbose reify failed optional dependency C:\Users\BHUWAN\OneDrive\Desktop\JATINPAGE\ProductPulse-1\client\node_modules\@rollup\rollup-win32-arm64-msvc
22 silly reify mark deleted [
22 silly reify   'C:\\Users\\BHUWAN\\OneDrive\\Desktop\\JATINPAGE\\ProductPulse-1\\client\\node_modules\\@rollup\\rollup-win32-arm64-msvc'
22 silly reify ]
23 verbose reify failed optional dependency C:\Users\BHUWAN\OneDrive\Desktop\JATINPAGE\ProductPulse-1\client\node_modules\@rollup\rollup-linux-x64-musl
24 silly reify mark deleted [
24 silly reify   'C:\\Users\\BHUWAN\\OneDrive\\Desktop\\JATINPAGE\\ProductPulse-1\\client\\node_modules\\@rollup\\rollup-linux-x64-musl'
24 silly reify ]
25 verbose reify failed optional dependency C:\Users\BHUWAN\OneDrive\Desktop\JATINPAGE\ProductPulse-1\client\node_modules\@rollup\rollup-linux-x64-gnu
26 silly reify mark deleted [
26 silly reify   'C:\\Users\\BHUWAN\\OneDrive\\Desktop\\JATINPAGE\\ProductPulse-1\\client\\node_modules\\@rollup\\rollup-linux-x64-gnu'
26 silly reify ]
27 verbose reify failed optional dependency C:\Users\BHUWAN\OneDrive\Desktop\JATINPAGE\ProductPulse-1\client\node_modules\@rollup\rollup-linux-s390x-gnu
28 silly reify mark deleted [
28 silly reify   'C:\\Users\\BHUWAN\\OneDrive\\Desktop\\JATINPAGE\\ProductPulse-1\\client\\node_modules\\@rollup\\rollup-linux-s390x-gnu'
28 silly reify ]
29 verbose reify failed optional dependency C:\Users\BHUWAN\OneDrive\Desktop\JATINPAGE\ProductPulse-1\client\node_modules\@rollup\rollup-linux-riscv64-musl
30 silly reify mark deleted [
30 silly reify   'C:\\Users\\BHUWAN\\OneDrive\\Desktop\\JATINPAGE\\ProductPulse-1\\client\\node_modules\\@rollup\\rollup-linux-riscv64-musl'
30 silly reify ]
31 verbose reify failed optional dependency C:\Users\BHUWAN\OneDrive\Desktop\JATINPAGE\ProductPulse-1\client\node_modules\@rollup\rollup-linux-riscv64-gnu
32 silly reify mark deleted [
32 silly reify   'C:\\Users\\BHUWAN\\OneDrive\\Desktop\\JATINPAGE\\ProductPulse-1\\client\\node_modules\\@rollup\\rollup-linux-riscv64-gnu'
32 silly reify ]
33 verbose reify failed optional dependency C:\Users\BHUWAN\OneDrive\Desktop\JATINPAGE\ProductPulse-1\client\node_modules\@rollup\rollup-linux-powerpc64le-gnu
34 silly reify mark deleted [
34 silly reify   'C:\\Users\\BHUWAN\\OneDrive\\Desktop\\JATINPAGE\\ProductPulse-1\\client\\node_modules\\@rollup\\rollup-linux-powerpc64le-gnu'
34 silly reify ]
35 verbose reify failed optional dependency C:\Users\BHUWAN\OneDrive\Desktop\JATINPAGE\ProductPulse-1\client\node_modules\@rollup\rollup-linux-loongarch64-gnu
36 silly reify mark deleted [
36 silly reify   'C:\\Users\\BHUWAN\\OneDrive\\Desktop\\JATINPAGE\\ProductPulse-1\\client\\node_modules\\@rollup\\rollup-linux-loongarch64-gnu'
36 silly reify ]
37 verbose reify failed optional dependency C:\Users\BHUWAN\OneDrive\Desktop\JATINPAGE\ProductPulse-1\client\node_modules\@rollup\rollup-linux-arm64-musl
38 silly reify mark deleted [
38 silly reify   'C:\\Users\\BHUWAN\\OneDrive\\Desktop\\JATINPAGE\\ProductPulse-1\\client\\node_modules\\@rollup\\rollup-linux-arm64-musl'
38 silly reify ]
39 verbose reify failed optional dependency C:\Users\BHUWAN\OneDrive\Desktop\JATINPAGE\ProductPulse-1\client\node_modules\@rollup\rollup-linux-arm64-gnu
40 silly reify mark deleted [
40 silly reify   'C:\\Users\\BHUWAN\\OneDrive\\Desktop\\JATINPAGE\\ProductPulse-1\\client\\node_modules\\@rollup\\rollup-linux-arm64-gnu'
40 silly reify ]
41 verbose reify failed optional dependency C:\Users\BHUWAN\OneDrive\Desktop\JATINPAGE\ProductPulse-1\client\node_modules\@rollup\rollup-linux-arm-musleabihf
42 silly reify mark deleted [
42 silly reify   'C:\\Users\\BHUWAN\\OneDrive\\Desktop\\JATINPAGE\\ProductPulse-1\\client\\node_modules\\@rollup\\rollup-linux-arm-musleabihf'
42 silly reify ]
43 verbose reify failed optional dependency C:\Users\BHUWAN\OneDrive\Desktop\JATINPAGE\ProductPulse-1\client\node_modules\@rollup\rollup-linux-arm-gnueabihf
44 silly reify mark deleted [
44 silly reify   'C:\\Users\\BHUWAN\\OneDrive\\Desktop\\JATINPAGE\\ProductPulse-1\\client\\node_modules\\@rollup\\rollup-linux-arm-gnueabihf'
44 silly reify ]
45 verbose reify failed optional dependency C:\Users\BHUWAN\OneDrive\Desktop\JATINPAGE\ProductPulse-1\client\node_modules\@rollup\rollup-freebsd-x64
46 silly reify mark deleted [
46 silly reify   'C:\\Users\\BHUWAN\\OneDrive\\Desktop\\JATINPAGE\\ProductPulse-1\\client\\node_modules\\@rollup\\rollup-freebsd-x64'
46 silly reify ]
47 verbose reify failed optional dependency C:\Users\BHUWAN\OneDrive\Desktop\JATINPAGE\ProductPulse-1\client\node_modules\@rollup\rollup-freebsd-arm64
48 silly reify mark deleted [
48 silly reify   'C:\\Users\\BHUWAN\\OneDrive\\Desktop\\JATINPAGE\\ProductPulse-1\\client\\node_modules\\@rollup\\rollup-freebsd-arm64'
48 silly reify ]
49 verbose reify failed optional dependency C:\Users\BHUWAN\OneDrive\Desktop\JATINPAGE\ProductPulse-1\client\node_modules\@rollup\rollup-darwin-x64
50 silly reify mark deleted [
50 silly reify   'C:\\Users\\BHUWAN\\OneDrive\\Desktop\\JATINPAGE\\ProductPulse-1\\client\\node_modules\\@rollup\\rollup-darwin-x64'
50 silly reify ]
51 verbose reify failed optional dependency C:\Users\BHUWAN\OneDrive\Desktop\JATINPAGE\ProductPulse-1\client\node_modules\@rollup\rollup-darwin-arm64
52 silly reify mark deleted [
52 silly reify   'C:\\Users\\BHUWAN\\OneDrive\\Desktop\\JATINPAGE\\ProductPulse-1\\client\\node_modules\\@rollup\\rollup-darwin-arm64'
52 silly reify ]
53 verbose reify failed optional dependency C:\Users\BHUWAN\OneDrive\Desktop\JATINPAGE\ProductPulse-1\client\node_modules\@rollup\rollup-android-arm64
54 silly reify mark deleted [
54 silly reify   'C:\\Users\\BHUWAN\\OneDrive\\Desktop\\JATINPAGE\\ProductPulse-1\\client\\node_modules\\@rollup\\rollup-android-arm64'
54 silly reify ]
55 verbose reify failed optional dependency C:\Users\BHUWAN\OneDrive\Desktop\JATINPAGE\ProductPulse-1\client\node_modules\@rollup\rollup-android-arm-eabi
56 silly reify mark deleted [
56 silly reify   'C:\\Users\\BHUWAN\\OneDrive\\Desktop\\JATINPAGE\\ProductPulse-1\\client\\node_modules\\@rollup\\rollup-android-arm-eabi'
56 silly reify ]
57 verbose reify failed optional dependency C:\Users\BHUWAN\OneDrive\Desktop\JATINPAGE\ProductPulse-1\client\node_modules\@esbuild\win32-ia32
58 silly reify mark deleted [
58 silly reify   'C:\\Users\\BHUWAN\\OneDrive\\Desktop\\JATINPAGE\\ProductPulse-1\\client\\node_modules\\@esbuild\\win32-ia32'
58 silly reify ]
59 verbose reify failed optional dependency C:\Users\BHUWAN\OneDrive\Desktop\JATINPAGE\ProductPulse-1\client\node_modules\@esbuild\win32-arm64
60 silly reify mark deleted [
60 silly reify   'C:\\Users\\BHUWAN\\OneDrive\\Desktop\\JATINPAGE\\ProductPulse-1\\client\\node_modules\\@esbuild\\win32-arm64'
60 silly reify ]
61 verbose reify failed optional dependency C:\Users\BHUWAN\OneDrive\Desktop\JATINPAGE\ProductPulse-1\client\node_modules\@esbuild\sunos-x64
62 silly reify mark deleted [
62 silly reify   'C:\\Users\\BHUWAN\\OneDrive\\Desktop\\JATINPAGE\\ProductPulse-1\\client\\node_modules\\@esbuild\\sunos-x64'
62 silly reify ]
63 verbose reify failed optional dependency C:\Users\BHUWAN\OneDrive\Desktop\JATINPAGE\ProductPulse-1\client\node_modules\@esbuild\openbsd-x64
64 silly reify mark deleted [
64 silly reify   'C:\\Users\\BHUWAN\\OneDrive\\Desktop\\JATINPAGE\\ProductPulse-1\\client\\node_modules\\@esbuild\\openbsd-x64'
64 silly reify ]
65 verbose reify failed optional dependency C:\Users\BHUWAN\OneDrive\Desktop\JATINPAGE\ProductPulse-1\client\node_modules\@esbuild\openbsd-arm64
66 silly reify mark deleted [
66 silly reify   'C:\\Users\\BHUWAN\\OneDrive\\Desktop\\JATINPAGE\\ProductPulse-1\\client\\node_modules\\@esbuild\\openbsd-arm64'
66 silly reify ]
67 verbose reify failed optional dependency C:\Users\BHUWAN\OneDrive\Desktop\JATINPAGE\ProductPulse-1\client\node_modules\@esbuild\netbsd-x64
68 silly reify mark deleted [
68 silly reify   'C:\\Users\\BHUWAN\\OneDrive\\Desktop\\JATINPAGE\\ProductPulse-1\\client\\node_modules\\@esbuild\\netbsd-x64'
68 silly reify ]
69 verbose reify failed optional dependency C:\Users\BHUWAN\OneDrive\Desktop\JATINPAGE\ProductPulse-1\client\node_modules\@esbuild\netbsd-arm64
70 silly reify mark deleted [
70 silly reify   'C:\\Users\\BHUWAN\\OneDrive\\Desktop\\JATINPAGE\\ProductPulse-1\\client\\node_modules\\@esbuild\\netbsd-arm64'
70 silly reify ]
71 verbose reify failed optional dependency C:\Users\BHUWAN\OneDrive\Desktop\JATINPAGE\ProductPulse-1\client\node_modules\@esbuild\linux-x64
72 silly reify mark deleted [
72 silly reify   'C:\\Users\\BHUWAN\\OneDrive\\Desktop\\JATINPAGE\\ProductPulse-1\\client\\node_modules\\@esbuild\\linux-x64'
72 silly reify ]
73 verbose reify failed optional dependency C:\Users\BHUWAN\OneDrive\Desktop\JATINPAGE\ProductPulse-1\client\node_modules\@esbuild\linux-s390x
74 silly reify mark deleted [
74 silly reify   'C:\\Users\\BHUWAN\\OneDrive\\Desktop\\JATINPAGE\\ProductPulse-1\\client\\node_modules\\@esbuild\\linux-s390x'
74 silly reify ]
75 verbose reify failed optional dependency C:\Users\BHUWAN\OneDrive\Desktop\JATINPAGE\ProductPulse-1\client\node_modules\@esbuild\linux-riscv64
76 silly reify mark deleted [
76 silly reify   'C:\\Users\\BHUWAN\\OneDrive\\Desktop\\JATINPAGE\\ProductPulse-1\\client\\node_modules\\@esbuild\\linux-riscv64'
76 silly reify ]
77 verbose reify failed optional dependency C:\Users\BHUWAN\OneDrive\Desktop\JATINPAGE\ProductPulse-1\client\node_modules\@esbuild\linux-ppc64
78 silly reify mark deleted [
78 silly reify   'C:\\Users\\BHUWAN\\OneDrive\\Desktop\\JATINPAGE\\ProductPulse-1\\client\\node_modules\\@esbuild\\linux-ppc64'
78 silly reify ]
79 verbose reify failed optional dependency C:\Users\BHUWAN\OneDrive\Desktop\JATINPAGE\ProductPulse-1\client\node_modules\@esbuild\linux-mips64el
80 silly reify mark deleted [
80 silly reify   'C:\\Users\\BHUWAN\\OneDrive\\Desktop\\JATINPAGE\\ProductPulse-1\\client\\node_modules\\@esbuild\\linux-mips64el'
80 silly reify ]
81 verbose reify failed optional dependency C:\Users\BHUWAN\OneDrive\Desktop\JATINPAGE\ProductPulse-1\client\node_modules\@esbuild\linux-loong64
82 silly reify mark deleted [
82 silly reify   'C:\\Users\\BHUWAN\\OneDrive\\Desktop\\JATINPAGE\\ProductPulse-1\\client\\node_modules\\@esbuild\\linux-loong64'
82 silly reify ]
83 verbose reify failed optional dependency C:\Users\BHUWAN\OneDrive\Desktop\JATINPAGE\ProductPulse-1\client\node_modules\@esbuild\linux-ia32
84 silly reify mark deleted [
84 silly reify   'C:\\Users\\BHUWAN\\OneDrive\\Desktop\\JATINPAGE\\ProductPulse-1\\client\\node_modules\\@esbuild\\linux-ia32'
84 silly reify ]
85 verbose reify failed optional dependency C:\Users\BHUWAN\OneDrive\Desktop\JATINPAGE\ProductPulse-1\client\node_modules\@esbuild\linux-arm64
86 silly reify mark deleted [
86 silly reify   'C:\\Users\\BHUWAN\\OneDrive\\Desktop\\JATINPAGE\\ProductPulse-1\\client\\node_modules\\@esbuild\\linux-arm64'
86 silly reify ]
87 verbose reify failed optional dependency C:\Users\BHUWAN\OneDrive\Desktop\JATINPAGE\ProductPulse-1\client\node_modules\@esbuild\linux-arm
88 silly reify mark deleted [
88 silly reify   'C:\\Users\\BHUWAN\\OneDrive\\Desktop\\JATINPAGE\\ProductPulse-1\\client\\node_modules\\@esbuild\\linux-arm'
88 silly reify ]
89 verbose reify failed optional dependency C:\Users\BHUWAN\OneDrive\Desktop\JATINPAGE\ProductPulse-1\client\node_modules\@esbuild\freebsd-x64
90 silly reify mark deleted [
90 silly reify   'C:\\Users\\BHUWAN\\OneDrive\\Desktop\\JATINPAGE\\ProductPulse-1\\client\\node_modules\\@esbuild\\freebsd-x64'
90 silly reify ]
91 verbose reify failed optional dependency C:\Users\BHUWAN\OneDrive\Desktop\JATINPAGE\ProductPulse-1\client\node_modules\@esbuild\freebsd-arm64
92 silly reify mark deleted [
92 silly reify   'C:\\Users\\BHUWAN\\OneDrive\\Desktop\\JATINPAGE\\ProductPulse-1\\client\\node_modules\\@esbuild\\freebsd-arm64'
92 silly reify ]
93 verbose reify failed optional dependency C:\Users\BHUWAN\OneDrive\Desktop\JATINPAGE\ProductPulse-1\client\node_modules\@esbuild\darwin-x64
94 silly reify mark deleted [
94 silly reify   'C:\\Users\\BHUWAN\\OneDrive\\Desktop\\JATINPAGE\\ProductPulse-1\\client\\node_modules\\@esbuild\\darwin-x64'
94 silly reify ]
95 verbose reify failed optional dependency C:\Users\BHUWAN\OneDrive\Desktop\JATINPAGE\ProductPulse-1\client\node_modules\@esbuild\darwin-arm64
96 silly reify mark deleted [
96 silly reify   'C:\\Users\\BHUWAN\\OneDrive\\Desktop\\JATINPAGE\\ProductPulse-1\\client\\node_modules\\@esbuild\\darwin-arm64'
96 silly reify ]
97 verbose reify failed optional dependency C:\Users\BHUWAN\OneDrive\Desktop\JATINPAGE\ProductPulse-1\client\node_modules\@esbuild\android-x64
98 silly reify mark deleted [
98 silly reify   'C:\\Users\\BHUWAN\\OneDrive\\Desktop\\JATINPAGE\\ProductPulse-1\\client\\node_modules\\@esbuild\\android-x64'
98 silly reify ]
99 verbose reify failed optional dependency C:\Users\BHUWAN\OneDrive\Desktop\JATINPAGE\ProductPulse-1\client\node_modules\@esbuild\android-arm64
100 silly reify mark deleted [
100 silly reify   'C:\\Users\\BHUWAN\\OneDrive\\Desktop\\JATINPAGE\\ProductPulse-1\\client\\node_modules\\@esbuild\\android-arm64'
100 silly reify ]
101 verbose reify failed optional dependency C:\Users\BHUWAN\OneDrive\Desktop\JATINPAGE\ProductPulse-1\client\node_modules\@esbuild\android-arm
102 silly reify mark deleted [
102 silly reify   'C:\\Users\\BHUWAN\\OneDrive\\Desktop\\JATINPAGE\\ProductPulse-1\\client\\node_modules\\@esbuild\\android-arm'
102 silly reify ]
103 verbose reify failed optional dependency C:\Users\BHUWAN\OneDrive\Desktop\JATINPAGE\ProductPulse-1\client\node_modules\@esbuild\aix-ppc64
104 silly reify mark deleted [
104 silly reify   'C:\\Users\\BHUWAN\\OneDrive\\Desktop\\JATINPAGE\\ProductPulse-1\\client\\node_modules\\@esbuild\\aix-ppc64'
104 silly reify ]
105 http fetch POST 200 https://registry.npmjs.org/-/npm/v1/security/advisories/bulk 452ms
106 silly audit report {}
107 silly ADD
108 silly ADD
109 silly ADD
110 silly ADD
111 silly ADD
112 silly ADD
113 silly ADD
114 silly ADD
115 silly ADD
116 silly ADD
117 silly ADD
118 silly ADD
119 silly ADD
120 silly ADD
121 silly ADD
122 silly ADD
123 silly ADD
124 silly ADD
125 silly ADD
126 silly ADD
127 silly ADD
128 silly ADD
129 silly ADD
130 silly ADD
131 silly ADD
132 silly ADD
133 silly ADD
134 silly ADD
135 silly ADD
136 silly ADD
137 silly ADD
138 silly ADD
139 silly ADD
140 silly ADD
141 silly ADD
142 silly ADD
143 silly ADD
144 silly ADD
145 silly ADD
146 silly ADD
147 silly ADD
148 silly ADD
149 silly ADD
150 silly ADD
151 verbose cwd C:\Users\BHUWAN\OneDrive\Desktop\JATINPAGE\ProductPulse-1\client
152 verbose os Windows_NT 10.0.26120
153 verbose node v22.16.0
154 verbose npm  v10.9.0
155 verbose exit 0
156 info ok
