0 verbose cli C:\Program Files\nodejs\node.exe C:\Users\BHUWAN\AppData\Roaming\npm\node_modules\npm\bin\npm-cli.js
1 info using npm@10.9.0
2 info using node@v22.16.0
3 silly config load:file:C:\Users\BHUWAN\AppData\Roaming\npm\node_modules\npm\npmrc
4 silly config load:file:C:\Users\BHUWAN\OneDrive\Desktop\JATINPAGE\ProductPulse-1\client\.npmrc
5 silly config load:file:C:\Users\BHUWAN\.npmrc
6 silly config load:file:C:\Users\BHUWAN\AppData\Roaming\npm\etc\npmrc
7 verbose title npm install @tanstack/react-query
8 verbose argv "install" "@tanstack/react-query"
9 verbose logfile logs-max:10 dir:C:\Users\BHUWAN\OneDrive\Desktop\JATINPAGE\ProductPulse-1\client\UsersBHUWANAppDataLocalnpm-cache\_logs\2025-06-27T09_52_29_798Z-
10 verbose logfile C:\Users\BHUWAN\OneDrive\Desktop\JATINPAGE\ProductPulse-1\client\UsersBHUWANAppDataLocalnpm-cache\_logs\2025-06-27T09_52_29_798Z-debug-0.log
11 silly logfile start cleaning logs, removing 1 files
12 silly packumentCache heap:4345298944 maxSize:1086324736 maxEntrySize:543162368
13 silly logfile done cleaning log files
14 silly idealTree buildDeps
15 silly fetch manifest @tanstack/react-query@^4.29.0
16 silly packumentCache full:https://registry.npmjs.org/@tanstack%2freact-query cache-miss
17 http fetch GET 200 https://registry.npmjs.org/@tanstack%2freact-query 421ms (cache revalidated)
18 silly packumentCache full:https://registry.npmjs.org/@tanstack%2freact-query set size:1272362 disposed:false
19 silly fetch manifest react@^18.2.0
20 silly packumentCache full:https://registry.npmjs.org/react cache-miss
21 http fetch GET 200 https://registry.npmjs.org/react 439ms (cache updated)
22 silly packumentCache full:https://registry.npmjs.org/react set size:undefined disposed:false
23 silly fetch manifest react-dom@^18.2.0
24 silly packumentCache full:https://registry.npmjs.org/react-dom cache-miss
25 http fetch GET 200 https://registry.npmjs.org/react-dom 198ms (cache updated)
26 silly packumentCache full:https://registry.npmjs.org/react-dom set size:undefined disposed:false
27 silly fetch manifest react-native@*
28 silly packumentCache full:https://registry.npmjs.org/react-native cache-miss
29 http fetch GET 200 https://registry.npmjs.org/react-native 286ms (cache updated)
30 silly packumentCache full:https://registry.npmjs.org/react-native set size:undefined disposed:false
31 silly fetch manifest @types/react@^19.1.0
32 silly packumentCache full:https://registry.npmjs.org/@types%2freact cache-miss
33 http fetch GET 200 https://registry.npmjs.org/@types%2freact 123ms (cache revalidated)
34 silly packumentCache full:https://registry.npmjs.org/@types%2freact set size:2412792 disposed:false
35 silly fetch manifest react@^19.1.0
36 silly packumentCache full:https://registry.npmjs.org/react cache-miss
37 http fetch GET 200 https://registry.npmjs.org/react 13ms (cache hit)
38 silly packumentCache full:https://registry.npmjs.org/react set size:5804529 disposed:false
39 silly placeDep ROOT @tanstack/react-query@4.40.0 REPLACE for: client@1.0.0 want: ^4.29.0
40 silly reify moves {}
41 silly audit bulk request {
41 silly audit   '@ampproject/remapping': [ '2.3.0' ],
41 silly audit   '@babel/code-frame': [ '7.27.1' ],
41 silly audit   '@babel/compat-data': [ '7.27.5' ],
41 silly audit   '@babel/core': [ '7.27.4' ],
41 silly audit   '@babel/generator': [ '7.27.5' ],
41 silly audit   '@babel/helper-compilation-targets': [ '7.27.2' ],
41 silly audit   '@babel/helper-module-imports': [ '7.27.1' ],
41 silly audit   '@babel/helper-module-transforms': [ '7.27.3' ],
41 silly audit   '@babel/helper-plugin-utils': [ '7.27.1' ],
41 silly audit   '@babel/helper-string-parser': [ '7.27.1' ],
41 silly audit   '@babel/helper-validator-identifier': [ '7.27.1' ],
41 silly audit   '@babel/helper-validator-option': [ '7.27.1' ],
41 silly audit   '@babel/helpers': [ '7.27.6' ],
41 silly audit   '@babel/parser': [ '7.27.5' ],
41 silly audit   '@babel/plugin-transform-react-jsx-self': [ '7.27.1' ],
41 silly audit   '@babel/plugin-transform-react-jsx-source': [ '7.27.1' ],
41 silly audit   '@babel/runtime': [ '7.27.6' ],
41 silly audit   '@babel/template': [ '7.27.2' ],
41 silly audit   '@babel/traverse': [ '7.27.4' ],
41 silly audit   '@babel/types': [ '7.27.6' ],
41 silly audit   '@esbuild/aix-ppc64': [ '0.25.5' ],
41 silly audit   '@esbuild/android-arm': [ '0.25.5' ],
41 silly audit   '@esbuild/android-arm64': [ '0.25.5' ],
41 silly audit   '@esbuild/android-x64': [ '0.25.5' ],
41 silly audit   '@esbuild/darwin-arm64': [ '0.25.5' ],
41 silly audit   '@esbuild/darwin-x64': [ '0.25.5' ],
41 silly audit   '@esbuild/freebsd-arm64': [ '0.25.5' ],
41 silly audit   '@esbuild/freebsd-x64': [ '0.25.5' ],
41 silly audit   '@esbuild/linux-arm': [ '0.25.5' ],
41 silly audit   '@esbuild/linux-arm64': [ '0.25.5' ],
41 silly audit   '@esbuild/linux-ia32': [ '0.25.5' ],
41 silly audit   '@esbuild/linux-loong64': [ '0.25.5' ],
41 silly audit   '@esbuild/linux-mips64el': [ '0.25.5' ],
41 silly audit   '@esbuild/linux-ppc64': [ '0.25.5' ],
41 silly audit   '@esbuild/linux-riscv64': [ '0.25.5' ],
41 silly audit   '@esbuild/linux-s390x': [ '0.25.5' ],
41 silly audit   '@esbuild/linux-x64': [ '0.25.5' ],
41 silly audit   '@esbuild/netbsd-arm64': [ '0.25.5' ],
41 silly audit   '@esbuild/netbsd-x64': [ '0.25.5' ],
41 silly audit   '@esbuild/openbsd-arm64': [ '0.25.5' ],
41 silly audit   '@esbuild/openbsd-x64': [ '0.25.5' ],
41 silly audit   '@esbuild/sunos-x64': [ '0.25.5' ],
41 silly audit   '@esbuild/win32-arm64': [ '0.25.5' ],
41 silly audit   '@esbuild/win32-ia32': [ '0.25.5' ],
41 silly audit   '@esbuild/win32-x64': [ '0.25.5' ],
41 silly audit   '@jridgewell/gen-mapping': [ '0.3.8' ],
41 silly audit   '@jridgewell/resolve-uri': [ '3.1.2' ],
41 silly audit   '@jridgewell/set-array': [ '1.2.1' ],
41 silly audit   '@jridgewell/sourcemap-codec': [ '1.5.0' ],
41 silly audit   '@jridgewell/trace-mapping': [ '0.3.25' ],
41 silly audit   '@rolldown/pluginutils': [ '1.0.0-beta.19' ],
41 silly audit   '@rollup/rollup-android-arm-eabi': [ '4.44.0' ],
41 silly audit   '@rollup/rollup-android-arm64': [ '4.44.0' ],
41 silly audit   '@rollup/rollup-darwin-arm64': [ '4.44.0' ],
41 silly audit   '@rollup/rollup-darwin-x64': [ '4.44.0' ],
41 silly audit   '@rollup/rollup-freebsd-arm64': [ '4.44.0' ],
41 silly audit   '@rollup/rollup-freebsd-x64': [ '4.44.0' ],
41 silly audit   '@rollup/rollup-linux-arm-gnueabihf': [ '4.44.0' ],
41 silly audit   '@rollup/rollup-linux-arm-musleabihf': [ '4.44.0' ],
41 silly audit   '@rollup/rollup-linux-arm64-gnu': [ '4.44.0' ],
41 silly audit   '@rollup/rollup-linux-arm64-musl': [ '4.44.0' ],
41 silly audit   '@rollup/rollup-linux-loongarch64-gnu': [ '4.44.0' ],
41 silly audit   '@rollup/rollup-linux-powerpc64le-gnu': [ '4.44.0' ],
41 silly audit   '@rollup/rollup-linux-riscv64-gnu': [ '4.44.0' ],
41 silly audit   '@rollup/rollup-linux-riscv64-musl': [ '4.44.0' ],
41 silly audit   '@rollup/rollup-linux-s390x-gnu': [ '4.44.0' ],
41 silly audit   '@rollup/rollup-linux-x64-gnu': [ '4.44.0' ],
41 silly audit   '@rollup/rollup-linux-x64-musl': [ '4.44.0' ],
41 silly audit   '@rollup/rollup-win32-arm64-msvc': [ '4.44.0' ],
41 silly audit   '@rollup/rollup-win32-ia32-msvc': [ '4.44.0' ],
41 silly audit   '@rollup/rollup-win32-x64-msvc': [ '4.44.0' ],
41 silly audit   '@tanstack/query-core': [ '4.40.0' ],
41 silly audit   '@types/babel__core': [ '7.20.5' ],
41 silly audit   '@types/babel__generator': [ '7.27.0' ],
41 silly audit   '@types/babel__template': [ '7.4.4' ],
41 silly audit   '@types/babel__traverse': [ '7.20.7' ],
41 silly audit   '@types/cors': [ '2.8.19' ],
41 silly audit   '@types/estree': [ '1.0.8' ],
41 silly audit   '@types/node': [ '24.0.3' ],
41 silly audit   '@types/raf': [ '3.4.3' ],
41 silly audit   '@types/trusted-types': [ '2.0.7' ],
41 silly audit   '@vitejs/plugin-react': [ '4.6.0' ],
41 silly audit   atob: [ '2.1.2' ],
41 silly audit   'base64-arraybuffer': [ '1.0.2' ],
41 silly audit   bcryptjs: [ '3.0.2' ],
41 silly audit   browserslist: [ '4.25.0' ],
41 silly audit   btoa: [ '1.2.1' ],
41 silly audit   'caniuse-lite': [ '1.0.30001724' ],
41 silly audit   canvg: [ '3.0.11' ],
41 silly audit   'convert-source-map': [ '2.0.0' ],
41 silly audit   cookie: [ '1.0.2' ],
41 silly audit   'core-js': [ '3.43.0' ],
41 silly audit   crypto: [ '1.0.1' ],
41 silly audit   'css-line-break': [ '2.1.0' ],
41 silly audit   debug: [ '4.4.1' ],
41 silly audit   dompurify: [ '3.2.6' ],
41 silly audit   'electron-to-chromium': [ '1.5.173' ],
41 silly audit   esbuild: [ '0.25.5' ],
41 silly audit   escalade: [ '3.2.0' ],
41 silly audit   fdir: [ '6.4.6' ],
41 silly audit   fflate: [ '0.8.2' ],
41 silly audit   'framer-motion': [ '12.19.1' ],
41 silly audit   fsevents: [ '2.3.3' ],
41 silly audit   gensync: [ '1.0.0-beta.2' ],
41 silly audit   globals: [ '11.12.0' ],
41 silly audit   html2canvas: [ '1.4.1' ],
41 silly audit   'js-tokens': [ '4.0.0' ],
41 silly audit   jsesc: [ '3.1.0' ],
41 silly audit   json5: [ '2.2.3' ],
41 silly audit   jspdf: [ '3.0.1' ],
41 silly audit   'jspdf-autotable': [ '5.0.2' ],
41 silly audit   'loose-envify': [ '1.4.0' ],
41 silly audit   'lru-cache': [ '5.1.1' ],
41 silly audit   'motion-dom': [ '12.19.0' ],
41 silly audit   'motion-utils': [ '12.19.0' ],
41 silly audit   ms: [ '2.1.3' ],
41 silly audit   nanoid: [ '3.3.11' ],
41 silly audit   'node-releases': [ '2.0.19' ],
41 silly audit   nodemailer: [ '7.0.3' ],
41 silly audit   'performance-now': [ '2.1.0' ],
41 silly audit   picocolors: [ '1.1.1' ],
41 silly audit   picomatch: [ '4.0.2' ],
41 silly audit   postcss: [ '8.5.6' ],
41 silly audit   raf: [ '3.4.1' ],
41 silly audit   react: [ '18.3.1' ],
41 silly audit   'react-dom': [ '18.3.1' ],
41 silly audit   'react-refresh': [ '0.17.0' ],
41 silly audit   'react-router': [ '7.6.2' ],
41 silly audit   'react-router-dom': [ '7.6.2' ],
41 silly audit   'regenerator-runtime': [ '0.13.11' ],
41 silly audit   rgbcolor: [ '1.0.1' ],
41 silly audit   rollup: [ '4.44.0' ],
41 silly audit   scheduler: [ '0.23.2' ],
41 silly audit   semver: [ '6.3.1' ],
41 silly audit   'set-cookie-parser': [ '2.7.1' ],
41 silly audit   'source-map-js': [ '1.2.1' ],
41 silly audit   'stackblur-canvas': [ '2.7.0' ],
41 silly audit   'svg-pathdata': [ '6.0.3' ],
41 silly audit   'text-segmentation': [ '1.0.3' ],
41 silly audit   tinyglobby: [ '0.2.14' ],
41 silly audit   tslib: [ '2.8.1' ],
41 silly audit   'undici-types': [ '7.8.0' ],
41 silly audit   'update-browserslist-db': [ '1.1.3' ],
41 silly audit   'use-sync-external-store': [ '1.5.0' ],
41 silly audit   utrie: [ '1.0.2' ],
41 silly audit   vite: [ '6.3.5' ],
41 silly audit   yallist: [ '3.1.1' ],
41 silly audit   zod: [ '3.25.67' ],
41 silly audit   '@tanstack/react-query': [ '4.40.0' ]
41 silly audit }
42 verbose reify failed optional dependency C:\Users\BHUWAN\OneDrive\Desktop\JATINPAGE\ProductPulse-1\client\node_modules\fsevents
43 silly reify mark deleted [
43 silly reify   'C:\\Users\\BHUWAN\\OneDrive\\Desktop\\JATINPAGE\\ProductPulse-1\\client\\node_modules\\fsevents'
43 silly reify ]
44 verbose reify failed optional dependency C:\Users\BHUWAN\OneDrive\Desktop\JATINPAGE\ProductPulse-1\client\node_modules\@rollup\rollup-win32-ia32-msvc
45 silly reify mark deleted [
45 silly reify   'C:\\Users\\BHUWAN\\OneDrive\\Desktop\\JATINPAGE\\ProductPulse-1\\client\\node_modules\\@rollup\\rollup-win32-ia32-msvc'
45 silly reify ]
46 verbose reify failed optional dependency C:\Users\BHUWAN\OneDrive\Desktop\JATINPAGE\ProductPulse-1\client\node_modules\@rollup\rollup-win32-arm64-msvc
47 silly reify mark deleted [
47 silly reify   'C:\\Users\\BHUWAN\\OneDrive\\Desktop\\JATINPAGE\\ProductPulse-1\\client\\node_modules\\@rollup\\rollup-win32-arm64-msvc'
47 silly reify ]
48 verbose reify failed optional dependency C:\Users\BHUWAN\OneDrive\Desktop\JATINPAGE\ProductPulse-1\client\node_modules\@rollup\rollup-linux-x64-musl
49 silly reify mark deleted [
49 silly reify   'C:\\Users\\BHUWAN\\OneDrive\\Desktop\\JATINPAGE\\ProductPulse-1\\client\\node_modules\\@rollup\\rollup-linux-x64-musl'
49 silly reify ]
50 verbose reify failed optional dependency C:\Users\BHUWAN\OneDrive\Desktop\JATINPAGE\ProductPulse-1\client\node_modules\@rollup\rollup-linux-x64-gnu
51 silly reify mark deleted [
51 silly reify   'C:\\Users\\BHUWAN\\OneDrive\\Desktop\\JATINPAGE\\ProductPulse-1\\client\\node_modules\\@rollup\\rollup-linux-x64-gnu'
51 silly reify ]
52 verbose reify failed optional dependency C:\Users\BHUWAN\OneDrive\Desktop\JATINPAGE\ProductPulse-1\client\node_modules\@rollup\rollup-linux-s390x-gnu
53 silly reify mark deleted [
53 silly reify   'C:\\Users\\BHUWAN\\OneDrive\\Desktop\\JATINPAGE\\ProductPulse-1\\client\\node_modules\\@rollup\\rollup-linux-s390x-gnu'
53 silly reify ]
54 verbose reify failed optional dependency C:\Users\BHUWAN\OneDrive\Desktop\JATINPAGE\ProductPulse-1\client\node_modules\@rollup\rollup-linux-riscv64-musl
55 silly reify mark deleted [
55 silly reify   'C:\\Users\\BHUWAN\\OneDrive\\Desktop\\JATINPAGE\\ProductPulse-1\\client\\node_modules\\@rollup\\rollup-linux-riscv64-musl'
55 silly reify ]
56 verbose reify failed optional dependency C:\Users\BHUWAN\OneDrive\Desktop\JATINPAGE\ProductPulse-1\client\node_modules\@rollup\rollup-linux-riscv64-gnu
57 silly reify mark deleted [
57 silly reify   'C:\\Users\\BHUWAN\\OneDrive\\Desktop\\JATINPAGE\\ProductPulse-1\\client\\node_modules\\@rollup\\rollup-linux-riscv64-gnu'
57 silly reify ]
58 verbose reify failed optional dependency C:\Users\BHUWAN\OneDrive\Desktop\JATINPAGE\ProductPulse-1\client\node_modules\@rollup\rollup-linux-powerpc64le-gnu
59 silly reify mark deleted [
59 silly reify   'C:\\Users\\BHUWAN\\OneDrive\\Desktop\\JATINPAGE\\ProductPulse-1\\client\\node_modules\\@rollup\\rollup-linux-powerpc64le-gnu'
59 silly reify ]
60 verbose reify failed optional dependency C:\Users\BHUWAN\OneDrive\Desktop\JATINPAGE\ProductPulse-1\client\node_modules\@rollup\rollup-linux-loongarch64-gnu
61 silly reify mark deleted [
61 silly reify   'C:\\Users\\BHUWAN\\OneDrive\\Desktop\\JATINPAGE\\ProductPulse-1\\client\\node_modules\\@rollup\\rollup-linux-loongarch64-gnu'
61 silly reify ]
62 verbose reify failed optional dependency C:\Users\BHUWAN\OneDrive\Desktop\JATINPAGE\ProductPulse-1\client\node_modules\@rollup\rollup-linux-arm64-musl
63 silly reify mark deleted [
63 silly reify   'C:\\Users\\BHUWAN\\OneDrive\\Desktop\\JATINPAGE\\ProductPulse-1\\client\\node_modules\\@rollup\\rollup-linux-arm64-musl'
63 silly reify ]
64 verbose reify failed optional dependency C:\Users\BHUWAN\OneDrive\Desktop\JATINPAGE\ProductPulse-1\client\node_modules\@rollup\rollup-linux-arm64-gnu
65 silly reify mark deleted [
65 silly reify   'C:\\Users\\BHUWAN\\OneDrive\\Desktop\\JATINPAGE\\ProductPulse-1\\client\\node_modules\\@rollup\\rollup-linux-arm64-gnu'
65 silly reify ]
66 verbose reify failed optional dependency C:\Users\BHUWAN\OneDrive\Desktop\JATINPAGE\ProductPulse-1\client\node_modules\@rollup\rollup-linux-arm-musleabihf
67 silly reify mark deleted [
67 silly reify   'C:\\Users\\BHUWAN\\OneDrive\\Desktop\\JATINPAGE\\ProductPulse-1\\client\\node_modules\\@rollup\\rollup-linux-arm-musleabihf'
67 silly reify ]
68 verbose reify failed optional dependency C:\Users\BHUWAN\OneDrive\Desktop\JATINPAGE\ProductPulse-1\client\node_modules\@rollup\rollup-linux-arm-gnueabihf
69 silly reify mark deleted [
69 silly reify   'C:\\Users\\BHUWAN\\OneDrive\\Desktop\\JATINPAGE\\ProductPulse-1\\client\\node_modules\\@rollup\\rollup-linux-arm-gnueabihf'
69 silly reify ]
70 verbose reify failed optional dependency C:\Users\BHUWAN\OneDrive\Desktop\JATINPAGE\ProductPulse-1\client\node_modules\@rollup\rollup-freebsd-x64
71 silly reify mark deleted [
71 silly reify   'C:\\Users\\BHUWAN\\OneDrive\\Desktop\\JATINPAGE\\ProductPulse-1\\client\\node_modules\\@rollup\\rollup-freebsd-x64'
71 silly reify ]
72 verbose reify failed optional dependency C:\Users\BHUWAN\OneDrive\Desktop\JATINPAGE\ProductPulse-1\client\node_modules\@rollup\rollup-freebsd-arm64
73 silly reify mark deleted [
73 silly reify   'C:\\Users\\BHUWAN\\OneDrive\\Desktop\\JATINPAGE\\ProductPulse-1\\client\\node_modules\\@rollup\\rollup-freebsd-arm64'
73 silly reify ]
74 verbose reify failed optional dependency C:\Users\BHUWAN\OneDrive\Desktop\JATINPAGE\ProductPulse-1\client\node_modules\@rollup\rollup-darwin-x64
75 silly reify mark deleted [
75 silly reify   'C:\\Users\\BHUWAN\\OneDrive\\Desktop\\JATINPAGE\\ProductPulse-1\\client\\node_modules\\@rollup\\rollup-darwin-x64'
75 silly reify ]
76 verbose reify failed optional dependency C:\Users\BHUWAN\OneDrive\Desktop\JATINPAGE\ProductPulse-1\client\node_modules\@rollup\rollup-darwin-arm64
77 silly reify mark deleted [
77 silly reify   'C:\\Users\\BHUWAN\\OneDrive\\Desktop\\JATINPAGE\\ProductPulse-1\\client\\node_modules\\@rollup\\rollup-darwin-arm64'
77 silly reify ]
78 verbose reify failed optional dependency C:\Users\BHUWAN\OneDrive\Desktop\JATINPAGE\ProductPulse-1\client\node_modules\@rollup\rollup-android-arm64
79 silly reify mark deleted [
79 silly reify   'C:\\Users\\BHUWAN\\OneDrive\\Desktop\\JATINPAGE\\ProductPulse-1\\client\\node_modules\\@rollup\\rollup-android-arm64'
79 silly reify ]
80 verbose reify failed optional dependency C:\Users\BHUWAN\OneDrive\Desktop\JATINPAGE\ProductPulse-1\client\node_modules\@rollup\rollup-android-arm-eabi
81 silly reify mark deleted [
81 silly reify   'C:\\Users\\BHUWAN\\OneDrive\\Desktop\\JATINPAGE\\ProductPulse-1\\client\\node_modules\\@rollup\\rollup-android-arm-eabi'
81 silly reify ]
82 verbose reify failed optional dependency C:\Users\BHUWAN\OneDrive\Desktop\JATINPAGE\ProductPulse-1\client\node_modules\@esbuild\win32-ia32
83 silly reify mark deleted [
83 silly reify   'C:\\Users\\BHUWAN\\OneDrive\\Desktop\\JATINPAGE\\ProductPulse-1\\client\\node_modules\\@esbuild\\win32-ia32'
83 silly reify ]
84 verbose reify failed optional dependency C:\Users\BHUWAN\OneDrive\Desktop\JATINPAGE\ProductPulse-1\client\node_modules\@esbuild\win32-arm64
85 silly reify mark deleted [
85 silly reify   'C:\\Users\\BHUWAN\\OneDrive\\Desktop\\JATINPAGE\\ProductPulse-1\\client\\node_modules\\@esbuild\\win32-arm64'
85 silly reify ]
86 verbose reify failed optional dependency C:\Users\BHUWAN\OneDrive\Desktop\JATINPAGE\ProductPulse-1\client\node_modules\@esbuild\sunos-x64
87 silly reify mark deleted [
87 silly reify   'C:\\Users\\BHUWAN\\OneDrive\\Desktop\\JATINPAGE\\ProductPulse-1\\client\\node_modules\\@esbuild\\sunos-x64'
87 silly reify ]
88 verbose reify failed optional dependency C:\Users\BHUWAN\OneDrive\Desktop\JATINPAGE\ProductPulse-1\client\node_modules\@esbuild\openbsd-x64
89 silly reify mark deleted [
89 silly reify   'C:\\Users\\BHUWAN\\OneDrive\\Desktop\\JATINPAGE\\ProductPulse-1\\client\\node_modules\\@esbuild\\openbsd-x64'
89 silly reify ]
90 verbose reify failed optional dependency C:\Users\BHUWAN\OneDrive\Desktop\JATINPAGE\ProductPulse-1\client\node_modules\@esbuild\openbsd-arm64
91 silly reify mark deleted [
91 silly reify   'C:\\Users\\BHUWAN\\OneDrive\\Desktop\\JATINPAGE\\ProductPulse-1\\client\\node_modules\\@esbuild\\openbsd-arm64'
91 silly reify ]
92 verbose reify failed optional dependency C:\Users\BHUWAN\OneDrive\Desktop\JATINPAGE\ProductPulse-1\client\node_modules\@esbuild\netbsd-x64
93 silly reify mark deleted [
93 silly reify   'C:\\Users\\BHUWAN\\OneDrive\\Desktop\\JATINPAGE\\ProductPulse-1\\client\\node_modules\\@esbuild\\netbsd-x64'
93 silly reify ]
94 verbose reify failed optional dependency C:\Users\BHUWAN\OneDrive\Desktop\JATINPAGE\ProductPulse-1\client\node_modules\@esbuild\netbsd-arm64
95 silly reify mark deleted [
95 silly reify   'C:\\Users\\BHUWAN\\OneDrive\\Desktop\\JATINPAGE\\ProductPulse-1\\client\\node_modules\\@esbuild\\netbsd-arm64'
95 silly reify ]
96 verbose reify failed optional dependency C:\Users\BHUWAN\OneDrive\Desktop\JATINPAGE\ProductPulse-1\client\node_modules\@esbuild\linux-x64
97 silly reify mark deleted [
97 silly reify   'C:\\Users\\BHUWAN\\OneDrive\\Desktop\\JATINPAGE\\ProductPulse-1\\client\\node_modules\\@esbuild\\linux-x64'
97 silly reify ]
98 verbose reify failed optional dependency C:\Users\BHUWAN\OneDrive\Desktop\JATINPAGE\ProductPulse-1\client\node_modules\@esbuild\linux-s390x
99 silly reify mark deleted [
99 silly reify   'C:\\Users\\BHUWAN\\OneDrive\\Desktop\\JATINPAGE\\ProductPulse-1\\client\\node_modules\\@esbuild\\linux-s390x'
99 silly reify ]
100 verbose reify failed optional dependency C:\Users\BHUWAN\OneDrive\Desktop\JATINPAGE\ProductPulse-1\client\node_modules\@esbuild\linux-riscv64
101 silly reify mark deleted [
101 silly reify   'C:\\Users\\BHUWAN\\OneDrive\\Desktop\\JATINPAGE\\ProductPulse-1\\client\\node_modules\\@esbuild\\linux-riscv64'
101 silly reify ]
102 verbose reify failed optional dependency C:\Users\BHUWAN\OneDrive\Desktop\JATINPAGE\ProductPulse-1\client\node_modules\@esbuild\linux-ppc64
103 silly reify mark deleted [
103 silly reify   'C:\\Users\\BHUWAN\\OneDrive\\Desktop\\JATINPAGE\\ProductPulse-1\\client\\node_modules\\@esbuild\\linux-ppc64'
103 silly reify ]
104 verbose reify failed optional dependency C:\Users\BHUWAN\OneDrive\Desktop\JATINPAGE\ProductPulse-1\client\node_modules\@esbuild\linux-mips64el
105 silly reify mark deleted [
105 silly reify   'C:\\Users\\BHUWAN\\OneDrive\\Desktop\\JATINPAGE\\ProductPulse-1\\client\\node_modules\\@esbuild\\linux-mips64el'
105 silly reify ]
106 verbose reify failed optional dependency C:\Users\BHUWAN\OneDrive\Desktop\JATINPAGE\ProductPulse-1\client\node_modules\@esbuild\linux-loong64
107 silly reify mark deleted [
107 silly reify   'C:\\Users\\BHUWAN\\OneDrive\\Desktop\\JATINPAGE\\ProductPulse-1\\client\\node_modules\\@esbuild\\linux-loong64'
107 silly reify ]
108 verbose reify failed optional dependency C:\Users\BHUWAN\OneDrive\Desktop\JATINPAGE\ProductPulse-1\client\node_modules\@esbuild\linux-ia32
109 silly reify mark deleted [
109 silly reify   'C:\\Users\\BHUWAN\\OneDrive\\Desktop\\JATINPAGE\\ProductPulse-1\\client\\node_modules\\@esbuild\\linux-ia32'
109 silly reify ]
110 verbose reify failed optional dependency C:\Users\BHUWAN\OneDrive\Desktop\JATINPAGE\ProductPulse-1\client\node_modules\@esbuild\linux-arm64
111 silly reify mark deleted [
111 silly reify   'C:\\Users\\BHUWAN\\OneDrive\\Desktop\\JATINPAGE\\ProductPulse-1\\client\\node_modules\\@esbuild\\linux-arm64'
111 silly reify ]
112 verbose reify failed optional dependency C:\Users\BHUWAN\OneDrive\Desktop\JATINPAGE\ProductPulse-1\client\node_modules\@esbuild\linux-arm
113 silly reify mark deleted [
113 silly reify   'C:\\Users\\BHUWAN\\OneDrive\\Desktop\\JATINPAGE\\ProductPulse-1\\client\\node_modules\\@esbuild\\linux-arm'
113 silly reify ]
114 verbose reify failed optional dependency C:\Users\BHUWAN\OneDrive\Desktop\JATINPAGE\ProductPulse-1\client\node_modules\@esbuild\freebsd-x64
115 silly reify mark deleted [
115 silly reify   'C:\\Users\\BHUWAN\\OneDrive\\Desktop\\JATINPAGE\\ProductPulse-1\\client\\node_modules\\@esbuild\\freebsd-x64'
115 silly reify ]
116 verbose reify failed optional dependency C:\Users\BHUWAN\OneDrive\Desktop\JATINPAGE\ProductPulse-1\client\node_modules\@esbuild\freebsd-arm64
117 silly reify mark deleted [
117 silly reify   'C:\\Users\\BHUWAN\\OneDrive\\Desktop\\JATINPAGE\\ProductPulse-1\\client\\node_modules\\@esbuild\\freebsd-arm64'
117 silly reify ]
118 verbose reify failed optional dependency C:\Users\BHUWAN\OneDrive\Desktop\JATINPAGE\ProductPulse-1\client\node_modules\@esbuild\darwin-x64
119 silly reify mark deleted [
119 silly reify   'C:\\Users\\BHUWAN\\OneDrive\\Desktop\\JATINPAGE\\ProductPulse-1\\client\\node_modules\\@esbuild\\darwin-x64'
119 silly reify ]
120 verbose reify failed optional dependency C:\Users\BHUWAN\OneDrive\Desktop\JATINPAGE\ProductPulse-1\client\node_modules\@esbuild\darwin-arm64
121 silly reify mark deleted [
121 silly reify   'C:\\Users\\BHUWAN\\OneDrive\\Desktop\\JATINPAGE\\ProductPulse-1\\client\\node_modules\\@esbuild\\darwin-arm64'
121 silly reify ]
122 verbose reify failed optional dependency C:\Users\BHUWAN\OneDrive\Desktop\JATINPAGE\ProductPulse-1\client\node_modules\@esbuild\android-x64
123 silly reify mark deleted [
123 silly reify   'C:\\Users\\BHUWAN\\OneDrive\\Desktop\\JATINPAGE\\ProductPulse-1\\client\\node_modules\\@esbuild\\android-x64'
123 silly reify ]
124 verbose reify failed optional dependency C:\Users\BHUWAN\OneDrive\Desktop\JATINPAGE\ProductPulse-1\client\node_modules\@esbuild\android-arm64
125 silly reify mark deleted [
125 silly reify   'C:\\Users\\BHUWAN\\OneDrive\\Desktop\\JATINPAGE\\ProductPulse-1\\client\\node_modules\\@esbuild\\android-arm64'
125 silly reify ]
126 verbose reify failed optional dependency C:\Users\BHUWAN\OneDrive\Desktop\JATINPAGE\ProductPulse-1\client\node_modules\@esbuild\android-arm
127 silly reify mark deleted [
127 silly reify   'C:\\Users\\BHUWAN\\OneDrive\\Desktop\\JATINPAGE\\ProductPulse-1\\client\\node_modules\\@esbuild\\android-arm'
127 silly reify ]
128 verbose reify failed optional dependency C:\Users\BHUWAN\OneDrive\Desktop\JATINPAGE\ProductPulse-1\client\node_modules\@esbuild\aix-ppc64
129 silly reify mark deleted [
129 silly reify   'C:\\Users\\BHUWAN\\OneDrive\\Desktop\\JATINPAGE\\ProductPulse-1\\client\\node_modules\\@esbuild\\aix-ppc64'
129 silly reify ]
130 http fetch POST 200 https://registry.npmjs.org/-/npm/v1/security/advisories/bulk 448ms
131 silly audit report {}
132 silly ADD
133 silly ADD
134 silly ADD
135 silly ADD
136 silly ADD
137 silly ADD
138 silly ADD
139 silly ADD
140 silly ADD
141 silly ADD
142 silly ADD
143 silly ADD
144 silly ADD
145 silly ADD
146 silly ADD
147 silly ADD
148 silly ADD
149 silly ADD
150 silly ADD
151 silly ADD
152 silly ADD
153 silly ADD
154 silly ADD
155 silly ADD
156 silly ADD
157 silly ADD
158 silly ADD
159 silly ADD
160 silly ADD
161 silly ADD
162 silly ADD
163 silly ADD
164 silly ADD
165 silly ADD
166 silly ADD
167 silly ADD
168 silly ADD
169 silly ADD
170 silly ADD
171 silly ADD
172 silly ADD
173 silly ADD
174 silly ADD
175 silly ADD
176 verbose cwd C:\Users\BHUWAN\OneDrive\Desktop\JATINPAGE\ProductPulse-1\client
177 verbose os Windows_NT 10.0.26120
178 verbose node v22.16.0
179 verbose npm  v10.9.0
180 verbose exit 0
181 info ok
