0 verbose cli C:\Program Files\nodejs\node.exe C:\Users\BHUWAN\AppData\Roaming\npm\node_modules\npm\bin\npm-cli.js
1 info using npm@10.9.0
2 info using node@v22.16.0
3 silly config load:file:C:\Users\BHUWAN\AppData\Roaming\npm\node_modules\npm\npmrc
4 silly config load:file:C:\Users\BHUWAN\OneDrive\Desktop\JATINPAGE\ProductPulse-1\client\.npmrc
5 silly config load:file:C:\Users\BHUWAN\.npmrc
6 silly config load:file:C:\Users\BHUWAN\AppData\Roaming\npm\etc\npmrc
7 verbose title npm install
8 verbose argv "install"
9 verbose logfile logs-max:10 dir:C:\Users\BHUWAN\OneDrive\Desktop\JATINPAGE\ProductPulse-1\client\UsersBHUWANAppDataLocalnpm-cache\_logs\2025-06-27T09_56_40_504Z-
10 verbose logfile C:\Users\BHUWAN\OneDrive\Desktop\JATINPAGE\ProductPulse-1\client\UsersBHUWANAppDataLocalnpm-cache\_logs\2025-06-27T09_56_40_504Z-debug-0.log
11 silly logfile start cleaning logs, removing 1 files
12 silly packumentCache heap:4345298944 maxSize:1086324736 maxEntrySize:543162368
13 silly logfile done cleaning log files
14 silly idealTree buildDeps
15 silly fetch manifest three@^0.156.1
16 silly packumentCache full:https://registry.npmjs.org/three cache-miss
17 http fetch GET 200 https://registry.npmjs.org/three 27ms (cache hit)
18 silly packumentCache full:https://registry.npmjs.org/three set size:872506 disposed:false
19 silly fetch manifest input-otp@^1.4.2
20 silly packumentCache full:https://registry.npmjs.org/input-otp cache-miss
21 http fetch GET 200 https://registry.npmjs.org/input-otp 6ms (cache hit)
22 silly packumentCache full:https://registry.npmjs.org/input-otp set size:85904 disposed:false
23 silly fetch manifest react@^18.2.0
24 silly packumentCache full:https://registry.npmjs.org/react cache-miss
25 http fetch GET 200 https://registry.npmjs.org/react 11ms (cache hit)
26 silly packumentCache full:https://registry.npmjs.org/react set size:5804529 disposed:false
27 silly fetch manifest react-dom@^18.2.0
28 silly packumentCache full:https://registry.npmjs.org/react-dom cache-miss
29 http fetch GET 200 https://registry.npmjs.org/react-dom 16ms (cache hit)
30 silly packumentCache full:https://registry.npmjs.org/react-dom set size:7419666 disposed:false
31 silly fetch manifest lucide-react@^0.367.0
32 silly packumentCache full:https://registry.npmjs.org/lucide-react cache-miss
33 http fetch GET 200 https://registry.npmjs.org/lucide-react 12ms (cache hit)
34 silly packumentCache full:https://registry.npmjs.org/lucide-react set size:2018899 disposed:false
35 silly fetch manifest embla-carousel-react@^8.0.0
36 silly packumentCache full:https://registry.npmjs.org/embla-carousel-react cache-miss
37 http fetch GET 200 https://registry.npmjs.org/embla-carousel-react 5ms (cache hit)
38 silly packumentCache full:https://registry.npmjs.org/embla-carousel-react set size:393785 disposed:false
39 silly fetch manifest @radix-ui/react-toast@^1.1.4
40 silly packumentCache full:https://registry.npmjs.org/@radix-ui%2freact-toast cache-miss
41 http fetch GET 200 https://registry.npmjs.org/@radix-ui%2freact-toast 4ms (cache hit)
42 silly packumentCache full:https://registry.npmjs.org/@radix-ui%2freact-toast set size:691393 disposed:false
43 silly fetch manifest @types/react@*
44 silly packumentCache full:https://registry.npmjs.org/@types%2freact cache-miss
45 http fetch GET 200 https://registry.npmjs.org/@types%2freact 7ms (cache hit)
46 silly packumentCache full:https://registry.npmjs.org/@types%2freact set size:2412792 disposed:false
47 silly fetch manifest @types/react-dom@*
48 silly packumentCache full:https://registry.npmjs.org/@types%2freact-dom cache-miss
49 http fetch GET 200 https://registry.npmjs.org/@types%2freact-dom 6ms (cache hit)
50 silly packumentCache full:https://registry.npmjs.org/@types%2freact-dom set size:403694 disposed:false
51 silly fetch manifest class-variance-authority@^0.7.0
52 silly packumentCache full:https://registry.npmjs.org/class-variance-authority cache-miss
53 http fetch GET 200 https://registry.npmjs.org/class-variance-authority 4ms (cache hit)
54 silly packumentCache full:https://registry.npmjs.org/class-variance-authority set size:96388 disposed:false
55 silly fetch manifest @radix-ui/react-aspect-ratio@^1.0.7
56 silly packumentCache full:https://registry.npmjs.org/@radix-ui%2freact-aspect-ratio cache-miss
57 http fetch GET 200 https://registry.npmjs.org/@radix-ui%2freact-aspect-ratio 4ms (cache hit)
58 silly packumentCache full:https://registry.npmjs.org/@radix-ui%2freact-aspect-ratio set size:551911 disposed:false
59 silly fetch manifest @radix-ui/react-dialog@^1.0.6
60 silly packumentCache full:https://registry.npmjs.org/@radix-ui%2freact-dialog cache-miss
61 http fetch GET 200 https://registry.npmjs.org/@radix-ui%2freact-dialog 8ms (cache hit)
62 silly packumentCache full:https://registry.npmjs.org/@radix-ui%2freact-dialog set size:955944 disposed:false
63 silly fetch manifest @radix-ui/react-avatar@^1.0.6
64 silly packumentCache full:https://registry.npmjs.org/@radix-ui%2freact-avatar cache-miss
65 http fetch GET 200 https://registry.npmjs.org/@radix-ui%2freact-avatar 4ms (cache hit)
66 silly packumentCache full:https://registry.npmjs.org/@radix-ui%2freact-avatar set size:641393 disposed:false
67 silly fetch manifest @radix-ui/react-radio-group@^1.0.6
68 silly packumentCache full:https://registry.npmjs.org/@radix-ui%2freact-radio-group cache-miss
69 http fetch GET 200 https://registry.npmjs.org/@radix-ui%2freact-radio-group 5ms (cache hit)
70 silly packumentCache full:https://registry.npmjs.org/@radix-ui%2freact-radio-group set size:821007 disposed:false
71 silly fetch manifest @radix-ui/react-switch@^1.0.6
72 silly packumentCache full:https://registry.npmjs.org/@radix-ui%2freact-switch cache-miss
73 http fetch GET 200 https://registry.npmjs.org/@radix-ui%2freact-switch 5ms (cache hit)
74 silly packumentCache full:https://registry.npmjs.org/@radix-ui%2freact-switch set size:650291 disposed:false
75 silly fetch manifest @radix-ui/react-slot@^1.0.2
76 silly packumentCache full:https://registry.npmjs.org/@radix-ui%2freact-slot cache-miss
77 http fetch GET 200 https://registry.npmjs.org/@radix-ui%2freact-slot 5ms (cache hit)
78 silly packumentCache full:https://registry.npmjs.org/@radix-ui%2freact-slot set size:351089 disposed:false
79 silly fetch manifest @radix-ui/react-accordion@^1.0.6
80 silly packumentCache full:https://registry.npmjs.org/@radix-ui%2freact-accordion cache-miss
81 http fetch GET 200 https://registry.npmjs.org/@radix-ui%2freact-accordion 8ms (cache hit)
82 silly packumentCache full:https://registry.npmjs.org/@radix-ui%2freact-accordion set size:744650 disposed:false
83 silly fetch manifest recharts@^2.7.2
84 silly packumentCache full:https://registry.npmjs.org/recharts cache-miss
85 http fetch GET 200 https://registry.npmjs.org/recharts 5ms (cache hit)
86 silly packumentCache full:https://registry.npmjs.org/recharts set size:1248546 disposed:false
87 silly fetch manifest date-fns@^2.30.0
88 silly packumentCache full:https://registry.npmjs.org/date-fns cache-miss
89 http fetch GET 200 https://registry.npmjs.org/date-fns 9ms (cache hit)
90 silly packumentCache full:https://registry.npmjs.org/date-fns set size:3443758 disposed:false
91 silly fetch manifest react-day-picker@^10.8.0
92 silly packumentCache full:https://registry.npmjs.org/react-day-picker cache-miss
93 http fetch GET 200 https://registry.npmjs.org/react-day-picker 9ms (cache hit)
94 silly packumentCache full:https://registry.npmjs.org/react-day-picker set size:1035635 disposed:false
95 silly fetch manifest tailwind-merge@^2.2.0
96 silly packumentCache full:https://registry.npmjs.org/tailwind-merge cache-miss
97 http fetch GET 200 https://registry.npmjs.org/tailwind-merge 6ms (cache hit)
98 silly packumentCache full:https://registry.npmjs.org/tailwind-merge set size:1328746 disposed:false
99 silly fetch manifest clsx@^2.1.0
100 silly packumentCache full:https://registry.npmjs.org/clsx cache-miss
101 http fetch GET 200 https://registry.npmjs.org/clsx 3ms (cache hit)
102 silly packumentCache full:https://registry.npmjs.org/clsx set size:42489 disposed:false
103 silly fetch manifest react-icons@^4.12.0
104 silly packumentCache full:https://registry.npmjs.org/react-icons cache-miss
105 http fetch GET 200 https://registry.npmjs.org/react-icons 4ms (cache hit)
106 silly packumentCache full:https://registry.npmjs.org/react-icons set size:263561 disposed:false
107 silly placeDep ROOT @radix-ui/react-accordion@1.2.11 OK for: client@1.0.0 want: ^1.0.6
108 silly placeDep ROOT @radix-ui/react-aspect-ratio@1.1.7 OK for: client@1.0.0 want: ^1.0.7
109 silly placeDep ROOT @radix-ui/react-avatar@1.1.10 OK for: client@1.0.0 want: ^1.0.6
110 silly placeDep ROOT @radix-ui/react-dialog@1.1.14 OK for: client@1.0.0 want: ^1.0.6
111 silly placeDep ROOT @radix-ui/react-radio-group@1.3.7 OK for: client@1.0.0 want: ^1.0.6
112 silly placeDep ROOT @radix-ui/react-slot@1.2.3 OK for: client@1.0.0 want: ^1.0.2
113 silly placeDep ROOT @radix-ui/react-switch@1.2.5 OK for: client@1.0.0 want: ^1.0.6
114 silly placeDep ROOT @radix-ui/react-toast@1.2.14 OK for: client@1.0.0 want: ^1.1.4
115 silly placeDep ROOT class-variance-authority@0.7.1 OK for: client@1.0.0 want: ^0.7.0
116 silly placeDep ROOT clsx@2.1.1 OK for: client@1.0.0 want: ^2.1.0
117 silly placeDep ROOT date-fns@2.30.0 OK for: client@1.0.0 want: ^2.30.0
118 silly placeDep ROOT embla-carousel-react@8.6.0 OK for: client@1.0.0 want: ^8.0.0
119 silly placeDep ROOT input-otp@1.4.2 OK for: client@1.0.0 want: ^1.4.2
120 silly placeDep ROOT lucide-react@0.367.0 OK for: client@1.0.0 want: ^0.367.0
121 silly placeDep ROOT react-day-picker@ OK for: client@1.0.0 want: ^10.8.0
122 silly placeDep ROOT react-icons@4.12.0 OK for: client@1.0.0 want: ^4.12.0
123 silly placeDep ROOT recharts@2.15.4 OK for: client@1.0.0 want: ^2.7.2
124 silly placeDep ROOT tailwind-merge@2.6.0 OK for: client@1.0.0 want: ^2.2.0
125 silly placeDep ROOT three@0.156.1 OK for: client@1.0.0 want: ^0.156.1
126 silly fetch manifest @radix-ui/primitive@1.1.2
127 silly packumentCache full:https://registry.npmjs.org/@radix-ui%2fprimitive cache-miss
128 silly fetch manifest @radix-ui/react-collapsible@1.1.11
129 silly packumentCache full:https://registry.npmjs.org/@radix-ui%2freact-collapsible cache-miss
130 silly fetch manifest @radix-ui/react-collection@1.1.7
131 silly packumentCache full:https://registry.npmjs.org/@radix-ui%2freact-collection cache-miss
132 silly fetch manifest @radix-ui/react-compose-refs@1.1.2
133 silly packumentCache full:https://registry.npmjs.org/@radix-ui%2freact-compose-refs cache-miss
134 silly fetch manifest @radix-ui/react-context@1.1.2
135 silly packumentCache full:https://registry.npmjs.org/@radix-ui%2freact-context cache-miss
136 silly fetch manifest @radix-ui/react-direction@1.1.1
137 silly packumentCache full:https://registry.npmjs.org/@radix-ui%2freact-direction cache-miss
138 silly fetch manifest @radix-ui/react-id@1.1.1
139 silly packumentCache full:https://registry.npmjs.org/@radix-ui%2freact-id cache-miss
140 silly fetch manifest @radix-ui/react-primitive@2.1.3
141 silly packumentCache full:https://registry.npmjs.org/@radix-ui%2freact-primitive cache-miss
142 silly fetch manifest @radix-ui/react-use-controllable-state@1.2.2
143 silly packumentCache full:https://registry.npmjs.org/@radix-ui%2freact-use-controllable-state cache-miss
144 silly fetch manifest @radix-ui/react-primitive@2.1.3
145 silly packumentCache full:https://registry.npmjs.org/@radix-ui%2freact-primitive cache-miss
146 silly fetch manifest @radix-ui/react-context@1.1.2
147 silly packumentCache full:https://registry.npmjs.org/@radix-ui%2freact-context cache-miss
148 silly fetch manifest @radix-ui/react-primitive@2.1.3
149 silly packumentCache full:https://registry.npmjs.org/@radix-ui%2freact-primitive cache-miss
150 silly fetch manifest @radix-ui/react-use-callback-ref@1.1.1
151 silly packumentCache full:https://registry.npmjs.org/@radix-ui%2freact-use-callback-ref cache-miss
152 silly fetch manifest @radix-ui/react-use-is-hydrated@0.1.0
153 silly packumentCache full:https://registry.npmjs.org/@radix-ui%2freact-use-is-hydrated cache-miss
154 silly fetch manifest @radix-ui/react-use-layout-effect@1.1.1
155 silly packumentCache full:https://registry.npmjs.org/@radix-ui%2freact-use-layout-effect cache-miss
156 http fetch GET 200 https://registry.npmjs.org/@radix-ui%2fprimitive 26ms (cache hit)
157 silly packumentCache full:https://registry.npmjs.org/@radix-ui%2fprimitive set size:107652 disposed:false
158 silly fetch manifest aria-hidden@^1.2.4
159 silly packumentCache full:https://registry.npmjs.org/aria-hidden cache-miss
160 http fetch GET 200 https://registry.npmjs.org/@radix-ui%2freact-id 27ms (cache hit)
161 silly packumentCache full:https://registry.npmjs.org/@radix-ui%2freact-id set size:325522 disposed:false
162 silly fetch manifest react-remove-scroll@^2.6.3
163 silly packumentCache full:https://registry.npmjs.org/react-remove-scroll cache-miss
164 http fetch GET 200 https://registry.npmjs.org/@radix-ui%2freact-collapsible 31ms (cache hit)
165 silly packumentCache full:https://registry.npmjs.org/@radix-ui%2freact-collapsible set size:726444 disposed:false
166 silly fetch manifest @radix-ui/react-compose-refs@1.1.2
167 silly packumentCache full:https://registry.npmjs.org/@radix-ui%2freact-compose-refs cache-miss
168 http fetch GET 200 https://registry.npmjs.org/@radix-ui%2freact-compose-refs 33ms (cache hit)
169 silly packumentCache full:https://registry.npmjs.org/@radix-ui%2freact-compose-refs set size:219541 disposed:false
170 silly fetch manifest @radix-ui/react-context@1.1.2
171 silly packumentCache full:https://registry.npmjs.org/@radix-ui%2freact-context cache-miss
172 http fetch GET 200 https://registry.npmjs.org/@radix-ui%2freact-context 35ms (cache hit)
173 silly packumentCache full:https://registry.npmjs.org/@radix-ui%2freact-context set size:233531 disposed:false
174 silly fetch manifest @radix-ui/react-dismissable-layer@1.1.10
175 silly packumentCache full:https://registry.npmjs.org/@radix-ui%2freact-dismissable-layer cache-miss
176 http fetch GET 200 https://registry.npmjs.org/@radix-ui%2freact-collection 38ms (cache hit)
177 silly packumentCache full:https://registry.npmjs.org/@radix-ui%2freact-collection set size:581621 disposed:false
178 silly fetch manifest @radix-ui/react-focus-guards@1.1.2
179 silly packumentCache full:https://registry.npmjs.org/@radix-ui%2freact-focus-guards cache-miss
180 http fetch GET 200 https://registry.npmjs.org/@radix-ui%2freact-use-controllable-state 40ms (cache hit)
181 silly packumentCache full:https://registry.npmjs.org/@radix-ui%2freact-use-controllable-state set size:296197 disposed:false
182 silly fetch manifest @radix-ui/react-focus-scope@1.1.7
183 silly packumentCache full:https://registry.npmjs.org/@radix-ui%2freact-focus-scope cache-miss
184 http fetch GET 200 https://registry.npmjs.org/@radix-ui%2freact-direction 43ms (cache hit)
185 silly packumentCache full:https://registry.npmjs.org/@radix-ui%2freact-direction set size:197211 disposed:false
186 silly fetch manifest @radix-ui/react-portal@1.1.9
187 silly packumentCache full:https://registry.npmjs.org/@radix-ui%2freact-portal cache-miss
188 http fetch GET 200 https://registry.npmjs.org/@radix-ui%2freact-primitive 44ms (cache hit)
189 silly packumentCache full:https://registry.npmjs.org/@radix-ui%2freact-primitive set size:557642 disposed:false
190 silly fetch manifest @radix-ui/react-presence@1.1.4
191 silly packumentCache full:https://registry.npmjs.org/@radix-ui%2freact-presence cache-miss
192 http fetch GET 200 https://registry.npmjs.org/@radix-ui%2freact-primitive 47ms (cache hit)
193 silly packumentCache full:https://registry.npmjs.org/@radix-ui%2freact-primitive set size:557642 disposed:false
194 silly packumentCache full:https://registry.npmjs.org/@radix-ui%2freact-primitive dispose
195 silly fetch manifest @radix-ui/react-slot@1.2.3
196 silly packumentCache full:https://registry.npmjs.org/@radix-ui%2freact-slot cache-hit
197 silly fetch manifest @radix-ui/react-presence@1.1.4
198 silly packumentCache full:https://registry.npmjs.org/@radix-ui%2freact-presence cache-miss
199 http fetch GET 200 https://registry.npmjs.org/@radix-ui%2freact-use-callback-ref 51ms (cache hit)
200 silly packumentCache full:https://registry.npmjs.org/@radix-ui%2freact-use-callback-ref set size:213102 disposed:false
201 silly fetch manifest @radix-ui/react-roving-focus@1.1.10
202 silly packumentCache full:https://registry.npmjs.org/@radix-ui%2freact-roving-focus cache-miss
203 http fetch GET 200 https://registry.npmjs.org/@radix-ui%2freact-primitive 53ms (cache hit)
204 silly packumentCache full:https://registry.npmjs.org/@radix-ui%2freact-primitive set size:557642 disposed:true
205 silly packumentCache full:https://registry.npmjs.org/@radix-ui%2freact-primitive dispose
206 silly fetch manifest @radix-ui/react-use-previous@1.1.1
207 silly packumentCache full:https://registry.npmjs.org/@radix-ui%2freact-use-previous cache-miss
208 http fetch GET 200 https://registry.npmjs.org/@radix-ui%2freact-use-is-hydrated 55ms (cache hit)
209 silly packumentCache full:https://registry.npmjs.org/@radix-ui%2freact-use-is-hydrated set size:9242 disposed:false
210 silly fetch manifest @radix-ui/react-use-size@1.1.1
211 silly packumentCache full:https://registry.npmjs.org/@radix-ui%2freact-use-size cache-miss
212 http fetch GET 200 https://registry.npmjs.org/@radix-ui%2freact-context 57ms (cache hit)
213 silly packumentCache full:https://registry.npmjs.org/@radix-ui%2freact-context set size:233531 disposed:false
214 silly packumentCache full:https://registry.npmjs.org/@radix-ui%2freact-context dispose
215 silly fetch manifest @radix-ui/react-use-previous@1.1.1
216 silly packumentCache full:https://registry.npmjs.org/@radix-ui%2freact-use-previous cache-miss
217 http fetch GET 200 https://registry.npmjs.org/@radix-ui%2freact-use-layout-effect 58ms (cache hit)
218 silly packumentCache full:https://registry.npmjs.org/@radix-ui%2freact-use-layout-effect set size:213505 disposed:false
219 silly fetch manifest @radix-ui/react-use-size@1.1.1
220 silly packumentCache full:https://registry.npmjs.org/@radix-ui%2freact-use-size cache-miss
221 http fetch GET 200 https://registry.npmjs.org/react-remove-scroll 49ms (cache hit)
222 silly packumentCache full:https://registry.npmjs.org/react-remove-scroll set size:143940 disposed:false
223 silly fetch manifest @radix-ui/react-dismissable-layer@1.1.10
224 silly packumentCache full:https://registry.npmjs.org/@radix-ui%2freact-dismissable-layer cache-miss
225 http fetch GET 200 https://registry.npmjs.org/aria-hidden 54ms (cache hit)
226 silly packumentCache full:https://registry.npmjs.org/aria-hidden set size:40391 disposed:false
227 silly fetch manifest @radix-ui/react-portal@1.1.9
228 silly packumentCache full:https://registry.npmjs.org/@radix-ui%2freact-portal cache-miss
229 http fetch GET 200 https://registry.npmjs.org/@radix-ui%2freact-compose-refs 49ms (cache hit)
230 silly packumentCache full:https://registry.npmjs.org/@radix-ui%2freact-compose-refs set size:219541 disposed:false
231 silly packumentCache full:https://registry.npmjs.org/@radix-ui%2freact-compose-refs dispose
232 silly fetch manifest @radix-ui/react-presence@1.1.4
233 silly packumentCache full:https://registry.npmjs.org/@radix-ui%2freact-presence cache-miss
234 http fetch GET 200 https://registry.npmjs.org/@radix-ui%2freact-context 48ms (cache hit)
235 silly packumentCache full:https://registry.npmjs.org/@radix-ui%2freact-context set size:233531 disposed:true
236 silly packumentCache full:https://registry.npmjs.org/@radix-ui%2freact-context dispose
237 silly fetch manifest @radix-ui/react-visually-hidden@1.2.3
238 silly packumentCache full:https://registry.npmjs.org/@radix-ui%2freact-visually-hidden cache-miss
239 http fetch GET 200 https://registry.npmjs.org/@radix-ui%2freact-dismissable-layer 49ms (cache hit)
240 silly packumentCache full:https://registry.npmjs.org/@radix-ui%2freact-dismissable-layer set size:729274 disposed:false
241 silly fetch manifest clsx@^2.1.1
242 silly packumentCache full:https://registry.npmjs.org/clsx cache-hit
243 silly fetch manifest embla-carousel@8.6.0
244 silly packumentCache full:https://registry.npmjs.org/embla-carousel cache-miss
245 http fetch GET 200 https://registry.npmjs.org/@radix-ui%2freact-focus-scope 49ms (cache hit)
246 silly packumentCache full:https://registry.npmjs.org/@radix-ui%2freact-focus-scope set size:604451 disposed:false
247 silly fetch manifest embla-carousel-reactive-utils@8.6.0
248 silly packumentCache full:https://registry.npmjs.org/embla-carousel-reactive-utils cache-miss
249 http fetch GET 200 https://registry.npmjs.org/@radix-ui%2freact-portal 50ms (cache hit)
250 silly packumentCache full:https://registry.npmjs.org/@radix-ui%2freact-portal set size:629130 disposed:false
251 silly fetch manifest lodash@^4.17.21
252 silly packumentCache full:https://registry.npmjs.org/lodash cache-miss
253 http fetch GET 200 https://registry.npmjs.org/@radix-ui%2freact-presence 47ms (cache hit)
254 silly packumentCache full:https://registry.npmjs.org/@radix-ui%2freact-presence set size:390570 disposed:false
255 silly fetch manifest react-is@^18.3.1
256 silly packumentCache full:https://registry.npmjs.org/react-is cache-miss
257 http fetch GET 200 https://registry.npmjs.org/@radix-ui%2freact-presence 53ms (cache hit)
258 silly packumentCache full:https://registry.npmjs.org/@radix-ui%2freact-presence set size:390570 disposed:false
259 silly packumentCache full:https://registry.npmjs.org/@radix-ui%2freact-presence dispose
260 silly fetch manifest react-smooth@^4.0.4
261 silly packumentCache full:https://registry.npmjs.org/react-smooth cache-miss
262 http fetch GET 200 https://registry.npmjs.org/@radix-ui%2freact-focus-guards 64ms (cache hit)
263 silly packumentCache full:https://registry.npmjs.org/@radix-ui%2freact-focus-guards set size:228942 disposed:false
264 silly fetch manifest eventemitter3@^4.0.1
265 silly packumentCache full:https://registry.npmjs.org/eventemitter3 cache-miss
266 http fetch GET 200 https://registry.npmjs.org/@radix-ui%2freact-roving-focus 53ms (cache hit)
267 silly packumentCache full:https://registry.npmjs.org/@radix-ui%2freact-roving-focus set size:744478 disposed:false
268 silly fetch manifest recharts-scale@^0.4.4
269 silly packumentCache full:https://registry.npmjs.org/recharts-scale cache-miss
270 http fetch GET 200 https://registry.npmjs.org/@radix-ui%2freact-use-previous 57ms (cache hit)
271 silly packumentCache full:https://registry.npmjs.org/@radix-ui%2freact-use-previous set size:285722 disposed:false
272 silly fetch manifest tiny-invariant@^1.3.1
273 silly packumentCache full:https://registry.npmjs.org/tiny-invariant cache-miss
274 http fetch GET 200 https://registry.npmjs.org/@radix-ui%2freact-use-previous 58ms (cache hit)
275 silly packumentCache full:https://registry.npmjs.org/@radix-ui%2freact-use-previous set size:285722 disposed:false
276 silly packumentCache full:https://registry.npmjs.org/@radix-ui%2freact-use-previous dispose
277 silly fetch manifest victory-vendor@^36.6.8
278 silly packumentCache full:https://registry.npmjs.org/victory-vendor cache-miss
279 http fetch GET 200 https://registry.npmjs.org/@radix-ui%2freact-use-size 58ms (cache hit)
280 silly packumentCache full:https://registry.npmjs.org/@radix-ui%2freact-use-size set size:272227 disposed:false
281 http fetch GET 200 https://registry.npmjs.org/@radix-ui%2freact-use-size 64ms (cache hit)
282 silly packumentCache full:https://registry.npmjs.org/@radix-ui%2freact-use-size set size:272227 disposed:false
283 silly packumentCache full:https://registry.npmjs.org/@radix-ui%2freact-use-size dispose
284 http fetch GET 200 https://registry.npmjs.org/@radix-ui%2freact-portal 52ms (cache hit)
285 silly packumentCache full:https://registry.npmjs.org/@radix-ui%2freact-portal set size:629130 disposed:false
286 silly packumentCache full:https://registry.npmjs.org/@radix-ui%2freact-portal dispose
287 http fetch GET 200 https://registry.npmjs.org/@radix-ui%2freact-dismissable-layer 57ms (cache hit)
288 silly packumentCache full:https://registry.npmjs.org/@radix-ui%2freact-dismissable-layer set size:729274 disposed:false
289 silly packumentCache full:https://registry.npmjs.org/@radix-ui%2freact-dismissable-layer dispose
290 http fetch GET 200 https://registry.npmjs.org/@radix-ui%2freact-presence 58ms (cache hit)
291 silly packumentCache full:https://registry.npmjs.org/@radix-ui%2freact-presence set size:390570 disposed:true
292 silly packumentCache full:https://registry.npmjs.org/@radix-ui%2freact-presence dispose
293 http fetch GET 200 https://registry.npmjs.org/embla-carousel-reactive-utils 50ms (cache hit)
294 silly packumentCache full:https://registry.npmjs.org/embla-carousel-reactive-utils set size:114171 disposed:false
295 http fetch GET 200 https://registry.npmjs.org/@radix-ui%2freact-visually-hidden 60ms (cache hit)
296 silly packumentCache full:https://registry.npmjs.org/@radix-ui%2freact-visually-hidden set size:554928 disposed:false
297 http fetch GET 200 https://registry.npmjs.org/embla-carousel 59ms (cache hit)
298 silly packumentCache full:https://registry.npmjs.org/embla-carousel set size:827092 disposed:false
299 http fetch GET 200 https://registry.npmjs.org/lodash 56ms (cache hit)
300 silly packumentCache full:https://registry.npmjs.org/lodash set size:242399 disposed:false
301 http fetch GET 200 https://registry.npmjs.org/react-is 64ms (cache hit)
302 silly packumentCache full:https://registry.npmjs.org/react-is set size:4720817 disposed:false
303 http fetch GET 200 https://registry.npmjs.org/react-smooth 92ms (cache hit)
304 silly packumentCache full:https://registry.npmjs.org/react-smooth set size:197810 disposed:false
305 http fetch GET 200 https://registry.npmjs.org/recharts-scale 87ms (cache hit)
306 silly packumentCache full:https://registry.npmjs.org/recharts-scale set size:62529 disposed:false
307 http fetch GET 200 https://registry.npmjs.org/eventemitter3 92ms (cache hit)
308 silly packumentCache full:https://registry.npmjs.org/eventemitter3 set size:86060 disposed:false
309 http fetch GET 200 https://registry.npmjs.org/tiny-invariant 82ms (cache hit)
310 silly packumentCache full:https://registry.npmjs.org/tiny-invariant set size:98310 disposed:false
311 http fetch GET 200 https://registry.npmjs.org/victory-vendor 81ms (cache hit)
312 silly packumentCache full:https://registry.npmjs.org/victory-vendor set size:249608 disposed:false
313 silly fetch manifest react@^16.8 || ^17.0 || ^18.0 || ^19.0 || ^19.0.0-rc
314 silly packumentCache full:https://registry.npmjs.org/react cache-miss
315 http fetch GET 200 https://registry.npmjs.org/react 18ms (cache hit)
316 silly packumentCache full:https://registry.npmjs.org/react set size:5804529 disposed:false
317 silly fetch manifest react-dom@^16.8 || ^17.0 || ^18.0 || ^19.0 || ^19.0.0-rc
318 silly packumentCache full:https://registry.npmjs.org/react-dom cache-miss
319 http fetch GET 200 https://registry.npmjs.org/react-dom 14ms (cache hit)
320 silly packumentCache full:https://registry.npmjs.org/react-dom set size:7419666 disposed:false
321 silly placeDep ROOT @radix-ui/primitive@1.1.2 OK for: @radix-ui/react-accordion@1.2.11 want: 1.1.2
322 silly placeDep ROOT @radix-ui/react-collapsible@1.1.11 OK for: @radix-ui/react-accordion@1.2.11 want: 1.1.11
323 silly placeDep ROOT @radix-ui/react-collection@1.1.7 OK for: @radix-ui/react-accordion@1.2.11 want: 1.1.7
324 silly placeDep ROOT @radix-ui/react-compose-refs@1.1.2 OK for: @radix-ui/react-accordion@1.2.11 want: 1.1.2
325 silly placeDep ROOT @radix-ui/react-context@1.1.2 OK for: @radix-ui/react-accordion@1.2.11 want: 1.1.2
326 silly placeDep ROOT @radix-ui/react-direction@1.1.1 OK for: @radix-ui/react-accordion@1.2.11 want: 1.1.1
327 silly placeDep ROOT @radix-ui/react-id@1.1.1 OK for: @radix-ui/react-accordion@1.2.11 want: 1.1.1
328 silly placeDep ROOT @radix-ui/react-primitive@2.1.3 OK for: @radix-ui/react-accordion@1.2.11 want: 2.1.3
329 silly placeDep ROOT @radix-ui/react-use-controllable-state@1.2.2 OK for: @radix-ui/react-accordion@1.2.11 want: 1.2.2
330 silly fetch manifest @radix-ui/react-use-effect-event@0.0.2
331 silly packumentCache full:https://registry.npmjs.org/@radix-ui%2freact-use-effect-event cache-miss
332 http fetch GET 200 https://registry.npmjs.org/@radix-ui%2freact-use-effect-event 11ms (cache hit)
333 silly packumentCache full:https://registry.npmjs.org/@radix-ui%2freact-use-effect-event set size:23465 disposed:false
334 silly placeDep ROOT @radix-ui/react-use-callback-ref@1.1.1 OK for: @radix-ui/react-avatar@1.1.10 want: 1.1.1
335 silly placeDep ROOT @radix-ui/react-use-is-hydrated@0.1.0 OK for: @radix-ui/react-avatar@1.1.10 want: 0.1.0
336 silly placeDep ROOT @radix-ui/react-use-layout-effect@1.1.1 OK for: @radix-ui/react-avatar@1.1.10 want: 1.1.1
337 silly placeDep ROOT @radix-ui/react-presence@1.1.4 OK for: @radix-ui/react-collapsible@1.1.11 want: 1.1.4
338 silly placeDep ROOT @radix-ui/react-dismissable-layer@1.1.10 OK for: @radix-ui/react-dialog@1.1.14 want: 1.1.10
339 silly placeDep ROOT @radix-ui/react-focus-guards@1.1.2 OK for: @radix-ui/react-dialog@1.1.14 want: 1.1.2
340 silly placeDep ROOT @radix-ui/react-focus-scope@1.1.7 OK for: @radix-ui/react-dialog@1.1.14 want: 1.1.7
341 silly placeDep ROOT @radix-ui/react-portal@1.1.9 OK for: @radix-ui/react-dialog@1.1.14 want: 1.1.9
342 silly placeDep ROOT aria-hidden@1.2.6 OK for: @radix-ui/react-dialog@1.1.14 want: ^1.2.4
343 silly placeDep ROOT react-remove-scroll@2.7.1 OK for: @radix-ui/react-dialog@1.1.14 want: ^2.6.3
344 silly fetch manifest @radix-ui/react-use-escape-keydown@1.1.1
345 silly packumentCache full:https://registry.npmjs.org/@radix-ui%2freact-use-escape-keydown cache-miss
346 silly fetch manifest react-remove-scroll-bar@^2.3.7
347 silly packumentCache full:https://registry.npmjs.org/react-remove-scroll-bar cache-miss
348 silly fetch manifest react-style-singleton@^2.2.3
349 silly packumentCache full:https://registry.npmjs.org/react-style-singleton cache-miss
350 silly fetch manifest use-callback-ref@^1.3.3
351 silly packumentCache full:https://registry.npmjs.org/use-callback-ref cache-miss
352 silly fetch manifest use-sidecar@^1.1.3
353 silly packumentCache full:https://registry.npmjs.org/use-sidecar cache-miss
354 http fetch GET 200 https://registry.npmjs.org/use-callback-ref 6ms (cache hit)
355 silly packumentCache full:https://registry.npmjs.org/use-callback-ref set size:47599 disposed:false
356 http fetch GET 200 https://registry.npmjs.org/@radix-ui%2freact-use-escape-keydown 9ms (cache hit)
357 silly packumentCache full:https://registry.npmjs.org/@radix-ui%2freact-use-escape-keydown set size:278352 disposed:false
358 http fetch GET 200 https://registry.npmjs.org/react-style-singleton 10ms (cache hit)
359 silly packumentCache full:https://registry.npmjs.org/react-style-singleton set size:33682 disposed:false
360 http fetch GET 200 https://registry.npmjs.org/react-remove-scroll-bar 10ms (cache hit)
361 silly packumentCache full:https://registry.npmjs.org/react-remove-scroll-bar set size:66434 disposed:false
362 http fetch GET 200 https://registry.npmjs.org/use-sidecar 11ms (cache hit)
363 silly packumentCache full:https://registry.npmjs.org/use-sidecar set size:58998 disposed:false
364 silly placeDep ROOT @radix-ui/react-use-escape-keydown@1.1.1 OK for: @radix-ui/react-dismissable-layer@1.1.10 want: 1.1.1
365 silly placeDep ROOT @radix-ui/react-roving-focus@1.1.10 OK for: @radix-ui/react-radio-group@1.3.7 want: 1.1.10
366 silly placeDep ROOT @radix-ui/react-use-previous@1.1.1 OK for: @radix-ui/react-radio-group@1.3.7 want: 1.1.1
367 silly placeDep ROOT @radix-ui/react-use-size@1.1.1 OK for: @radix-ui/react-radio-group@1.3.7 want: 1.1.1
368 silly placeDep ROOT @radix-ui/react-visually-hidden@1.2.3 OK for: @radix-ui/react-toast@1.2.14 want: 1.2.3
369 silly placeDep ROOT @radix-ui/react-use-effect-event@0.0.2 OK for: @radix-ui/react-use-controllable-state@1.2.2 want: 0.0.2
370 silly placeDep ROOT embla-carousel@8.6.0 OK for: embla-carousel-react@8.6.0 want: 8.6.0
371 silly placeDep ROOT embla-carousel-reactive-utils@8.6.0 OK for: embla-carousel-react@8.6.0 want: 8.6.0
372 silly fetch manifest react@^16.8.0 || ^17.0.0 || ^18.0.0 || ^19.0.0 || ^19.0.0-rc
373 silly packumentCache full:https://registry.npmjs.org/react cache-miss
374 http fetch GET 200 https://registry.npmjs.org/react 15ms (cache hit)
375 silly packumentCache full:https://registry.npmjs.org/react set size:5804529 disposed:false
376 silly placeDep ROOT react-remove-scroll-bar@2.3.8 OK for: react-remove-scroll@2.7.1 want: ^2.3.7
377 silly placeDep ROOT react-style-singleton@2.2.3 OK for: react-remove-scroll@2.7.1 want: ^2.2.3
378 silly placeDep ROOT use-callback-ref@1.3.3 OK for: react-remove-scroll@2.7.1 want: ^1.3.3
379 silly placeDep ROOT use-sidecar@1.1.3 OK for: react-remove-scroll@2.7.1 want: ^1.1.3
380 silly fetch manifest react-style-singleton@^2.2.2
381 silly packumentCache full:https://registry.npmjs.org/react-style-singleton cache-hit
382 silly fetch manifest get-nonce@^1.0.0
383 silly packumentCache full:https://registry.npmjs.org/get-nonce cache-miss
384 silly fetch manifest detect-node-es@^1.1.0
385 silly packumentCache full:https://registry.npmjs.org/detect-node-es cache-miss
386 http fetch GET 200 https://registry.npmjs.org/get-nonce 6ms (cache hit)
387 silly packumentCache full:https://registry.npmjs.org/get-nonce set size:8902 disposed:false
388 http fetch GET 200 https://registry.npmjs.org/detect-node-es 6ms (cache hit)
389 silly packumentCache full:https://registry.npmjs.org/detect-node-es set size:6554 disposed:false
390 silly placeDep ROOT get-nonce@1.0.1 OK for: react-style-singleton@2.2.3 want: ^1.0.0
391 silly fetch manifest react@^16.0.0 || ^17.0.0 || ^18.0.0 || ^19.0.0
392 silly packumentCache full:https://registry.npmjs.org/react cache-miss
393 http fetch GET 200 https://registry.npmjs.org/react 13ms (cache hit)
394 silly packumentCache full:https://registry.npmjs.org/react set size:5804529 disposed:false
395 silly fetch manifest react-dom@^16.0.0 || ^17.0.0 || ^18.0.0 || ^19.0.0
396 silly packumentCache full:https://registry.npmjs.org/react-dom cache-miss
397 http fetch GET 200 https://registry.npmjs.org/react-dom 14ms (cache hit)
398 silly packumentCache full:https://registry.npmjs.org/react-dom set size:7419666 disposed:false
399 silly placeDep ROOT eventemitter3@4.0.7 OK for: recharts@2.15.4 want: ^4.0.1
400 silly placeDep ROOT lodash@4.17.21 OK for: recharts@2.15.4 want: ^4.17.21
401 silly placeDep ROOT react-is@18.3.1 OK for: recharts@2.15.4 want: ^18.3.1
402 silly placeDep ROOT react-smooth@4.0.4 OK for: recharts@2.15.4 want: ^4.0.4
403 silly placeDep ROOT recharts-scale@0.4.5 OK for: recharts@2.15.4 want: ^0.4.4
404 silly placeDep ROOT tiny-invariant@1.3.3 OK for: recharts@2.15.4 want: ^1.3.1
405 silly placeDep ROOT victory-vendor@36.9.2 OK for: recharts@2.15.4 want: ^36.6.8
406 silly fetch manifest fast-equals@^5.0.1
407 silly packumentCache full:https://registry.npmjs.org/fast-equals cache-miss
408 silly fetch manifest prop-types@^15.8.1
409 silly packumentCache full:https://registry.npmjs.org/prop-types cache-miss
410 silly fetch manifest react-transition-group@^4.4.5
411 silly packumentCache full:https://registry.npmjs.org/react-transition-group cache-miss
412 silly fetch manifest decimal.js-light@^2.4.1
413 silly packumentCache full:https://registry.npmjs.org/decimal.js-light cache-miss
414 silly fetch manifest d3-ease@^3.0.1
415 silly packumentCache full:https://registry.npmjs.org/d3-ease cache-miss
416 silly fetch manifest d3-time@^3.0.0
417 silly packumentCache full:https://registry.npmjs.org/d3-time cache-miss
418 silly fetch manifest d3-array@^3.1.6
419 silly packumentCache full:https://registry.npmjs.org/d3-array cache-miss
420 silly fetch manifest d3-scale@^4.0.2
421 silly packumentCache full:https://registry.npmjs.org/d3-scale cache-miss
422 silly fetch manifest d3-shape@^3.1.0
423 silly packumentCache full:https://registry.npmjs.org/d3-shape cache-miss
424 silly fetch manifest d3-timer@^3.0.1
425 silly packumentCache full:https://registry.npmjs.org/d3-timer cache-miss
426 silly fetch manifest @types/d3-ease@^3.0.0
427 silly packumentCache full:https://registry.npmjs.org/@types%2fd3-ease cache-miss
428 silly fetch manifest @types/d3-time@^3.0.0
429 silly packumentCache full:https://registry.npmjs.org/@types%2fd3-time cache-miss
430 silly fetch manifest d3-interpolate@^3.0.1
431 silly packumentCache full:https://registry.npmjs.org/d3-interpolate cache-miss
432 silly fetch manifest @types/d3-array@^3.0.3
433 silly packumentCache full:https://registry.npmjs.org/@types%2fd3-array cache-miss
434 silly fetch manifest @types/d3-scale@^4.0.2
435 silly packumentCache full:https://registry.npmjs.org/@types%2fd3-scale cache-miss
436 http fetch GET 200 https://registry.npmjs.org/react-transition-group 24ms (cache hit)
437 silly packumentCache full:https://registry.npmjs.org/react-transition-group set size:110654 disposed:false
438 silly fetch manifest @types/d3-shape@^3.1.0
439 silly packumentCache full:https://registry.npmjs.org/@types%2fd3-shape cache-miss
440 http fetch GET 200 https://registry.npmjs.org/prop-types 25ms (cache hit)
441 silly packumentCache full:https://registry.npmjs.org/prop-types set size:76747 disposed:false
442 silly fetch manifest @types/d3-timer@^3.0.0
443 silly packumentCache full:https://registry.npmjs.org/@types%2fd3-timer cache-miss
444 http fetch GET 200 https://registry.npmjs.org/fast-equals 28ms (cache hit)
445 silly packumentCache full:https://registry.npmjs.org/fast-equals set size:273495 disposed:false
446 silly fetch manifest @types/d3-interpolate@^3.0.1
447 silly packumentCache full:https://registry.npmjs.org/@types%2fd3-interpolate cache-miss
448 http fetch GET 200 https://registry.npmjs.org/decimal.js-light 29ms (cache hit)
449 silly packumentCache full:https://registry.npmjs.org/decimal.js-light set size:38254 disposed:false
450 http fetch GET 200 https://registry.npmjs.org/d3-ease 29ms (cache hit)
451 silly packumentCache full:https://registry.npmjs.org/d3-ease set size:109490 disposed:false
452 http fetch GET 200 https://registry.npmjs.org/d3-time 30ms (cache hit)
453 silly packumentCache full:https://registry.npmjs.org/d3-time set size:150406 disposed:false
454 http fetch GET 200 https://registry.npmjs.org/@types%2fd3-time 30ms (cache hit)
455 silly packumentCache full:https://registry.npmjs.org/@types%2fd3-time set size:52636 disposed:false
456 http fetch GET 200 https://registry.npmjs.org/d3-shape 32ms (cache hit)
457 silly packumentCache full:https://registry.npmjs.org/d3-shape set size:275657 disposed:false
458 http fetch GET 200 https://registry.npmjs.org/d3-scale 35ms (cache hit)
459 silly packumentCache full:https://registry.npmjs.org/d3-scale set size:514172 disposed:false
460 http fetch GET 200 https://registry.npmjs.org/d3-timer 37ms (cache hit)
461 silly packumentCache full:https://registry.npmjs.org/d3-timer set size:101516 disposed:false
462 http fetch GET 200 https://registry.npmjs.org/d3-array 39ms (cache hit)
463 silly packumentCache full:https://registry.npmjs.org/d3-array set size:246308 disposed:false
464 http fetch GET 200 https://registry.npmjs.org/d3-interpolate 40ms (cache hit)
465 silly packumentCache full:https://registry.npmjs.org/d3-interpolate set size:162337 disposed:false
466 http fetch GET 200 https://registry.npmjs.org/@types%2fd3-ease 41ms (cache hit)
467 silly packumentCache full:https://registry.npmjs.org/@types%2fd3-ease set size:41265 disposed:false
468 http fetch GET 200 https://registry.npmjs.org/@types%2fd3-scale 41ms (cache hit)
469 silly packumentCache full:https://registry.npmjs.org/@types%2fd3-scale set size:131160 disposed:false
470 http fetch GET 200 https://registry.npmjs.org/@types%2fd3-array 43ms (cache hit)
471 silly packumentCache full:https://registry.npmjs.org/@types%2fd3-array set size:126609 disposed:false
472 http fetch GET 200 https://registry.npmjs.org/@types%2fd3-interpolate 20ms (cache hit)
473 silly packumentCache full:https://registry.npmjs.org/@types%2fd3-interpolate set size:56676 disposed:false
474 http fetch GET 200 https://registry.npmjs.org/@types%2fd3-shape 25ms (cache hit)
475 silly packumentCache full:https://registry.npmjs.org/@types%2fd3-shape set size:113845 disposed:false
476 http fetch GET 200 https://registry.npmjs.org/@types%2fd3-timer 26ms (cache hit)
477 silly packumentCache full:https://registry.npmjs.org/@types%2fd3-timer set size:38760 disposed:false
478 silly fetch manifest react@^16.8.0 || ^17.0.0 || ^18.0.0 || ^19.0.0
479 silly packumentCache full:https://registry.npmjs.org/react cache-miss
480 http fetch GET 200 https://registry.npmjs.org/react 12ms (cache hit)
481 silly packumentCache full:https://registry.npmjs.org/react set size:5804529 disposed:false
482 silly fetch manifest react-dom@^16.8.0 || ^17.0.0 || ^18.0.0 || ^19.0.0
483 silly packumentCache full:https://registry.npmjs.org/react-dom cache-miss
484 http fetch GET 200 https://registry.npmjs.org/react-dom 14ms (cache hit)
485 silly packumentCache full:https://registry.npmjs.org/react-dom set size:7419666 disposed:false
486 silly placeDep ROOT fast-equals@5.2.2 OK for: react-smooth@4.0.4 want: ^5.0.1
487 silly placeDep ROOT prop-types@15.8.1 OK for: react-smooth@4.0.4 want: ^15.8.1
488 silly placeDep ROOT react-transition-group@4.4.5 OK for: react-smooth@4.0.4 want: ^4.4.5
489 silly fetch manifest object-assign@^4.1.1
490 silly packumentCache full:https://registry.npmjs.org/object-assign cache-miss
491 silly fetch manifest react-is@^16.13.1
492 silly packumentCache full:https://registry.npmjs.org/react-is cache-miss
493 silly fetch manifest dom-helpers@^5.0.1
494 silly packumentCache full:https://registry.npmjs.org/dom-helpers cache-miss
495 http fetch GET 200 https://registry.npmjs.org/object-assign 6ms (cache hit)
496 silly packumentCache full:https://registry.npmjs.org/object-assign set size:28988 disposed:false
497 http fetch GET 200 https://registry.npmjs.org/dom-helpers 8ms (cache hit)
498 silly packumentCache full:https://registry.npmjs.org/dom-helpers set size:76331 disposed:false
499 http fetch GET 200 https://registry.npmjs.org/react-is 14ms (cache hit)
500 silly packumentCache full:https://registry.npmjs.org/react-is set size:4720817 disposed:false
501 silly placeDep ROOT object-assign@4.1.1 OK for: prop-types@15.8.1 want: ^4.1.1
502 silly placeDep node_modules/prop-types react-is@16.13.1 OK for: prop-types@15.8.1 want: ^16.13.1
503 silly placeDep ROOT dom-helpers@5.2.1 OK for: react-transition-group@4.4.5 want: ^5.0.1
504 silly fetch manifest csstype@^3.0.2
505 silly packumentCache full:https://registry.npmjs.org/csstype cache-miss
506 http fetch GET 200 https://registry.npmjs.org/csstype 6ms (cache hit)
507 silly packumentCache full:https://registry.npmjs.org/csstype set size:371760 disposed:false
508 silly placeDep ROOT csstype@3.1.3 OK for: dom-helpers@5.2.1 want: ^3.0.2
509 silly placeDep ROOT decimal.js-light@2.5.1 OK for: recharts-scale@0.4.5 want: ^2.4.1
510 silly placeDep ROOT detect-node-es@1.1.0 OK for: use-sidecar@1.1.3 want: ^1.1.0
511 silly placeDep ROOT @types/d3-array@3.2.1 OK for: victory-vendor@36.9.2 want: ^3.0.3
512 silly placeDep ROOT @types/d3-ease@3.0.2 OK for: victory-vendor@36.9.2 want: ^3.0.0
513 silly placeDep ROOT @types/d3-interpolate@3.0.4 OK for: victory-vendor@36.9.2 want: ^3.0.1
514 silly placeDep ROOT @types/d3-scale@4.0.9 OK for: victory-vendor@36.9.2 want: ^4.0.2
515 silly placeDep ROOT @types/d3-shape@3.1.7 OK for: victory-vendor@36.9.2 want: ^3.1.0
516 silly placeDep ROOT @types/d3-time@3.0.4 OK for: victory-vendor@36.9.2 want: ^3.0.0
517 silly placeDep ROOT @types/d3-timer@3.0.2 OK for: victory-vendor@36.9.2 want: ^3.0.0
518 silly placeDep ROOT d3-array@3.2.4 OK for: victory-vendor@36.9.2 want: ^3.1.6
519 silly placeDep ROOT d3-ease@3.0.1 OK for: victory-vendor@36.9.2 want: ^3.0.1
520 silly placeDep ROOT d3-interpolate@3.0.1 OK for: victory-vendor@36.9.2 want: ^3.0.1
521 silly placeDep ROOT d3-scale@4.0.2 OK for: victory-vendor@36.9.2 want: ^4.0.2
522 silly placeDep ROOT d3-shape@3.2.0 OK for: victory-vendor@36.9.2 want: ^3.1.0
523 silly placeDep ROOT d3-time@3.1.0 OK for: victory-vendor@36.9.2 want: ^3.0.0
524 silly placeDep ROOT d3-timer@3.0.1 OK for: victory-vendor@36.9.2 want: ^3.0.1
525 silly fetch manifest @types/d3-color@*
526 silly packumentCache full:https://registry.npmjs.org/@types%2fd3-color cache-miss
527 silly fetch manifest @types/d3-time@*
528 silly packumentCache full:https://registry.npmjs.org/@types%2fd3-time cache-hit
529 silly fetch manifest @types/d3-path@*
530 silly packumentCache full:https://registry.npmjs.org/@types%2fd3-path cache-miss
531 silly fetch manifest internmap@1 - 2
532 silly packumentCache full:https://registry.npmjs.org/internmap cache-miss
533 silly fetch manifest d3-color@1 - 3
534 silly packumentCache full:https://registry.npmjs.org/d3-color cache-miss
535 silly fetch manifest d3-format@1 - 3
536 silly packumentCache full:https://registry.npmjs.org/d3-format cache-miss
537 silly fetch manifest d3-time@2.1.1 - 3
538 silly packumentCache full:https://registry.npmjs.org/d3-time cache-hit
539 silly fetch manifest d3-time-format@2 - 4
540 silly packumentCache full:https://registry.npmjs.org/d3-time-format cache-miss
541 silly fetch manifest d3-path@^3.1.0
542 silly packumentCache full:https://registry.npmjs.org/d3-path cache-miss
543 http fetch GET 200 https://registry.npmjs.org/internmap 9ms (cache hit)
544 silly packumentCache full:https://registry.npmjs.org/internmap set size:19637 disposed:false
545 http fetch GET 200 https://registry.npmjs.org/@types%2fd3-color 10ms (cache hit)
546 silly packumentCache full:https://registry.npmjs.org/@types%2fd3-color set size:69982 disposed:false
547 http fetch GET 200 https://registry.npmjs.org/@types%2fd3-path 11ms (cache hit)
548 silly packumentCache full:https://registry.npmjs.org/@types%2fd3-path set size:41252 disposed:false
549 http fetch GET 200 https://registry.npmjs.org/d3-time-format 11ms (cache hit)
550 silly packumentCache full:https://registry.npmjs.org/d3-time-format set size:124514 disposed:false
551 http fetch GET 200 https://registry.npmjs.org/d3-color 13ms (cache hit)
552 silly packumentCache full:https://registry.npmjs.org/d3-color set size:142335 disposed:false
553 http fetch GET 200 https://registry.npmjs.org/d3-path 15ms (cache hit)
554 silly packumentCache full:https://registry.npmjs.org/d3-path set size:77883 disposed:false
555 http fetch GET 200 https://registry.npmjs.org/d3-format 16ms (cache hit)
556 silly packumentCache full:https://registry.npmjs.org/d3-format set size:152342 disposed:false
557 silly placeDep ROOT @types/d3-color@3.1.3 OK for: @types/d3-interpolate@3.0.4 want: *
558 silly placeDep ROOT @types/d3-path@3.1.1 OK for: @types/d3-shape@3.1.7 want: *
559 silly placeDep ROOT internmap@2.0.3 OK for: d3-array@3.2.4 want: 1 - 2
560 silly placeDep ROOT d3-color@3.1.0 OK for: d3-interpolate@3.0.1 want: 1 - 3
561 silly placeDep ROOT d3-format@3.1.0 OK for: d3-scale@4.0.2 want: 1 - 3
562 silly placeDep ROOT d3-time-format@4.1.0 OK for: d3-scale@4.0.2 want: 2 - 4
563 silly placeDep ROOT d3-path@3.1.0 OK for: d3-shape@3.2.0 want: ^3.1.0
564 verbose type range
565 verbose stack react-day-picker: No matching version found for react-day-picker@^10.8.0.
565 verbose stack     at module.exports (C:\Users\BHUWAN\AppData\Roaming\npm\node_modules\npm\node_modules\npm-pick-manifest\lib\index.js:215:23)
565 verbose stack     at RegistryFetcher.manifest (C:\Users\BHUWAN\AppData\Roaming\npm\node_modules\npm\node_modules\pacote\lib\registry.js:130:54)
565 verbose stack     at async #fetchManifest (C:\Users\BHUWAN\AppData\Roaming\npm\node_modules\npm\node_modules\@npmcli\arborist\lib\arborist\build-ideal-tree.js:1202:20)
565 verbose stack     at async #nodeFromEdge (C:\Users\BHUWAN\AppData\Roaming\npm\node_modules\npm\node_modules\@npmcli\arborist\lib\arborist\build-ideal-tree.js:1040:19)
565 verbose stack     at async #buildDepStep (C:\Users\BHUWAN\AppData\Roaming\npm\node_modules\npm\node_modules\@npmcli\arborist\lib\arborist\build-ideal-tree.js:904:11)
565 verbose stack     at async Arborist.buildIdealTree (C:\Users\BHUWAN\AppData\Roaming\npm\node_modules\npm\node_modules\@npmcli\arborist\lib\arborist\build-ideal-tree.js:181:7)
565 verbose stack     at async Promise.all (index 1)
565 verbose stack     at async Arborist.reify (C:\Users\BHUWAN\AppData\Roaming\npm\node_modules\npm\node_modules\@npmcli\arborist\lib\arborist\reify.js:131:5)
565 verbose stack     at async Install.exec (C:\Users\BHUWAN\AppData\Roaming\npm\node_modules\npm\lib\commands\install.js:150:5)
565 verbose stack     at async Npm.exec (C:\Users\BHUWAN\AppData\Roaming\npm\node_modules\npm\lib\npm.js:207:9)
566 error code ETARGET
567 error notarget No matching version found for react-day-picker@^10.8.0.
568 error notarget In most cases you or one of your dependencies are requesting
568 error notarget a package version that doesn't exist.
569 silly unfinished npm timer reify 1751018200992
570 silly unfinished npm timer reify:loadTrees 1751018200993
571 verbose cwd C:\Users\BHUWAN\OneDrive\Desktop\JATINPAGE\ProductPulse-1\client
572 verbose os Windows_NT 10.0.26120
573 verbose node v22.16.0
574 verbose npm  v10.9.0
575 verbose exit 1
576 verbose code 1
577 error A complete log of this run can be found in: C:\Users\BHUWAN\OneDrive\Desktop\JATINPAGE\ProductPulse-1\client\UsersBHUWANAppDataLocalnpm-cache\_logs\2025-06-27T09_56_40_504Z-debug-0.log
