0 verbose cli C:\Program Files\nodejs\node.exe C:\Users\BHUWAN\AppData\Roaming\npm\node_modules\npm\bin\npm-cli.js
1 info using npm@10.9.0
2 info using node@v22.16.0
3 silly config load:file:C:\Users\BHUWAN\AppData\Roaming\npm\node_modules\npm\npmrc
4 silly config load:file:c:\Users\BHUWAN\OneDrive\Desktop\JATINPAGE\ProductPulse-1\client\.npmrc
5 silly config load:file:C:\Users\BHUWAN\.npmrc
6 silly config load:file:C:\Users\BHUWAN\AppData\Roaming\npm\etc\npmrc
7 verbose title npm view @radix-ui/react-label description dist-tags.latest homepage version time
8 verbose argv "view" "--json" "--" "@radix-ui/react-label" "description" "dist-tags.latest" "homepage" "version" "time"
9 verbose logfile logs-max:10 dir:C:\Users\BHUWAN\OneDrive\Desktop\JATINPAGE\ProductPulse-1\client\UsersBHUWANAppDataLocalnpm-cache\_logs\2025-07-03T17_38_52_979Z-
10 verbose logfile C:\Users\BHUWAN\OneDrive\Desktop\JATINPAGE\ProductPulse-1\client\UsersBHUWANAppDataLocalnpm-cache\_logs\2025-07-03T17_38_52_979Z-debug-0.log
11 silly logfile start cleaning logs, removing 1 files
12 silly logfile done cleaning log files
13 http fetch GET 200 https://registry.npmjs.org/@radix-ui%2freact-label 274ms (cache revalidated)
14 verbose cwd c:\Users\BHUWAN\OneDrive\Desktop\JATINPAGE\ProductPulse-1\client
15 verbose os Windows_NT 10.0.26120
16 verbose node v22.16.0
17 verbose npm  v10.9.0
18 verbose exit 0
19 info ok
